 (27.880+0.000j)
 (4.407-17.493j)
 (-18.775-75.284j)
 (22.624-118.748j)
 (12.310-25.338j)
 (3.105+5.605j)
 (-22.896+86.764j)
 (-43.949-23.792j)
 (78.094-64.688j)
 (-25.761+32.434j)
 (4.775+19.382j)
 (34.909+25.721j)
 (-37.231+21.194j)
 (-0.003-18.325j)
 (77.841+14.142j)
 (10.140+108.895j)
 (-97.486+31.394j)
 (-9.870+9.255j)
 (46.796-35.016j)
 (-19.959-1.354j)
 (52.976-55.413j)
 (-17.510-22.549j)
 (-25.841+48.493j)
 (-21.045+21.559j)
 (56.058-37.533j)
 (-14.232-39.542j)
 (-19.763-35.783j)
 (32.054-116.648j)
 (21.574-1.578j)
 (42.999-20.501j)
 (18.297+4.608j)
 (23.592+20.036j)
 (13.987+50.509j)
 (-64.181+66.169j)
 (-30.202-22.587j)
 (75.876+25.352j)
 (-13.358+4.534j)
 (-33.836+39.772j)
 (-36.869+59.445j)
 (34.912-26.650j)
 (14.710-10.881j)
 (61.959+56.732j)
 (4.056-22.412j)
 (11.907+20.704j)
 (-40.186-19.186j)
 (-7.382+38.797j)
 (41.223-10.320j)
 (10.332+9.398j)
 (7.557+30.489j)
 (-8.929-13.725j)
 (-38.087+0.765j)
 (2.713+7.155j)
 (7.177-16.558j)
 (43.968+92.964j)
 (-23.075-25.534j)
 (-22.397+19.181j)
 (79.606+68.954j)
 (4.121+28.362j)
 (55.097-12.489j)
 (-41.801-3.656j)
 (-15.863+51.718j)
 (2.136+34.245j)
 (23.872+0.268j)
 (27.597+55.813j)
 (34.465+22.817j)
 (-66.827-17.073j)
 (59.878-32.054j)
 (-1.434+49.488j)
 (27.495+4.842j)
 (3.593-1.982j)
 (-53.753-15.797j)
 (3.396-15.500j)
 (-59.151+31.911j)
 (12.968-13.300j)
 (24.569-25.920j)
 (-13.040-49.848j)
 (-4.676-4.519j)
 (-1.777+1.078j)
 (28.152-39.975j)
 (9.683-136.271j)
 (33.095-48.403j)
 (-7.274-6.481j)
 (-1.607+99.803j)
 (-41.368+34.331j)
 (70.174+57.883j)
 (0.032-42.134j)
 (-7.820-15.117j)
 (2.229+13.956j)
 (91.911-35.461j)
 (-30.288-31.759j)
 (-3.642-28.960j)
 (10.126+13.628j)
 (1.547+2.455j)
 (18.761+31.016j)
 (26.074-13.015j)
 (9.543+75.413j)
 (6.222+33.564j)
 (60.709-5.136j)
 (-13.216-5.143j)
 (-55.723-32.770j)
 (-26.504+73.014j)
 (-21.026-28.823j)
 (38.758-44.168j)
 (22.446+42.437j)
 (-12.015-5.954j)
 (2.300-54.256j)
 (27.781+3.867j)
 (-36.024+5.593j)
 (-84.411-38.906j)
 (-66.720+69.671j)
 (7.254+19.768j)
 (15.458+11.490j)
 (34.698-41.900j)
 (-27.146+84.102j)
 (29.684-26.610j)
 (88.451+34.252j)
 (3.541+15.508j)
 (18.975+88.339j)
 (30.871+79.303j)
 (26.073-6.537j)
 (-138.149-6.264j)
 (-34.973-29.063j)
 (79.123-16.472j)
 (7.462+1.647j)
 (72.617+33.483j)
 (22.288+35.194j)
 (-36.603+60.333j)
 (-4.072+18.122j)
 (63.736-5.474j)
 (-32.133-0.687j)
 (15.612+3.275j)
 (-90.032+41.840j)
 (2.221-40.260j)
 (-13.804+82.689j)
 (38.866+23.693j)
 (24.164+85.751j)
 (-18.877-22.042j)
 (51.525-19.221j)
 (75.438-4.640j)
 (37.319+28.831j)
 (-30.793+8.848j)
 (-6.186+6.250j)
 (-31.029+94.067j)
 (41.523+26.960j)
 (-91.983-5.399j)
 (23.566+13.663j)
 (-31.233+58.459j)
 (67.421+45.370j)
 (17.273+22.450j)
 (-25.869+1.833j)
 (-4.139-8.499j)
 (78.668-1.007j)
 (-70.497-5.252j)
 (-3.119-7.444j)
 (3.054-16.384j)
 (-40.370-25.571j)
 (33.768+0.317j)
 (-31.567-18.223j)
 (-23.283-12.785j)
 (-21.589-52.175j)
 (0.133+63.989j)
 (79.008-75.591j)
 (49.460-51.867j)
 (-27.116-30.519j)
 (16.959+48.902j)
 (-8.627+53.548j)
 (-36.610+72.395j)
 (40.969-49.597j)
 (-22.491-52.228j)
 (-16.006-0.733j)
 (-54.965+32.235j)
 (8.870-14.773j)
 (13.682-47.988j)
 (61.750-22.477j)
 (34.063+0.297j)
 (61.387+97.273j)
 (53.498-20.190j)
 (50.528-31.815j)
 (-81.485-29.374j)
 (-24.888-11.858j)
 (22.762+22.208j)
 (68.572-11.303j)
 (-76.490+9.169j)
 (4.981+27.001j)
 (48.744-24.348j)
 (42.939+34.400j)
 (-10.018+2.280j)
 (-11.021-30.888j)
 (52.759+29.761j)
 (-32.333+10.037j)
 (-38.877+63.196j)
 (-22.271-14.783j)
 (13.734+2.760j)
 (57.010+18.133j)
 (-23.503+46.383j)
 (-23.506+11.217j)
 (11.656+28.151j)
 (-42.402-24.993j)
 (-108.035-52.318j)
 (-21.763-75.412j)
 (12.466-11.336j)
 (-26.705+76.094j)
 (-14.350-51.764j)
 (-55.919-2.612j)
 (-46.071+63.387j)
 (25.151-25.259j)
 (10.014+12.646j)
 (-73.971-11.386j)
 (55.008+15.609j)
 (42.500-20.760j)
 (-53.773-51.031j)
 (-23.570-89.983j)
 (-21.996-17.295j)
 (-51.349-105.946j)
 (-5.348+1.789j)
 (6.141-58.448j)
 (-6.627-63.815j)
 (-50.758+19.335j)
 (-6.201-87.063j)
 (26.751-43.066j)
 (-36.811+22.772j)
 (41.761-4.815j)
 (-55.345-41.589j)
 (-33.927+43.615j)
 (52.262+87.062j)
 (-1.010-97.583j)
 (-37.277-40.790j)
 (-31.616+27.586j)
 (16.796-8.267j)
 (-33.169+10.906j)
 (-29.192+20.012j)
 (-32.028+67.893j)
 (-16.124-63.164j)
 (72.403-42.823j)
 (6.119-21.856j)
 (-45.303-84.214j)
 (-17.854+35.123j)
 (4.347-13.804j)
 (60.445-15.428j)
 (41.774+4.927j)
 (13.264-32.425j)
 (-17.699-9.633j)
 (-5.041-25.701j)
 (-10.188+10.357j)
 (9.583+3.003j)
 (3.874-15.038j)
 (21.779+40.704j)
 (27.260-8.666j)
 (39.788+56.075j)
 (46.172+57.813j)
 (-14.132-36.317j)
 (-3.111+30.884j)
 (-28.479+21.406j)
 (41.557+0.200j)
 (-45.967+21.435j)
 (69.445-37.001j)
 (12.255-19.801j)
 (9.603+7.213j)
 (-76.719+50.441j)
 (45.525-38.087j)
 (17.087-12.680j)
 (18.822+36.855j)
 (-22.090-40.388j)
 (-4.614+5.158j)
 (77.519-32.758j)
 (21.290-25.373j)
 (-111.814-11.980j)
 (-34.503-22.749j)
 (-14.794+6.506j)
 (-17.309+13.116j)
 (57.287-56.541j)
 (-120.041-36.531j)
 (-20.827-0.623j)
 (-7.101+2.966j)
 (-9.947-4.380j)
 (41.929+28.349j)
 (-31.688+102.283j)
 (38.691+6.362j)
 (40.216+19.377j)
 (-4.307-7.791j)
 (37.277-16.933j)
 (-11.579-17.677j)
 (-1.007+13.699j)
 (46.144+3.246j)
 (-31.645-82.007j)
 (-28.947-2.582j)
 (59.705-16.270j)
 (20.857+39.052j)
 (-38.820+77.993j)
 (39.167+30.082j)
 (-22.892+8.553j)
 (-10.542-48.328j)
 (-9.132+38.858j)
 (-13.630+16.206j)
 (0.786-76.469j)
 (59.989-20.643j)
 (-17.328-65.997j)
 (69.669-29.044j)
 (-22.561+11.957j)
 (-33.957+74.100j)
 (-20.418+18.815j)
 (-37.536-19.458j)
 (-25.959+34.529j)
 (3.088+0.462j)
 (-1.936+55.336j)
 (68.939-25.347j)
 (73.014-6.718j)
 (-3.838+5.468j)
 (-50.428-37.010j)
 (-20.389+27.755j)
 (-8.862-39.770j)
 (15.976+2.239j)
 (32.642+27.779j)
 (-19.074-56.603j)
 (-70.686+5.064j)
 (-34.024+29.523j)
 (-13.517+60.456j)
 (25.172+61.771j)
 (-8.478+16.133j)
 (-24.760+9.734j)
 (44.076+14.349j)
 (34.205+9.270j)
 (-40.948+75.731j)
 (14.521-28.891j)
 (-53.836+44.276j)
 (-28.693-56.774j)
 (20.362-14.434j)
 (7.273+11.570j)
 (13.326+43.331j)
 (-38.899-20.621j)
 (-33.209-11.561j)
 (-34.796+52.378j)
 (-50.638-24.644j)
 (61.875+62.907j)
 (42.130+20.705j)
 (-33.387+17.253j)
 (-55.273+6.523j)
 (-7.823-3.220j)
 (-6.146-27.454j)
 (17.637-26.130j)
 (49.495-3.541j)
 (-80.797-52.294j)
 (-89.379+16.262j)
 (41.569+21.294j)
 (-76.236+64.933j)
 (-24.950+61.473j)
 (-67.708-26.219j)
 (-64.008+17.733j)
 (58.808+50.274j)
 (43.996-4.748j)
 (62.933+38.159j)
 (23.581-1.246j)
 (10.065-23.381j)
 (-58.775-1.045j)
 (54.256+3.154j)
 (-46.298-55.665j)
 (-30.712+42.250j)
 (29.749-47.768j)
 (-24.983-57.380j)
 (-44.097+84.942j)
 (80.430+25.859j)
 (-13.119+11.420j)
 (-14.948+41.256j)
 (-53.723+26.602j)
 (77.578-38.203j)
 (18.086+3.290j)
 (43.912-71.783j)
 (-50.372+45.915j)
 (20.332-0.914j)
 (19.006+13.388j)
 (44.707+4.904j)
 (18.328-90.057j)
 (-89.874-46.964j)
 (41.804+2.359j)
 (13.746-7.340j)
 (19.739-5.780j)
 (13.254+26.423j)
 (41.573+49.274j)
 (-32.317-69.146j)
 (42.226+30.456j)
 (-60.013+3.803j)
 (19.855-25.442j)
 (-12.143+90.193j)
 (51.941+20.783j)
 (35.384-40.194j)
 (-49.698-69.838j)
 (-14.539+1.350j)
 (57.715+78.321j)
 (-35.284-15.004j)
 (-1.340-38.951j)
 (-17.768+12.563j)
 (53.812+28.909j)
 (-32.070+46.612j)
 (28.900-58.128j)
 (58.902+43.037j)
 (53.726-20.228j)
 (19.170-5.386j)
 (38.684-22.291j)
 (13.525+15.565j)
 (18.859-1.272j)
 (-5.609-28.308j)
 (6.686+42.929j)
 (17.882+39.949j)
 (21.951-21.074j)
 (107.562-61.708j)
 (-22.746-22.866j)
 (-1.195+39.073j)
 (-91.904+7.116j)
 (-37.479+40.450j)
 (36.141-27.968j)
 (-44.783-67.112j)
 (-27.505-73.493j)
 (30.898-41.125j)
 (-45.864-36.148j)
 (61.696-51.232j)
 (-20.548+12.772j)
 (39.511+6.768j)
 (68.959-34.746j)
 (29.981-9.990j)
 (-37.288+46.069j)
 (-35.128+32.650j)
 (18.073+7.705j)
 (-5.414-13.453j)
 (27.653+38.492j)
 (0.093+53.939j)
 (-41.099-25.546j)
 (16.264+40.044j)
 (3.814+53.234j)
 (14.767+22.099j)
 (6.293-16.122j)
 (18.246-15.212j)
 (-20.404-57.917j)
 (-13.801+59.963j)
 (67.880+61.529j)
 (62.220+15.093j)
 (41.904-69.940j)
 (48.213+6.499j)
 (-58.347-7.642j)
 (-42.806-5.587j)
 (-14.441-36.066j)
 (-26.501+58.544j)
 (-24.477-3.238j)
 (23.790+11.545j)
 (1.089+32.671j)
 (-0.033-31.361j)
 (15.274-4.886j)
 (90.888+26.934j)
 (-20.377-13.603j)
 (-31.971-79.428j)
 (-8.790-27.404j)
 (-17.325+3.011j)
 (-28.494-41.441j)
 (59.591+30.199j)
 (-5.317+24.732j)
 (7.459-5.680j)
 (85.740+86.711j)
 (-25.532+124.426j)
 (-17.660+9.549j)
 (47.303-54.261j)
 (-12.620+19.548j)
 (-66.110-39.307j)
 (-58.050-10.561j)
 (5.980-14.968j)
 (-12.366+23.433j)
 (-5.794-57.117j)
 (6.036+73.110j)
 (82.378+10.116j)
 (58.691-42.517j)
 (24.680+59.472j)
 (16.764-29.515j)
 (40.941+10.607j)
 (-24.507-14.108j)
 (-36.266-7.052j)
 (-38.692+108.518j)
 (6.680+40.508j)
 (8.141+2.909j)
 (2.729-43.569j)
 (-2.612-65.280j)
 (-9.149+5.281j)
 (-15.601-6.758j)
 (3.750+21.146j)
 (-45.682-77.140j)
 (-2.548+28.899j)
 (-24.300-32.180j)
 (-61.225+59.202j)
 (19.753-36.114j)
 (-80.125-36.260j)
 (52.066+63.697j)
 (19.158+66.966j)
 (-47.658-27.746j)
 (-19.553-28.100j)
 (64.426-65.294j)
 (-27.730-20.802j)
 (32.618-39.227j)
 (15.550+28.277j)
 (-8.322-16.011j)
 (28.962+58.104j)
 (-39.882+24.076j)
 (-10.503-7.344j)
 (43.825+72.004j)
 (-27.110-12.677j)
 (11.221-24.979j)
 (-48.879-33.800j)
 (-0.315+14.117j)
 (-48.334-22.598j)
 (-86.800+48.243j)
 (-92.403+48.650j)
 (35.143-23.111j)
 (-29.713-42.422j)
 (-3.940-94.393j)
 (-0.010+14.512j)
 (-8.363+16.767j)
 (-0.751+4.772j)
 (46.128+28.883j)
 (12.406-36.863j)
 (55.383+41.113j)
 (-39.974+94.355j)
 (-57.753+63.043j)
 (-10.509+44.820j)
 (16.722+42.434j)
 (-33.081+18.201j)
 (13.725+2.285j)
 (4.929-0.631j)
 (37.801+43.542j)
 (25.665+9.463j)
 (-66.836-11.331j)
 (-23.657+4.079j)
 (1.920-72.890j)
 (-105.391+8.795j)
 (15.414-66.748j)
 (111.631+13.433j)
 (16.375+24.331j)
 (9.698-32.370j)
 (45.013+75.384j)
 (-28.466-44.731j)
 (-36.214-66.874j)
 (32.489+22.019j)
 (77.984-28.450j)
 (-17.587-25.705j)
 (52.713+30.161j)
 (-4.880+57.174j)
 (-58.893-2.048j)
 (9.010+26.659j)
 (7.781+13.190j)
 (-47.212-31.082j)
 (8.032-30.474j)
 (-12.855+10.513j)
 (35.134-25.430j)
 (-16.292-21.382j)
 (-50.366+23.291j)
 (12.646-49.018j)
 (-22.053+62.552j)
 (34.738+73.450j)
 (49.603+59.409j)
 (-72.668-43.818j)
 (28.364+12.426j)
 (-97.905+56.004j)
 (7.662-83.343j)
 (8.066-18.301j)
 (-58.606+33.288j)
 (60.426+67.764j)
 (-41.278-28.988j)
 (32.834+23.059j)
 (-28.567+72.181j)
 (1.079-23.569j)
 (-5.111-40.818j)
 (-65.710-25.276j)
 (-33.463+39.955j)
 (1.215+25.425j)
 (40.973+60.075j)
 (-39.436-5.126j)
 (-9.194+42.138j)
 (74.527-105.886j)
 (-10.007-17.834j)
 (-28.532-36.345j)
 (-2.327+90.823j)
 (1.340+43.597j)
 (49.646+17.655j)
 (38.604+19.303j)
 (49.630+60.878j)
 (-16.255-78.338j)
 (-15.735-6.663j)
 (25.419+16.668j)
 (15.754-11.434j)
 (-14.343-41.047j)
 (-31.753-25.527j)
 (-95.427-69.223j)
 (-0.684+17.129j)
 (-15.667-89.524j)
 (-12.560-43.113j)
 (-10.205-62.539j)
 (-66.285+110.170j)
 (46.093+17.875j)
 (64.981-55.422j)
 (13.614-42.381j)
 (9.961-13.767j)
 (69.802-42.717j)
 (27.303-57.955j)
 (-119.758+12.953j)
 (3.574-65.994j)
 (11.608-50.457j)
 (21.480-40.270j)
 (-20.569-35.826j)
 (-9.023+100.624j)
 (18.772+58.568j)
 (45.507-32.439j)
 (-62.610-39.261j)
 (-21.211+50.024j)
 (-10.746-2.907j)
 (10.868+14.651j)
 (-30.542+2.144j)
 (-7.091+55.578j)
 (65.617-6.878j)
 (-5.261-15.656j)
 (-8.230+4.471j)
 (-35.115-16.238j)
 (1.353-23.184j)
 (11.083+14.697j)
 (-54.281-44.825j)
 (50.843-48.227j)
 (102.039-27.752j)
 (-38.140-99.761j)
 (42.315+5.241j)
 (14.819-27.832j)
 (47.413+10.028j)
 (14.395-19.399j)
 (27.532+41.302j)
 (-44.988+7.710j)
 (-68.848-18.892j)
 (-50.810-12.801j)
 (81.539-2.627j)
 (-40.662+1.456j)
 (-42.413-15.084j)
 (63.261-5.402j)
 (-25.036+85.031j)
 (-5.734-42.077j)
 (-3.641+38.935j)
 (-27.120-112.705j)
 (-6.235-39.961j)
 (-57.868-12.603j)
 (27.223+38.170j)
 (-47.605+34.643j)
 (-66.018-24.306j)
 (-38.086+24.542j)
 (5.648-27.975j)
 (40.031-53.937j)
 (29.452+2.099j)
 (48.067+21.655j)
 (-74.440-9.271j)
 (37.936-19.434j)
 (62.431+40.156j)
 (-16.091+30.952j)
 (-55.884+3.737j)
 (-92.865+1.726j)
 (75.381-4.119j)
 (-15.749-9.041j)
 (92.556+24.371j)
 (1.419+83.182j)
 (-43.418+17.795j)
 (0.225-21.632j)
 (-28.541-15.271j)
 (11.671+111.822j)
 (1.110-67.871j)
 (-49.694-92.843j)
 (-23.915-13.897j)
 (-58.496+18.709j)
 (-23.331+4.639j)
 (-67.530-1.488j)
 (-26.297-70.712j)
 (43.906+16.333j)
 (37.088+15.900j)
 (-25.191+15.474j)
 (-23.491-50.694j)
 (12.134-4.148j)
 (23.068-54.792j)
 (-34.048+5.972j)
 (-49.134+6.217j)
 (13.159-42.494j)
 (-22.145+24.183j)
 (-67.537+37.925j)
 (-23.192+2.265j)
 (65.807-54.948j)
 (62.292-59.602j)
 (-91.803-55.141j)
 (-41.688+23.811j)
 (-18.667-13.199j)
 (39.283+10.206j)
 (-41.976-10.131j)
 (-52.696+70.821j)
 (46.625+46.136j)
 (14.561-6.936j)
 (3.578+1.001j)
 (-1.470-15.012j)
 (-28.195+19.236j)
 (17.640-26.176j)
 (-46.576+6.489j)
 (-89.656-19.589j)
 (-23.144-30.777j)
 (34.249-8.445j)
 (26.548+70.440j)
 (28.648-42.274j)
 (36.272-20.045j)
 (-23.081-77.565j)
 (1.825+47.688j)
 (40.321+46.833j)
 (-55.660-41.222j)
 (2.182-3.465j)
 (-41.826+6.436j)
 (28.573+21.875j)
 (-38.118-22.145j)
 (3.818-8.043j)
 (22.595+17.110j)
 (20.796-12.166j)
 (-30.864+40.631j)
 (21.458-42.158j)
 (-5.460-23.212j)
 (9.442-39.053j)
 (-32.093-9.828j)
 (27.838+3.759j)
 (-7.683+59.760j)
 (-53.480-7.487j)
 (-35.925+23.272j)
 (53.364+21.677j)
 (-63.299-34.923j)
 (-16.604+17.925j)
 (-71.208+68.142j)
 (-6.409+47.493j)
 (9.999-4.786j)
 (3.031+27.425j)
 (-6.859+32.032j)
 (7.862-43.310j)
 (-48.825-73.132j)
 (-7.118-11.457j)
 (-30.607+55.174j)
 (-38.708+55.645j)
 (21.358-2.606j)
 (60.018-16.730j)
 (-10.312+25.730j)
 (-26.903-15.240j)
 (-65.761+27.264j)
 (8.818-7.257j)
 (-20.797+72.982j)
 (-2.128+9.289j)
 (-16.788-35.066j)
 (23.489-19.456j)
 (-18.352-73.395j)
 (-14.217-5.162j)
 (-5.883-68.446j)
 (27.531+32.256j)
 (-34.392+11.885j)
 (16.470+16.395j)
 (-12.206-7.106j)
 (-9.701+68.977j)
 (31.802+59.461j)
 (-12.954+8.208j)
 (-11.120+47.819j)
 (25.094-4.347j)
 (-45.197-86.137j)
 (33.164-14.841j)
 (44.875+79.724j)
 (-13.651+15.049j)
 (15.845-40.010j)
 (33.638-63.548j)
 (-28.660+26.661j)
 (-36.050-32.899j)
 (-62.185+36.141j)
 (-37.386+49.061j)
 (48.267+23.615j)
 (-7.119-29.028j)
 (33.447+2.789j)
 (-36.479-16.073j)
 (-6.824-9.680j)
 (-21.596+9.282j)
 (-21.723-59.365j)
 (-43.127+64.285j)
 (3.730-1.963j)
 (-60.099-14.935j)
 (-8.879+31.748j)
 (-15.634+36.276j)
 (60.421-69.444j)
 (20.683-57.661j)
 (16.506+54.767j)
 (-27.750-16.650j)
 (-52.527-49.225j)
 (-13.576-77.249j)
 (32.605+9.392j)
 (-1.583-12.800j)
 (-42.309+47.484j)
 (31.227-28.627j)
 (6.204-47.097j)
 (48.113+30.806j)
 (-25.127-84.569j)
 (11.455+13.262j)
 (30.783+43.100j)
 (-6.360-5.826j)
 (-7.308-20.062j)
 (48.992+22.238j)
 (-5.426+5.521j)
 (41.993+35.015j)
 (-74.007-7.116j)
 (-14.198+17.325j)
 (-46.106-11.307j)
 (-66.026-60.488j)
 (-87.453-20.721j)
 (-30.462-41.723j)
 (66.421-16.009j)
 (16.439-34.030j)
 (-46.463-28.350j)
 (5.395+35.759j)
 (-68.301+13.075j)
 (2.946+47.752j)
 (-24.488+35.509j)
 (-73.810+8.327j)
 (-26.071+28.600j)
 (-54.034-16.415j)
 (49.259-24.478j)
 (65.849-23.005j)
 (9.898-4.524j)
 (17.515+28.226j)
 (18.960-34.728j)
 (-11.651+40.662j)
 (-6.733-31.184j)
 (-34.647-53.906j)
 (-21.240-33.310j)
 (16.937-16.411j)
 (67.866-9.398j)
 (18.534-8.741j)
 (52.216-19.108j)
 (-18.358+2.465j)
 (18.175+37.651j)
 (-6.817-116.982j)
 (-7.136-9.377j)
 (-52.046+22.869j)
 (15.111+106.184j)
 (57.454+8.837j)
 (-17.196+29.667j)
 (4.061-12.409j)
 (7.461-48.281j)
 (28.243-7.337j)
 (60.930+71.300j)
 (-16.106-22.592j)
 (-70.641-45.041j)
 (-16.123+56.886j)
 (-35.179-26.616j)
 (22.177+22.321j)
 (-18.698-54.262j)
 (-14.283+47.592j)
 (4.994+32.440j)
 (12.579-0.133j)
 (-34.751-59.929j)
 (-23.444-34.859j)
 (-24.464-13.679j)
 (-26.673-28.779j)
 (25.156-67.778j)
 (-51.235+8.838j)
 (-71.533-21.269j)
 (-67.587+18.938j)
 (20.698-62.872j)
 (-18.005+80.124j)
 (47.891-24.795j)
 (-5.403+57.970j)
 (44.982+10.036j)
 (26.974-23.348j)
 (47.924+17.318j)
 (3.570-29.188j)
 (20.321-10.628j)
 (74.052-6.472j)
 (36.062-36.509j)
 (-3.617-62.251j)
 (-1.372-2.789j)
 (-68.563-9.985j)
 (106.131-5.446j)
 (-16.952+12.125j)
 (-2.147-10.206j)
 (10.832-3.302j)
 (55.372-56.718j)
 (-74.600-1.499j)
 (16.856-16.048j)
 (7.002+52.984j)
 (31.235+67.583j)
 (28.095-78.327j)
 (47.639-36.542j)
 (-53.786+10.035j)
 (5.633-58.753j)
 (30.346-22.648j)
 (-26.401+42.526j)
 (15.871+47.687j)
 (76.763+55.529j)
 (-37.846+72.298j)
 (-73.196-17.830j)
 (-2.629-41.151j)
 (-84.171+80.032j)
 (-13.438+2.887j)
 (-19.487+42.130j)
 (-47.168-13.210j)
 (28.679+14.681j)
 (28.854-33.669j)
 (14.841+27.913j)
 (53.740+11.560j)
 (-64.102+1.850j)
 (32.625-11.377j)
 (-12.074+65.123j)
 (-50.368+19.736j)
 (-9.137-9.504j)
 (-76.801-22.478j)
 (-7.387+47.977j)
 (13.472-28.063j)
 (-44.702-48.151j)
 (6.058+123.619j)
 (-18.074-14.100j)
 (-30.130-79.164j)
 (38.397+57.988j)
 (-1.038+8.182j)
 (-40.443-44.604j)
 (90.599-35.721j)
 (-25.248+70.832j)
 (-10.034+17.122j)
 (41.396-42.224j)
 (-44.846+105.239j)
 (22.851+18.928j)
 (10.416-9.927j)
 (18.552-54.500j)
 (31.659+26.727j)
 (33.015-16.660j)
 (-55.014+14.506j)
 (3.159+22.840j)
 (65.799+37.147j)
 (18.492-63.164j)
 (7.714+25.268j)
 (37.647+5.272j)
 (-38.219+63.236j)
 (2.878-60.135j)
 (-1.113-59.158j)
 (-65.171-34.563j)
 (19.133-21.925j)
 (-18.184+59.536j)
 (67.730-7.627j)
 (-18.056+17.731j)
 (-6.388+20.516j)
 (-54.751-68.015j)
 (11.848-19.151j)
 (9.534-33.251j)
 (-11.228+19.701j)
 (22.195+6.204j)
 (-40.876+11.986j)
 (24.061+57.436j)
 (28.723-26.388j)
 (-35.876-39.063j)
 (61.582-1.131j)
 (78.981+13.213j)
 (47.600+16.465j)
 (-33.547-26.749j)
 (71.820-104.448j)
 (-27.760-1.294j)
 (60.189+26.280j)
 (84.948-40.481j)
 (54.805-6.857j)
 (-44.648+55.156j)
 (-4.806-22.148j)
 (9.742+29.646j)
 (-22.140+30.965j)
 (13.946+78.633j)
 (-0.412+17.235j)
 (21.959-64.417j)
 (44.867+25.444j)
 (-69.785-12.244j)
 (13.580-57.063j)
 (23.211-48.981j)
 (-29.608+2.643j)
 (-10.228+31.453j)
 (15.128-55.770j)
 (41.596+14.096j)
 (0.856+2.930j)
 (6.886+64.085j)
 (-99.669-26.442j)
 (7.398+21.822j)
 (43.239-6.973j)
 (82.523-10.359j)
 (33.813+4.259j)
 (84.489-90.649j)
 (-35.185+8.453j)
 (15.547+14.443j)
 (27.460+90.984j)
 (42.833-72.338j)
 (15.133-36.231j)
 (78.266-18.768j)
 (-99.855-1.810j)
 (26.634+0.778j)
 (-66.155+2.429j)
 (9.356+7.337j)
 (55.238+17.682j)
 (9.413-46.127j)
 (-35.736+39.830j)
 (-34.224+34.002j)
 (-17.642+32.722j)
 (8.175+44.097j)
 (19.716-53.150j)
 (-0.099+73.435j)
 (49.348-21.939j)
 (-30.750-12.170j)
 (-3.931+6.125j)
 (-21.459-12.399j)
 (-1.826+51.559j)
 (9.990+26.126j)
 (-9.214+0.280j)
 (-43.676-25.699j)
 (33.869-9.975j)
 (-28.964-3.096j)
 (-20.203-15.101j)
 (-99.470+21.786j)
 (-2.941+43.841j)
 (-42.624-28.184j)
 (-34.103-7.416j)
 (-95.516-100.581j)
 (21.213+32.613j)
 (65.354-25.348j)
 (12.849+49.766j)
 (59.241+38.530j)
 (45.001+3.432j)
 (-4.816-60.641j)
 (-41.845+22.285j)
 (43.882-23.575j)
 (30.728-1.936j)
 (-54.111+18.149j)
 (14.016+27.458j)
 (-16.464+3.791j)
 (-50.886-21.164j)
 (1.526+12.942j)
 (29.608+29.775j)
 (34.460+16.752j)
 (-18.991-29.790j)
 (7.729-41.805j)
 (17.591-1.427j)
 (-2.143-65.246j)
 (12.684-5.726j)
 (18.490-48.364j)
 (30.788+11.198j)
 (96.229-15.273j)
 (-1.375-16.972j)
 (-55.936+16.751j)
 (-92.456+14.179j)
 (33.559+0.323j)
 (-53.141-15.566j)
 (-12.377+37.180j)
 (10.712+48.134j)
 (-70.613-27.077j)
 (64.719+82.864j)
 (3.998+24.069j)
 (-37.481+22.903j)
 (18.504-11.064j)
 (-54.168-44.410j)
 (36.202-1.498j)
 (5.343+9.019j)
 (2.181+34.549j)
 (-45.747+24.918j)
 (62.774+1.417j)
 (19.938-58.849j)
 (-40.428+41.885j)
 (-13.990-49.016j)
 (-26.379+6.316j)
 (-36.218+34.894j)
 (30.897-53.415j)
 (-0.918+28.988j)
 (-22.620+42.258j)
 (33.273+21.261j)
 (-12.807-33.838j)
 (21.623-16.161j)
 (-76.185-66.511j)
 (26.532+19.610j)
 (26.331-43.316j)
 (-8.791+62.903j)
 (-48.090-0.894j)
 (-74.783-23.524j)
 (-5.727-43.855j)
 (53.115-24.440j)
 (-0.482+9.391j)
 (1.916-2.796j)
 (-17.600+24.267j)
 (-34.020-37.062j)
 (59.357+26.147j)
 (-18.276-66.513j)
 (-90.497+37.835j)
 (-15.950-47.050j)
 (-62.345-9.203j)
 (54.643-56.122j)
 (12.029-28.771j)
 (-26.756+44.672j)
 (67.542-12.458j)
 (-0.072+44.778j)
 (80.300+0.814j)
 (-39.058+21.645j)
 (-13.662-31.423j)
 (-65.535+6.302j)
 (-32.877-36.181j)
 (12.604-36.212j)
 (-56.694+4.054j)
 (-0.219+1.504j)
 (6.820-27.789j)
 (0.642-3.683j)
 (4.360+0.688j)
 (-52.602+19.787j)
 (-26.260-37.354j)
 (73.854+16.943j)
 (63.877-14.693j)
 (-13.762+62.101j)
 (-38.020-17.555j)
 (-52.214-14.765j)
 (32.189-18.803j)
 (30.934+35.240j)
 (-26.254-9.921j)
 (-29.823+46.407j)
 (-15.705+31.368j)
 (-32.626-20.582j)
 (-48.742-3.064j)
 (21.610+14.885j)
 (-17.034+44.198j)
 (18.995-38.650j)
 (-25.644+71.703j)
 (42.695-13.314j)
 (-98.406+40.110j)
 (27.587-31.040j)
 (-27.186-0.407j)
 (5.658-9.847j)
 (71.500-0.221j)
 (19.995+27.974j)
 (-6.163+44.190j)
 (57.744-14.214j)
 (-43.187+41.004j)
 (5.375-71.399j)
 (-35.959+74.469j)
 (-26.795+4.494j)
 (-82.632+29.966j)
 (94.955+6.177j)
 (-23.179-75.756j)
 (-59.736+8.975j)
 (42.120+16.540j)
 (-2.867-2.869j)
 (-54.321-1.634j)
 (-34.592-14.020j)
 (33.232+14.037j)
 (26.899-23.152j)
 (65.816-76.876j)
 (83.587-6.341j)
 (55.304+47.143j)
 (9.237-68.723j)
 (30.866+73.493j)
 (2.694-45.339j)
 (-0.600-20.540j)
 (-20.686-8.703j)
 (17.710-5.111j)
 (-2.358-17.539j)
 (-34.588+24.802j)
 (-4.498-13.477j)
 (-66.941+6.262j)
 (-19.967-16.884j)
 (19.851-27.346j)
 (-9.161-4.662j)
 (-21.447+18.981j)
 (20.102+74.421j)
 (47.670+78.141j)
 (50.253+2.421j)
 (37.517+10.574j)
 (10.532-10.439j)
 (45.192+76.281j)
 (-4.714-10.490j)
 (26.169-4.539j)
 (0.480+26.853j)
 (-51.124+20.139j)
 (93.526+36.255j)
 (-15.405+0.811j)
 (21.753+53.363j)
 (-88.970+39.133j)
 (68.568-49.774j)
 (-71.985-57.948j)
 (60.869+39.553j)
 (-26.432+59.720j)
 (-26.861+59.915j)
 (-31.377-9.326j)
 (6.519+49.874j)
 (39.823-62.860j)
 (-31.767-13.295j)
 (4.860-16.544j)
 (47.351+60.899j)
 (35.885+33.072j)
 (-28.696+4.704j)
 (84.804+48.418j)
 (9.551+106.738j)
 (21.187+32.752j)
 (-44.341+13.252j)
 (-55.310+70.139j)
 (-46.221+54.605j)
 (-17.492-52.831j)
 (47.039+34.713j)
 (20.172+21.995j)
 (44.298-51.395j)
 (14.016+9.647j)
 (-9.629-32.110j)
 (-12.529-33.430j)
 (-21.389+15.608j)
 (-115.503+36.048j)
 (-51.370-39.860j)
 (6.100-26.417j)
 (20.841-96.919j)
 (33.920-9.473j)
 (10.854+11.229j)
 (-47.740+9.739j)
 (-103.780+41.571j)
 (-25.724-23.439j)
 (-91.106-4.308j)
 (68.829-35.715j)
 (81.032+7.728j)
 (44.604+15.488j)
 (13.986-14.548j)
 (30.588+3.686j)
 (-33.395+52.080j)
 (3.241-50.670j)
 (41.887+9.938j)
 (7.298-26.879j)
 (-35.384-65.189j)
 (-18.492+0.614j)
 (-22.758+5.682j)
 (55.224+15.628j)
 (-5.328+19.804j)
 (21.745-51.700j)
 (20.870+18.441j)
 (16.973-1.040j)
 (0.289+62.066j)
 (26.172-46.399j)
 (-69.666+28.824j)
 (69.413-21.618j)
 (42.152+54.578j)
 (-36.551+1.305j)
 (-36.853+12.664j)
 (-48.304+73.242j)
 (49.634-28.427j)
 (104.404+15.757j)
 (58.045-12.401j)
 (18.160+33.654j)
 (31.999-26.360j)
 (-14.163+34.097j)
 (28.574+67.460j)
 (-2.195-28.164j)
 (-45.951+37.964j)
 (-52.390-48.495j)
 (-39.688-39.456j)
 (28.287-1.584j)
 (34.112-28.904j)
 (-17.832+64.500j)
 (58.508+35.455j)
 (-43.762-23.319j)
 (26.585+0.762j)
 (-99.813-55.153j)
 (-1.352+38.672j)
 (-60.162-4.184j)
 (94.213+92.596j)
 (-28.472-14.718j)
 (-14.240+92.337j)
 (38.122+83.227j)
 (14.777-19.522j)
 (38.466+27.655j)
 (-64.360+14.391j)
 (10.042+15.674j)
 (-41.414-56.268j)
 (-34.275+11.841j)
 (11.743-32.663j)
 (-41.816-40.382j)
 (-41.055-6.222j)
 (-83.658+6.996j)
 (12.211-102.732j)
 (64.801+99.068j)
 (-21.730+22.767j)
 (-36.197+33.588j)
 (-64.847+36.084j)
 (29.177-62.735j)
 (30.354+16.297j)
 (18.939+31.974j)
 (29.607+52.981j)
 (12.053-15.892j)
 (-12.267+26.866j)
 (19.713+83.483j)
 (-66.483-38.475j)
 (-26.961+4.284j)
 (-30.869-2.286j)
 (-24.163-32.060j)
 (-84.663+11.373j)
 (100.379-37.021j)
 (-34.509+72.396j)
 (98.049-19.007j)
 (12.356-30.871j)
 (-28.832+9.407j)
 (-10.920-1.121j)
 (-43.001+6.557j)
 (41.543-12.009j)
 (-6.759+6.564j)
 (-32.695+3.500j)
 (53.342+9.703j)
 (-19.110+0.608j)
 (-1.879+105.569j)
 (20.926-108.753j)
 (9.438-112.343j)
 (46.920+45.582j)
 (9.438+112.343j)
 (20.926+108.753j)
 (-1.879-105.569j)
 (-19.110-0.608j)
 (53.342-9.703j)
 (-32.695-3.500j)
 (-6.759-6.564j)
 (41.543+12.009j)
 (-43.001-6.557j)
 (-10.920+1.121j)
 (-28.832-9.407j)
 (12.356+30.871j)
 (98.049+19.007j)
 (-34.509-72.396j)
 (100.379+37.021j)
 (-84.663-11.373j)
 (-24.163+32.060j)
 (-30.869+2.286j)
 (-26.961-4.284j)
 (-66.483+38.475j)
 (19.713-83.483j)
 (-12.267-26.866j)
 (12.053+15.892j)
 (29.607-52.981j)
 (18.939-31.974j)
 (30.354-16.297j)
 (29.177+62.735j)
 (-64.847-36.084j)
 (-36.197-33.588j)
 (-21.730-22.767j)
 (64.801-99.068j)
 (12.211+102.732j)
 (-83.658-6.996j)
 (-41.055+6.222j)
 (-41.816+40.382j)
 (11.743+32.663j)
 (-34.275-11.841j)
 (-41.414+56.268j)
 (10.042-15.674j)
 (-64.360-14.391j)
 (38.466-27.655j)
 (14.777+19.522j)
 (38.122-83.227j)
 (-14.240-92.337j)
 (-28.472+14.718j)
 (94.213-92.596j)
 (-60.162+4.184j)
 (-1.352-38.672j)
 (-99.813+55.153j)
 (26.585-0.762j)
 (-43.762+23.319j)
 (58.508-35.455j)
 (-17.832-64.500j)
 (34.112+28.904j)
 (28.287+1.584j)
 (-39.688+39.456j)
 (-52.390+48.495j)
 (-45.951-37.964j)
 (-2.195+28.164j)
 (28.574-67.460j)
 (-14.163-34.097j)
 (31.999+26.360j)
 (18.160-33.654j)
 (58.045+12.401j)
 (104.404-15.757j)
 (49.634+28.427j)
 (-48.304-73.242j)
 (-36.853-12.664j)
 (-36.551-1.305j)
 (42.152-54.578j)
 (69.413+21.618j)
 (-69.666-28.824j)
 (26.172+46.399j)
 (0.289-62.066j)
 (16.973+1.040j)
 (20.870-18.441j)
 (21.745+51.700j)
 (-5.328-19.804j)
 (55.224-15.628j)
 (-22.758-5.682j)
 (-18.492-0.614j)
 (-35.384+65.189j)
 (7.298+26.879j)
 (41.887-9.938j)
 (3.241+50.670j)
 (-33.395-52.080j)
 (30.588-3.686j)
 (13.986+14.548j)
 (44.604-15.488j)
 (81.032-7.728j)
 (68.829+35.715j)
 (-91.106+4.308j)
 (-25.724+23.439j)
 (-103.780-41.571j)
 (-47.740-9.739j)
 (10.854-11.229j)
 (33.920+9.473j)
 (20.841+96.919j)
 (6.100+26.417j)
 (-51.370+39.860j)
 (-115.503-36.048j)
 (-21.389-15.608j)
 (-12.529+33.430j)
 (-9.629+32.110j)
 (14.016-9.647j)
 (44.298+51.395j)
 (20.172-21.995j)
 (47.039-34.713j)
 (-17.492+52.831j)
 (-46.221-54.605j)
 (-55.310-70.139j)
 (-44.341-13.252j)
 (21.187-32.752j)
 (9.551-106.738j)
 (84.804-48.418j)
 (-28.696-4.704j)
 (35.885-33.072j)
 (47.351-60.899j)
 (4.860+16.544j)
 (-31.767+13.295j)
 (39.823+62.860j)
 (6.519-49.874j)
 (-31.377+9.326j)
 (-26.861-59.915j)
 (-26.432-59.720j)
 (60.869-39.553j)
 (-71.985+57.948j)
 (68.568+49.774j)
 (-88.970-39.133j)
 (21.753-53.363j)
 (-15.405-0.811j)
 (93.526-36.255j)
 (-51.124-20.139j)
 (0.480-26.853j)
 (26.169+4.539j)
 (-4.714+10.490j)
 (45.192-76.281j)
 (10.532+10.439j)
 (37.517-10.574j)
 (50.253-2.421j)
 (47.670-78.141j)
 (20.102-74.421j)
 (-21.447-18.981j)
 (-9.161+4.662j)
 (19.851+27.346j)
 (-19.967+16.884j)
 (-66.941-6.262j)
 (-4.498+13.477j)
 (-34.588-24.802j)
 (-2.358+17.539j)
 (17.710+5.111j)
 (-20.686+8.703j)
 (-0.600+20.540j)
 (2.694+45.339j)
 (30.866-73.493j)
 (9.237+68.723j)
 (55.304-47.143j)
 (83.587+6.341j)
 (65.816+76.876j)
 (26.899+23.152j)
 (33.232-14.037j)
 (-34.592+14.020j)
 (-54.321+1.634j)
 (-2.867+2.869j)
 (42.120-16.540j)
 (-59.736-8.975j)
 (-23.179+75.756j)
 (94.955-6.177j)
 (-82.632-29.966j)
 (-26.795-4.494j)
 (-35.959-74.469j)
 (5.375+71.399j)
 (-43.187-41.004j)
 (57.744+14.214j)
 (-6.163-44.190j)
 (19.995-27.974j)
 (71.500+0.221j)
 (5.658+9.847j)
 (-27.186+0.407j)
 (27.587+31.040j)
 (-98.406-40.110j)
 (42.695+13.314j)
 (-25.644-71.703j)
 (18.995+38.650j)
 (-17.034-44.198j)
 (21.610-14.885j)
 (-48.742+3.064j)
 (-32.626+20.582j)
 (-15.705-31.368j)
 (-29.823-46.407j)
 (-26.254+9.921j)
 (30.934-35.240j)
 (32.189+18.803j)
 (-52.214+14.765j)
 (-38.020+17.555j)
 (-13.762-62.101j)
 (63.877+14.693j)
 (73.854-16.943j)
 (-26.260+37.354j)
 (-52.602-19.787j)
 (4.360-0.688j)
 (0.642+3.683j)
 (6.820+27.789j)
 (-0.219-1.504j)
 (-56.694-4.054j)
 (12.604+36.212j)
 (-32.877+36.181j)
 (-65.535-6.302j)
 (-13.662+31.423j)
 (-39.058-21.645j)
 (80.300-0.814j)
 (-0.072-44.778j)
 (67.542+12.458j)
 (-26.756-44.672j)
 (12.029+28.771j)
 (54.643+56.122j)
 (-62.345+9.203j)
 (-15.950+47.050j)
 (-90.497-37.835j)
 (-18.276+66.513j)
 (59.357-26.147j)
 (-34.020+37.062j)
 (-17.600-24.267j)
 (1.916+2.796j)
 (-0.482-9.391j)
 (53.115+24.440j)
 (-5.727+43.855j)
 (-74.783+23.524j)
 (-48.090+0.894j)
 (-8.791-62.903j)
 (26.331+43.316j)
 (26.532-19.610j)
 (-76.185+66.511j)
 (21.623+16.161j)
 (-12.807+33.838j)
 (33.273-21.261j)
 (-22.620-42.258j)
 (-0.918-28.988j)
 (30.897+53.415j)
 (-36.218-34.894j)
 (-26.379-6.316j)
 (-13.990+49.016j)
 (-40.428-41.885j)
 (19.938+58.849j)
 (62.774-1.417j)
 (-45.747-24.918j)
 (2.181-34.549j)
 (5.343-9.019j)
 (36.202+1.498j)
 (-54.168+44.410j)
 (18.504+11.064j)
 (-37.481-22.903j)
 (3.998-24.069j)
 (64.719-82.864j)
 (-70.613+27.077j)
 (10.712-48.134j)
 (-12.377-37.180j)
 (-53.141+15.566j)
 (33.559-0.323j)
 (-92.456-14.179j)
 (-55.936-16.751j)
 (-1.375+16.972j)
 (96.229+15.273j)
 (30.788-11.198j)
 (18.490+48.364j)
 (12.684+5.726j)
 (-2.143+65.246j)
 (17.591+1.427j)
 (7.729+41.805j)
 (-18.991+29.790j)
 (34.460-16.752j)
 (29.608-29.775j)
 (1.526-12.942j)
 (-50.886+21.164j)
 (-16.464-3.791j)
 (14.016-27.458j)
 (-54.111-18.149j)
 (30.728+1.936j)
 (43.882+23.575j)
 (-41.845-22.285j)
 (-4.816+60.641j)
 (45.001-3.432j)
 (59.241-38.530j)
 (12.849-49.766j)
 (65.354+25.348j)
 (21.213-32.613j)
 (-95.516+100.581j)
 (-34.103+7.416j)
 (-42.624+28.184j)
 (-2.941-43.841j)
 (-99.470-21.786j)
 (-20.203+15.101j)
 (-28.964+3.096j)
 (33.869+9.975j)
 (-43.676+25.699j)
 (-9.214-0.280j)
 (9.990-26.126j)
 (-1.826-51.559j)
 (-21.459+12.399j)
 (-3.931-6.125j)
 (-30.750+12.170j)
 (49.348+21.939j)
 (-0.099-73.435j)
 (19.716+53.150j)
 (8.175-44.097j)
 (-17.642-32.722j)
 (-34.224-34.002j)
 (-35.736-39.830j)
 (9.413+46.127j)
 (55.238-17.682j)
 (9.356-7.337j)
 (-66.155-2.429j)
 (26.634-0.778j)
 (-99.855+1.810j)
 (78.266+18.768j)
 (15.133+36.231j)
 (42.833+72.338j)
 (27.460-90.984j)
 (15.547-14.443j)
 (-35.185-8.453j)
 (84.489+90.649j)
 (33.813-4.259j)
 (82.523+10.359j)
 (43.239+6.973j)
 (7.398-21.822j)
 (-99.669+26.442j)
 (6.886-64.085j)
 (0.856-2.930j)
 (41.596-14.096j)
 (15.128+55.770j)
 (-10.228-31.453j)
 (-29.608-2.643j)
 (23.211+48.981j)
 (13.580+57.063j)
 (-69.785+12.244j)
 (44.867-25.444j)
 (21.959+64.417j)
 (-0.412-17.235j)
 (13.946-78.633j)
 (-22.140-30.965j)
 (9.742-29.646j)
 (-4.806+22.148j)
 (-44.648-55.156j)
 (54.805+6.857j)
 (84.948+40.481j)
 (60.189-26.280j)
 (-27.760+1.294j)
 (71.820+104.448j)
 (-33.547+26.749j)
 (47.600-16.465j)
 (78.981-13.213j)
 (61.582+1.131j)
 (-35.876+39.063j)
 (28.723+26.388j)
 (24.061-57.436j)
 (-40.876-11.986j)
 (22.195-6.204j)
 (-11.228-19.701j)
 (9.534+33.251j)
 (11.848+19.151j)
 (-54.751+68.015j)
 (-6.388-20.516j)
 (-18.056-17.731j)
 (67.730+7.627j)
 (-18.184-59.536j)
 (19.133+21.925j)
 (-65.171+34.563j)
 (-1.113+59.158j)
 (2.878+60.135j)
 (-38.219-63.236j)
 (37.647-5.272j)
 (7.714-25.268j)
 (18.492+63.164j)
 (65.799-37.147j)
 (3.159-22.840j)
 (-55.014-14.506j)
 (33.015+16.660j)
 (31.659-26.727j)
 (18.552+54.500j)
 (10.416+9.927j)
 (22.851-18.928j)
 (-44.846-105.239j)
 (41.396+42.224j)
 (-10.034-17.122j)
 (-25.248-70.832j)
 (90.599+35.721j)
 (-40.443+44.604j)
 (-1.038-8.182j)
 (38.397-57.988j)
 (-30.130+79.164j)
 (-18.074+14.100j)
 (6.058-123.619j)
 (-44.702+48.151j)
 (13.472+28.063j)
 (-7.387-47.977j)
 (-76.801+22.478j)
 (-9.137+9.504j)
 (-50.368-19.736j)
 (-12.074-65.123j)
 (32.625+11.377j)
 (-64.102-1.850j)
 (53.740-11.560j)
 (14.841-27.913j)
 (28.854+33.669j)
 (28.679-14.681j)
 (-47.168+13.210j)
 (-19.487-42.130j)
 (-13.438-2.887j)
 (-84.171-80.032j)
 (-2.629+41.151j)
 (-73.196+17.830j)
 (-37.846-72.298j)
 (76.763-55.529j)
 (15.871-47.687j)
 (-26.401-42.526j)
 (30.346+22.648j)
 (5.633+58.753j)
 (-53.786-10.035j)
 (47.639+36.542j)
 (28.095+78.327j)
 (31.235-67.583j)
 (7.002-52.984j)
 (16.856+16.048j)
 (-74.600+1.499j)
 (55.372+56.718j)
 (10.832+3.302j)
 (-2.147+10.206j)
 (-16.952-12.125j)
 (106.131+5.446j)
 (-68.563+9.985j)
 (-1.372+2.789j)
 (-3.617+62.251j)
 (36.062+36.509j)
 (74.052+6.472j)
 (20.321+10.628j)
 (3.570+29.188j)
 (47.924-17.318j)
 (26.974+23.348j)
 (44.982-10.036j)
 (-5.403-57.970j)
 (47.891+24.795j)
 (-18.005-80.124j)
 (20.698+62.872j)
 (-67.587-18.938j)
 (-71.533+21.269j)
 (-51.235-8.838j)
 (25.156+67.778j)
 (-26.673+28.779j)
 (-24.464+13.679j)
 (-23.444+34.859j)
 (-34.751+59.929j)
 (12.579+0.133j)
 (4.994-32.440j)
 (-14.283-47.592j)
 (-18.698+54.262j)
 (22.177-22.321j)
 (-35.179+26.616j)
 (-16.123-56.886j)
 (-70.641+45.041j)
 (-16.106+22.592j)
 (60.930-71.300j)
 (28.243+7.337j)
 (7.461+48.281j)
 (4.061+12.409j)
 (-17.196-29.667j)
 (57.454-8.837j)
 (15.111-106.184j)
 (-52.046-22.869j)
 (-7.136+9.377j)
 (-6.817+116.982j)
 (18.175-37.651j)
 (-18.358-2.465j)
 (52.216+19.108j)
 (18.534+8.741j)
 (67.866+9.398j)
 (16.937+16.411j)
 (-21.240+33.310j)
 (-34.647+53.906j)
 (-6.733+31.184j)
 (-11.651-40.662j)
 (18.960+34.728j)
 (17.515-28.226j)
 (9.898+4.524j)
 (65.849+23.005j)
 (49.259+24.478j)
 (-54.034+16.415j)
 (-26.071-28.600j)
 (-73.810-8.327j)
 (-24.488-35.509j)
 (2.946-47.752j)
 (-68.301-13.075j)
 (5.395-35.759j)
 (-46.463+28.350j)
 (16.439+34.030j)
 (66.421+16.009j)
 (-30.462+41.723j)
 (-87.453+20.721j)
 (-66.026+60.488j)
 (-46.106+11.307j)
 (-14.198-17.325j)
 (-74.007+7.116j)
 (41.993-35.015j)
 (-5.426-5.521j)
 (48.992-22.238j)
 (-7.308+20.062j)
 (-6.360+5.826j)
 (30.783-43.100j)
 (11.455-13.262j)
 (-25.127+84.569j)
 (48.113-30.806j)
 (6.204+47.097j)
 (31.227+28.627j)
 (-42.309-47.484j)
 (-1.583+12.800j)
 (32.605-9.392j)
 (-13.576+77.249j)
 (-52.527+49.225j)
 (-27.750+16.650j)
 (16.506-54.767j)
 (20.683+57.661j)
 (60.421+69.444j)
 (-15.634-36.276j)
 (-8.879-31.748j)
 (-60.099+14.935j)
 (3.730+1.963j)
 (-43.127-64.285j)
 (-21.723+59.365j)
 (-21.596-9.282j)
 (-6.824+9.680j)
 (-36.479+16.073j)
 (33.447-2.789j)
 (-7.119+29.028j)
 (48.267-23.615j)
 (-37.386-49.061j)
 (-62.185-36.141j)
 (-36.050+32.899j)
 (-28.660-26.661j)
 (33.638+63.548j)
 (15.845+40.010j)
 (-13.651-15.049j)
 (44.875-79.724j)
 (33.164+14.841j)
 (-45.197+86.137j)
 (25.094+4.347j)
 (-11.120-47.819j)
 (-12.954-8.208j)
 (31.802-59.461j)
 (-9.701-68.977j)
 (-12.206+7.106j)
 (16.470-16.395j)
 (-34.392-11.885j)
 (27.531-32.256j)
 (-5.883+68.446j)
 (-14.217+5.162j)
 (-18.352+73.395j)
 (23.489+19.456j)
 (-16.788+35.066j)
 (-2.128-9.289j)
 (-20.797-72.982j)
 (8.818+7.257j)
 (-65.761-27.264j)
 (-26.903+15.240j)
 (-10.312-25.730j)
 (60.018+16.730j)
 (21.358+2.606j)
 (-38.708-55.645j)
 (-30.607-55.174j)
 (-7.118+11.457j)
 (-48.825+73.132j)
 (7.862+43.310j)
 (-6.859-32.032j)
 (3.031-27.425j)
 (9.999+4.786j)
 (-6.409-47.493j)
 (-71.208-68.142j)
 (-16.604-17.925j)
 (-63.299+34.923j)
 (53.364-21.677j)
 (-35.925-23.272j)
 (-53.480+7.487j)
 (-7.683-59.760j)
 (27.838-3.759j)
 (-32.093+9.828j)
 (9.442+39.053j)
 (-5.460+23.212j)
 (21.458+42.158j)
 (-30.864-40.631j)
 (20.796+12.166j)
 (22.595-17.110j)
 (3.818+8.043j)
 (-38.118+22.145j)
 (28.573-21.875j)
 (-41.826-6.436j)
 (2.182+3.465j)
 (-55.660+41.222j)
 (40.321-46.833j)
 (1.825-47.688j)
 (-23.081+77.565j)
 (36.272+20.045j)
 (28.648+42.274j)
 (26.548-70.440j)
 (34.249+8.445j)
 (-23.144+30.777j)
 (-89.656+19.589j)
 (-46.576-6.489j)
 (17.640+26.176j)
 (-28.195-19.236j)
 (-1.470+15.012j)
 (3.578-1.001j)
 (14.561+6.936j)
 (46.625-46.136j)
 (-52.696-70.821j)
 (-41.976+10.131j)
 (39.283-10.206j)
 (-18.667+13.199j)
 (-41.688-23.811j)
 (-91.803+55.141j)
 (62.292+59.602j)
 (65.807+54.948j)
 (-23.192-2.265j)
 (-67.537-37.925j)
 (-22.145-24.183j)
 (13.159+42.494j)
 (-49.134-6.217j)
 (-34.048-5.972j)
 (23.068+54.792j)
 (12.134+4.148j)
 (-23.491+50.694j)
 (-25.191-15.474j)
 (37.088-15.900j)
 (43.906-16.333j)
 (-26.297+70.712j)
 (-67.530+1.488j)
 (-23.331-4.639j)
 (-58.496-18.709j)
 (-23.915+13.897j)
 (-49.694+92.843j)
 (1.110+67.871j)
 (11.671-111.822j)
 (-28.541+15.271j)
 (0.225+21.632j)
 (-43.418-17.795j)
 (1.419-83.182j)
 (92.556-24.371j)
 (-15.749+9.041j)
 (75.381+4.119j)
 (-92.865-1.726j)
 (-55.884-3.737j)
 (-16.091-30.952j)
 (62.431-40.156j)
 (37.936+19.434j)
 (-74.440+9.271j)
 (48.067-21.655j)
 (29.452-2.099j)
 (40.031+53.937j)
 (5.648+27.975j)
 (-38.086-24.542j)
 (-66.018+24.306j)
 (-47.605-34.643j)
 (27.223-38.170j)
 (-57.868+12.603j)
 (-6.235+39.961j)
 (-27.120+112.705j)
 (-3.641-38.935j)
 (-5.734+42.077j)
 (-25.036-85.031j)
 (63.261+5.402j)
 (-42.413+15.084j)
 (-40.662-1.456j)
 (81.539+2.627j)
 (-50.810+12.801j)
 (-68.848+18.892j)
 (-44.988-7.710j)
 (27.532-41.302j)
 (14.395+19.399j)
 (47.413-10.028j)
 (14.819+27.832j)
 (42.315-5.241j)
 (-38.140+99.761j)
 (102.039+27.752j)
 (50.843+48.227j)
 (-54.281+44.825j)
 (11.083-14.697j)
 (1.353+23.184j)
 (-35.115+16.238j)
 (-8.230-4.471j)
 (-5.261+15.656j)
 (65.617+6.878j)
 (-7.091-55.578j)
 (-30.542-2.144j)
 (10.868-14.651j)
 (-10.746+2.907j)
 (-21.211-50.024j)
 (-62.610+39.261j)
 (45.507+32.439j)
 (18.772-58.568j)
 (-9.023-100.624j)
 (-20.569+35.826j)
 (21.480+40.270j)
 (11.608+50.457j)
 (3.574+65.994j)
 (-119.758-12.953j)
 (27.303+57.955j)
 (69.802+42.717j)
 (9.961+13.767j)
 (13.614+42.381j)
 (64.981+55.422j)
 (46.093-17.875j)
 (-66.285-110.170j)
 (-10.205+62.539j)
 (-12.560+43.113j)
 (-15.667+89.524j)
 (-0.684-17.129j)
 (-95.427+69.223j)
 (-31.753+25.527j)
 (-14.343+41.047j)
 (15.754+11.434j)
 (25.419-16.668j)
 (-15.735+6.663j)
 (-16.255+78.338j)
 (49.630-60.878j)
 (38.604-19.303j)
 (49.646-17.655j)
 (1.340-43.597j)
 (-2.327-90.823j)
 (-28.532+36.345j)
 (-10.007+17.834j)
 (74.527+105.886j)
 (-9.194-42.138j)
 (-39.436+5.126j)
 (40.973-60.075j)
 (1.215-25.425j)
 (-33.463-39.955j)
 (-65.710+25.276j)
 (-5.111+40.818j)
 (1.079+23.569j)
 (-28.567-72.181j)
 (32.834-23.059j)
 (-41.278+28.988j)
 (60.426-67.764j)
 (-58.606-33.288j)
 (8.066+18.301j)
 (7.662+83.343j)
 (-97.905-56.004j)
 (28.364-12.426j)
 (-72.668+43.818j)
 (49.603-59.409j)
 (34.738-73.450j)
 (-22.053-62.552j)
 (12.646+49.018j)
 (-50.366-23.291j)
 (-16.292+21.382j)
 (35.134+25.430j)
 (-12.855-10.513j)
 (8.032+30.474j)
 (-47.212+31.082j)
 (7.781-13.190j)
 (9.010-26.659j)
 (-58.893+2.048j)
 (-4.880-57.174j)
 (52.713-30.161j)
 (-17.587+25.705j)
 (77.984+28.450j)
 (32.489-22.019j)
 (-36.214+66.874j)
 (-28.466+44.731j)
 (45.013-75.384j)
 (9.698+32.370j)
 (16.375-24.331j)
 (111.631-13.433j)
 (15.414+66.748j)
 (-105.391-8.795j)
 (1.920+72.890j)
 (-23.657-4.079j)
 (-66.836+11.331j)
 (25.665-9.463j)
 (37.801-43.542j)
 (4.929+0.631j)
 (13.725-2.285j)
 (-33.081-18.201j)
 (16.722-42.434j)
 (-10.509-44.820j)
 (-57.753-63.043j)
 (-39.974-94.355j)
 (55.383-41.113j)
 (12.406+36.863j)
 (46.128-28.883j)
 (-0.751-4.772j)
 (-8.363-16.767j)
 (-0.010-14.512j)
 (-3.940+94.393j)
 (-29.713+42.422j)
 (35.143+23.111j)
 (-92.403-48.650j)
 (-86.800-48.243j)
 (-48.334+22.598j)
 (-0.315-14.117j)
 (-48.879+33.800j)
 (11.221+24.979j)
 (-27.110+12.677j)
 (43.825-72.004j)
 (-10.503+7.344j)
 (-39.882-24.076j)
 (28.962-58.104j)
 (-8.322+16.011j)
 (15.550-28.277j)
 (32.618+39.227j)
 (-27.730+20.802j)
 (64.426+65.294j)
 (-19.553+28.100j)
 (-47.658+27.746j)
 (19.158-66.966j)
 (52.066-63.697j)
 (-80.125+36.260j)
 (19.753+36.114j)
 (-61.225-59.202j)
 (-24.300+32.180j)
 (-2.548-28.899j)
 (-45.682+77.140j)
 (3.750-21.146j)
 (-15.601+6.758j)
 (-9.149-5.281j)
 (-2.612+65.280j)
 (2.729+43.569j)
 (8.141-2.909j)
 (6.680-40.508j)
 (-38.692-108.518j)
 (-36.266+7.052j)
 (-24.507+14.108j)
 (40.941-10.607j)
 (16.764+29.515j)
 (24.680-59.472j)
 (58.691+42.517j)
 (82.378-10.116j)
 (6.036-73.110j)
 (-5.794+57.117j)
 (-12.366-23.433j)
 (5.980+14.968j)
 (-58.050+10.561j)
 (-66.110+39.307j)
 (-12.620-19.548j)
 (47.303+54.261j)
 (-17.660-9.549j)
 (-25.532-124.426j)
 (85.740-86.711j)
 (7.459+5.680j)
 (-5.317-24.732j)
 (59.591-30.199j)
 (-28.494+41.441j)
 (-17.325-3.011j)
 (-8.790+27.404j)
 (-31.971+79.428j)
 (-20.377+13.603j)
 (90.888-26.934j)
 (15.274+4.886j)
 (-0.033+31.361j)
 (1.089-32.671j)
 (23.790-11.545j)
 (-24.477+3.238j)
 (-26.501-58.544j)
 (-14.441+36.066j)
 (-42.806+5.587j)
 (-58.347+7.642j)
 (48.213-6.499j)
 (41.904+69.940j)
 (62.220-15.093j)
 (67.880-61.529j)
 (-13.801-59.963j)
 (-20.404+57.917j)
 (18.246+15.212j)
 (6.293+16.122j)
 (14.767-22.099j)
 (3.814-53.234j)
 (16.264-40.044j)
 (-41.099+25.546j)
 (0.093-53.939j)
 (27.653-38.492j)
 (-5.414+13.453j)
 (18.073-7.705j)
 (-35.128-32.650j)
 (-37.288-46.069j)
 (29.981+9.990j)
 (68.959+34.746j)
 (39.511-6.768j)
 (-20.548-12.772j)
 (61.696+51.232j)
 (-45.864+36.148j)
 (30.898+41.125j)
 (-27.505+73.493j)
 (-44.783+67.112j)
 (36.141+27.968j)
 (-37.479-40.450j)
 (-91.904-7.116j)
 (-1.195-39.073j)
 (-22.746+22.866j)
 (107.562+61.708j)
 (21.951+21.074j)
 (17.882-39.949j)
 (6.686-42.929j)
 (-5.609+28.308j)
 (18.859+1.272j)
 (13.525-15.565j)
 (38.684+22.291j)
 (19.170+5.386j)
 (53.726+20.228j)
 (58.902-43.037j)
 (28.900+58.128j)
 (-32.070-46.612j)
 (53.812-28.909j)
 (-17.768-12.563j)
 (-1.340+38.951j)
 (-35.284+15.004j)
 (57.715-78.321j)
 (-14.539-1.350j)
 (-49.698+69.838j)
 (35.384+40.194j)
 (51.941-20.783j)
 (-12.143-90.193j)
 (19.855+25.442j)
 (-60.013-3.803j)
 (42.226-30.456j)
 (-32.317+69.146j)
 (41.573-49.274j)
 (13.254-26.423j)
 (19.739+5.780j)
 (13.746+7.340j)
 (41.804-2.359j)
 (-89.874+46.964j)
 (18.328+90.057j)
 (44.707-4.904j)
 (19.006-13.388j)
 (20.332+0.914j)
 (-50.372-45.915j)
 (43.912+71.783j)
 (18.086-3.290j)
 (77.578+38.203j)
 (-53.723-26.602j)
 (-14.948-41.256j)
 (-13.119-11.420j)
 (80.430-25.859j)
 (-44.097-84.942j)
 (-24.983+57.380j)
 (29.749+47.768j)
 (-30.712-42.250j)
 (-46.298+55.665j)
 (54.256-3.154j)
 (-58.775+1.045j)
 (10.065+23.381j)
 (23.581+1.246j)
 (62.933-38.159j)
 (43.996+4.748j)
 (58.808-50.274j)
 (-64.008-17.733j)
 (-67.708+26.219j)
 (-24.950-61.473j)
 (-76.236-64.933j)
 (41.569-21.294j)
 (-89.379-16.262j)
 (-80.797+52.294j)
 (49.495+3.541j)
 (17.637+26.130j)
 (-6.146+27.454j)
 (-7.823+3.220j)
 (-55.273-6.523j)
 (-33.387-17.253j)
 (42.130-20.705j)
 (61.875-62.907j)
 (-50.638+24.644j)
 (-34.796-52.378j)
 (-33.209+11.561j)
 (-38.899+20.621j)
 (13.326-43.331j)
 (7.273-11.570j)
 (20.362+14.434j)
 (-28.693+56.774j)
 (-53.836-44.276j)
 (14.521+28.891j)
 (-40.948-75.731j)
 (34.205-9.270j)
 (44.076-14.349j)
 (-24.760-9.734j)
 (-8.478-16.133j)
 (25.172-61.771j)
 (-13.517-60.456j)
 (-34.024-29.523j)
 (-70.686-5.064j)
 (-19.074+56.603j)
 (32.642-27.779j)
 (15.976-2.239j)
 (-8.862+39.770j)
 (-20.389-27.755j)
 (-50.428+37.010j)
 (-3.838-5.468j)
 (73.014+6.718j)
 (68.939+25.347j)
 (-1.936-55.336j)
 (3.088-0.462j)
 (-25.959-34.529j)
 (-37.536+19.458j)
 (-20.418-18.815j)
 (-33.957-74.100j)
 (-22.561-11.957j)
 (69.669+29.044j)
 (-17.328+65.997j)
 (59.989+20.643j)
 (0.786+76.469j)
 (-13.630-16.206j)
 (-9.132-38.858j)
 (-10.542+48.328j)
 (-22.892-8.553j)
 (39.167-30.082j)
 (-38.820-77.993j)
 (20.857-39.052j)
 (59.705+16.270j)
 (-28.947+2.582j)
 (-31.645+82.007j)
 (46.144-3.246j)
 (-1.007-13.699j)
 (-11.579+17.677j)
 (37.277+16.933j)
 (-4.307+7.791j)
 (40.216-19.377j)
 (38.691-6.362j)
 (-31.688-102.283j)
 (41.929-28.349j)
 (-9.947+4.380j)
 (-7.101-2.966j)
 (-20.827+0.623j)
 (-120.041+36.531j)
 (57.287+56.541j)
 (-17.309-13.116j)
 (-14.794-6.506j)
 (-34.503+22.749j)
 (-111.814+11.980j)
 (21.290+25.373j)
 (77.519+32.758j)
 (-4.614-5.158j)
 (-22.090+40.388j)
 (18.822-36.855j)
 (17.087+12.680j)
 (45.525+38.087j)
 (-76.719-50.441j)
 (9.603-7.213j)
 (12.255+19.801j)
 (69.445+37.001j)
 (-45.967-21.435j)
 (41.557-0.200j)
 (-28.479-21.406j)
 (-3.111-30.884j)
 (-14.132+36.317j)
 (46.172-57.813j)
 (39.788-56.075j)
 (27.260+8.666j)
 (21.779-40.704j)
 (3.874+15.038j)
 (9.583-3.003j)
 (-10.188-10.357j)
 (-5.041+25.701j)
 (-17.699+9.633j)
 (13.264+32.425j)
 (41.774-4.927j)
 (60.445+15.428j)
 (4.347+13.804j)
 (-17.854-35.123j)
 (-45.303+84.214j)
 (6.119+21.856j)
 (72.403+42.823j)
 (-16.124+63.164j)
 (-32.028-67.893j)
 (-29.192-20.012j)
 (-33.169-10.906j)
 (16.796+8.267j)
 (-31.616-27.586j)
 (-37.277+40.790j)
 (-1.010+97.583j)
 (52.262-87.062j)
 (-33.927-43.615j)
 (-55.345+41.589j)
 (41.761+4.815j)
 (-36.811-22.772j)
 (26.751+43.066j)
 (-6.201+87.063j)
 (-50.758-19.335j)
 (-6.627+63.815j)
 (6.141+58.448j)
 (-5.348-1.789j)
 (-51.349+105.946j)
 (-21.996+17.295j)
 (-23.570+89.983j)
 (-53.773+51.031j)
 (42.500+20.760j)
 (55.008-15.609j)
 (-73.971+11.386j)
 (10.014-12.646j)
 (25.151+25.259j)
 (-46.071-63.387j)
 (-55.919+2.612j)
 (-14.350+51.764j)
 (-26.705-76.094j)
 (12.466+11.336j)
 (-21.763+75.412j)
 (-108.035+52.318j)
 (-42.402+24.993j)
 (11.656-28.151j)
 (-23.506-11.217j)
 (-23.503-46.383j)
 (57.010-18.133j)
 (13.734-2.760j)
 (-22.271+14.783j)
 (-38.877-63.196j)
 (-32.333-10.037j)
 (52.759-29.761j)
 (-11.021+30.888j)
 (-10.018-2.280j)
 (42.939-34.400j)
 (48.744+24.348j)
 (4.981-27.001j)
 (-76.490-9.169j)
 (68.572+11.303j)
 (22.762-22.208j)
 (-24.888+11.858j)
 (-81.485+29.374j)
 (50.528+31.815j)
 (53.498+20.190j)
 (61.387-97.273j)
 (34.063-0.297j)
 (61.750+22.477j)
 (13.682+47.988j)
 (8.870+14.773j)
 (-54.965-32.235j)
 (-16.006+0.733j)
 (-22.491+52.228j)
 (40.969+49.597j)
 (-36.610-72.395j)
 (-8.627-53.548j)
 (16.959-48.902j)
 (-27.116+30.519j)
 (49.460+51.867j)
 (79.008+75.591j)
 (0.133-63.989j)
 (-21.589+52.175j)
 (-23.283+12.785j)
 (-31.567+18.223j)
 (33.768-0.317j)
 (-40.370+25.571j)
 (3.054+16.384j)
 (-3.119+7.444j)
 (-70.497+5.252j)
 (78.668+1.007j)
 (-4.139+8.499j)
 (-25.869-1.833j)
 (17.273-22.450j)
 (67.421-45.370j)
 (-31.233-58.459j)
 (23.566-13.663j)
 (-91.983+5.399j)
 (41.523-26.960j)
 (-31.029-94.067j)
 (-6.186-6.250j)
 (-30.793-8.848j)
 (37.319-28.831j)
 (75.438+4.640j)
 (51.525+19.221j)
 (-18.877+22.042j)
 (24.164-85.751j)
 (38.866-23.693j)
 (-13.804-82.689j)
 (2.221+40.260j)
 (-90.032-41.840j)
 (15.612-3.275j)
 (-32.133+0.687j)
 (63.736+5.474j)
 (-4.072-18.122j)
 (-36.603-60.333j)
 (22.288-35.194j)
 (72.617-33.483j)
 (7.462-1.647j)
 (79.123+16.472j)
 (-34.973+29.063j)
 (-138.149+6.264j)
 (26.073+6.537j)
 (30.871-79.303j)
 (18.975-88.339j)
 (3.541-15.508j)
 (88.451-34.252j)
 (29.684+26.610j)
 (-27.146-84.102j)
 (34.698+41.900j)
 (15.458-11.490j)
 (7.254-19.768j)
 (-66.720-69.671j)
 (-84.411+38.906j)
 (-36.024-5.593j)
 (27.781-3.867j)
 (2.300+54.256j)
 (-12.015+5.954j)
 (22.446-42.437j)
 (38.758+44.168j)
 (-21.026+28.823j)
 (-26.504-73.014j)
 (-55.723+32.770j)
 (-13.216+5.143j)
 (60.709+5.136j)
 (6.222-33.564j)
 (9.543-75.413j)
 (26.074+13.015j)
 (18.761-31.016j)
 (1.547-2.455j)
 (10.126-13.628j)
 (-3.642+28.960j)
 (-30.288+31.759j)
 (91.911+35.461j)
 (2.229-13.956j)
 (-7.820+15.117j)
 (0.032+42.134j)
 (70.174-57.883j)
 (-41.368-34.331j)
 (-1.607-99.803j)
 (-7.274+6.481j)
 (33.095+48.403j)
 (9.683+136.271j)
 (28.152+39.975j)
 (-1.777-1.078j)
 (-4.676+4.519j)
 (-13.040+49.848j)
 (24.569+25.920j)
 (12.968+13.300j)
 (-59.151-31.911j)
 (3.396+15.500j)
 (-53.753+15.797j)
 (3.593+1.982j)
 (27.495-4.842j)
 (-1.434-49.488j)
 (59.878+32.054j)
 (-66.827+17.073j)
 (34.465-22.817j)
 (27.597-55.813j)
 (23.872-0.268j)
 (2.136-34.245j)
 (-15.863-51.718j)
 (-41.801+3.656j)
 (55.097+12.489j)
 (4.121-28.362j)
 (79.606-68.954j)
 (-22.397-19.181j)
 (-23.075+25.534j)
 (43.968-92.964j)
 (7.177+16.558j)
 (2.713-7.155j)
 (-38.087-0.765j)
 (-8.929+13.725j)
 (7.557-30.489j)
 (10.332-9.398j)
 (41.223+10.320j)
 (-7.382-38.797j)
 (-40.186+19.186j)
 (11.907-20.704j)
 (4.056+22.412j)
 (61.959-56.732j)
 (14.710+10.881j)
 (34.912+26.650j)
 (-36.869-59.445j)
 (-33.836-39.772j)
 (-13.358-4.534j)
 (75.876-25.352j)
 (-30.202+22.587j)
 (-64.181-66.169j)
 (13.987-50.509j)
 (23.592-20.036j)
 (18.297-4.608j)
 (42.999+20.501j)
 (21.574+1.578j)
 (32.054+116.648j)
 (-19.763+35.783j)
 (-14.232+39.542j)
 (56.058+37.533j)
 (-21.045-21.559j)
 (-25.841-48.493j)
 (-17.510+22.549j)
 (52.976+55.413j)
 (-19.959+1.354j)
 (46.796+35.016j)
 (-9.870-9.255j)
 (-97.486-31.394j)
 (10.140-108.895j)
 (77.841-14.142j)
 (-0.003+18.325j)
 (-37.231-21.194j)
 (34.909-25.721j)
 (4.775-19.382j)
 (-25.761-32.434j)
 (78.094+64.688j)
 (-43.949+23.792j)
 (-22.896-86.764j)
 (3.105-5.605j)
 (12.310+25.338j)
 (22.624+118.748j)
 (-18.775+75.284j)
 (4.407+17.493j)
