0.202
0.383
0.552
0.619
0.522
0.266
-0.070
-0.365
-0.505
-0.440
-0.208
0.079
0.292
0.343
0.225
0.016
-0.172
-0.247
-0.187
-0.047
0.081
0.117
0.042
-0.092
-0.198
-0.204
-0.099
0.057
0.173
0.175
0.058
-0.115
-0.246
-0.260
-0.154
-0.002
0.086
0.030
-0.168
-0.412
-0.560
-0.501
-0.218
0.192
0.560
0.728
0.627
0.315
-0.060
-0.326
-0.381
-0.234
0.008
0.206
0.263
0.180
0.039
-0.042
0.015
0.199
0.424
0.572
0.560
0.391
0.144
-0.072
-0.174
-0.157
-0.083
-0.044
-0.106
-0.265
-0.455
-0.587
-0.605
-0.516
-0.388
-0.303
-0.311
-0.391
-0.461
-0.425
-0.224
0.122
0.520
0.844
0.995
0.942
0.730
0.453
0.210
0.057
0.001
0.011
0.045
0.076
0.101
0.129
0.167
0.205
0.225
0.212
0.167
0.115
0.086
0.102
0.161
0.239
0.300
0.324
0.306
0.264
0.218
0.174
0.124
0.052
-0.045
-0.146
-0.207
-0.190
-0.083
0.082
0.236
0.308
0.261
0.114
-0.062
-0.180
-0.189
-0.095
0.037
0.123
0.111
0.008
-0.115
-0.169
-0.096
0.089
0.302
0.426
0.378
0.148
-0.185
-0.495
-0.664
-0.641
-0.456
-0.207
0.001
0.099
0.083
0.005
-0.062
-0.067
-0.005
0.089
0.161
0.171
0.109
-0.002
-0.124
-0.222
-0.276
-0.287
-0.266
-0.232
-0.205
-0.201
-0.233
-0.302
-0.393
-0.475
-0.507
-0.462
-0.339
-0.173
-0.020
0.066
0.065
0.002
-0.063
-0.067
0.013
0.147
0.260
0.273
0.147
-0.091
-0.351
-0.530
-0.552
-0.414
-0.176
0.071
0.252
0.345
0.373
0.378
0.382
0.363
0.273
0.077
-0.204
-0.481
-0.634
-0.572
-0.290
0.110
0.457
0.591
0.447
0.091
-0.306
-0.550
-0.525
-0.246
0.146
0.460
0.551
0.390
0.082
-0.198
-0.295
-0.147
0.184
0.552
0.803
0.846
0.688
0.422
0.163
-0.000
-0.047
-0.015
0.032
0.044
0.010
-0.047
-0.089
-0.091
-0.048
0.023
0.100
0.165
0.211
0.238
0.243
0.222
0.176
0.120
0.079
0.083
0.147
0.258
0.374
0.446
0.440
0.357
0.236
0.129
0.074
0.070
0.078
0.043
-0.069
-0.247
-0.437
-0.564
-0.575
-0.463
-0.273
-0.080
0.053
0.101
0.082
0.037
0.004
-0.011
-0.026
-0.067
-0.139
-0.219
-0.265
-0.244
-0.159
-0.059
-0.014
-0.072
-0.231
-0.422
-0.542
-0.501
-0.276
0.073
0.422
0.641
0.651
0.459
0.154
-0.140
-0.319
-0.338
-0.223
-0.044
0.121
0.226
0.264
0.255
0.228
0.196
0.157
0.106
0.048
0.005
0.007
0.073
0.196
0.335
0.431
0.432
0.318
0.112
-0.126
-0.325
-0.428
-0.414
-0.304
-0.153
-0.025
0.025
-0.026
-0.165
-0.347
-0.505
-0.581
-0.541
-0.391
-0.176
0.035
0.179
0.221
0.172
0.083
0.014
0.011
0.081
0.189
0.283
0.317
0.279
0.195
0.113
0.073
0.090
0.146
0.207
0.245
0.257
0.261
0.281
0.322
0.360
0.353
0.267
0.102
-0.100
-0.271
-0.354
-0.337
-0.255
-0.178
-0.162
-0.218
-0.299
-0.331
-0.257
-0.082
0.122
0.246
0.208
-0.003
-0.307
-0.571
-0.679
-0.590
-0.359
-0.111
0.029
0.003
-0.152
-0.332
-0.423
-0.371
-0.211
-0.041
0.033
-0.035
-0.208
-0.383
-0.457
-0.383
-0.199
-0.005
0.097
0.060
-0.082
-0.239
-0.320
-0.289
-0.184
-0.090
-0.081
-0.168
-0.288
-0.336
-0.234
0.017
0.324
0.542
0.555
0.337
-0.019
-0.348
-0.491
-0.377
-0.061
0.300
0.528
0.507
0.237
-0.163
-0.525
-0.704
-0.650
-0.418
-0.134
0.067
0.110
0.003
-0.177
-0.330
-0.386
-0.332
-0.217
-0.116
-0.092
-0.163
-0.295
-0.421
-0.472
-0.408
-0.238
-0.016
0.183
0.296
0.295
0.201
0.071
-0.025
-0.035
0.051
0.200
0.352
0.446
0.447
0.359
0.219
0.075
-0.038
-0.109
-0.148
-0.170
-0.176
-0.152
-0.076
0.060
0.231
0.382
0.448
0.389
0.215
-0.011
-0.197
-0.268
-0.203
-0.045
0.113
0.185
0.129
-0.028
-0.202
-0.304
-0.279
-0.139
0.049
0.201
0.265
0.241
0.181
0.150
0.187
0.274
0.351
0.344
0.211
-0.034
-0.326
-0.579
-0.727
-0.750
-0.673
-0.545
-0.411
-0.287
-0.168
-0.045
0.079
0.180
0.225
0.197
0.113
0.025
-0.005
0.064
0.223
0.417
0.563
0.592
0.484
0.275
0.039
-0.143
-0.224
-0.203
-0.117
-0.016
0.063
0.114
0.154
0.203
0.263
0.314
0.315
0.235
0.067
-0.153
-0.364
-0.494
-0.496
-0.364
-0.146
0.078
0.222
0.224
0.075
-0.173
-0.431
-0.594
-0.595
-0.424
-0.144
0.137
0.304
0.290
0.104
-0.171
-0.410
-0.507
-0.417
-0.179
0.105
0.323
0.402
0.341
0.202
0.070
0.007
0.020
0.065
0.081
0.036
-0.056
-0.138
-0.148
-0.066
0.074
0.189
0.204
0.090
-0.105
-0.278
-0.324
-0.189
0.090
0.409
0.642
0.706
0.599
0.393
0.192
0.073
0.048
0.070
0.073
0.014
-0.090
-0.176
-0.175
-0.061
0.125
0.292
0.349
0.255
0.047
-0.175
-0.299
-0.264
-0.085
0.150
0.328
0.371
0.271
0.091
-0.076
-0.153
-0.120
-0.016
0.088
0.127
0.076
-0.044
-0.186
-0.302
-0.365
-0.373
-0.339
-0.280
-0.205
-0.121
-0.038
0.027
0.058
0.046
0.005
-0.035
-0.041
-0.002
0.062
0.103
0.075
-0.038
-0.205
-0.354
-0.409
-0.327
-0.126
0.118
0.307
0.367
0.286
0.115
-0.060
-0.163
-0.168
-0.106
-0.040
-0.024
-0.075
-0.156
-0.206
-0.179
-0.067
0.085
0.209
0.250
0.195
0.079
-0.033
-0.089
-0.074
-0.020
0.015
-0.016
-0.120
-0.257
-0.358
-0.361
-0.244
-0.042
0.166
0.293
0.275
0.106
-0.161
-0.433
-0.610
-0.623
-0.459
-0.168
0.151
0.387
0.456
0.335
0.070
-0.237
-0.469
-0.541
-0.437
-0.217
0.007
0.129
0.092
-0.077
-0.282
-0.406
-0.371
-0.177
0.092
0.313
0.381
0.266
0.024
-0.227
-0.371
-0.346
-0.175
0.057
0.243
0.312
0.261
0.138
0.014
-0.062
-0.089
-0.105
-0.157
-0.263
-0.399
-0.512
-0.551
-0.496
-0.378
-0.252
-0.169
-0.144
-0.149
-0.132
-0.055
0.073
0.197
0.237
0.138
-0.099
-0.403
-0.671
-0.808
-0.781
-0.627
-0.438
-0.308
-0.287
-0.353
-0.428
-0.425
-0.291
-0.046
0.231
0.438
0.499
0.407
0.225
0.058
-0.001
0.089
0.290
0.507
0.629
0.581
0.359
0.030
-0.293
-0.502
-0.541
-0.423
-0.229
-0.063
-0.010
-0.094
-0.271
-0.451
-0.539
-0.484
-0.303
-0.076
0.092
0.120
-0.013
-0.254
-0.499
-0.644
-0.623
-0.444
-0.177
0.078
0.233
0.250
0.151
-0.001
-0.131
-0.185
-0.144
-0.026
0.130
0.285
0.409
0.487
0.514
0.495
0.443
0.381
0.336
0.329
0.365
0.423
0.461
0.438
0.335
0.175
0.021
-0.054
0.000
0.176
0.406
0.587
0.629
0.501
0.246
-0.032
-0.222
-0.256
-0.140
0.052
0.220
0.294
0.261
0.172
0.102
0.107
0.189
0.298
0.362
0.333
0.216
0.068
-0.033
-0.037
0.056
0.190
0.287
0.291
0.197
0.053
-0.067
-0.105
-0.050
0.061
0.167
0.218
0.202
0.144
0.088
0.060
0.057
0.048
-0.006
-0.114
-0.248
-0.351
-0.368
-0.278
-0.111
0.065
0.174
0.176
0.082
-0.051
-0.152
-0.171
-0.108
-0.007
0.068
0.069
-0.014
-0.148
-0.280
-0.362
-0.379
-0.346
-0.297
-0.264
-0.259
-0.270
-0.271
-0.240
-0.171
-0.075
0.029
0.120
0.184
0.215
0.208
0.156
0.053
-0.097
-0.273
-0.437
-0.545
-0.560
-0.474
-0.311
-0.120
0.044
0.141
0.158
0.111
0.027
-0.066
-0.152
-0.228
-0.290
-0.331
-0.332
-0.276
-0.162
-0.011
0.134
0.222
0.222
0.141
0.024
-0.065
-0.068
0.035
0.216
0.407
0.532
0.537
0.413
0.200
-0.038
-0.234
-0.350
-0.380
-0.346
-0.278
-0.200
-0.122
-0.042
0.035
0.098
0.126
0.102
0.030
-0.063
-0.131
-0.132
-0.048
0.096
0.241
0.314
0.268
0.104
-0.120
-0.313
-0.384
-0.285
-0.037
0.280
0.551
0.678
0.617
0.393
0.092
-0.180
-0.335
-0.336
-0.208
-0.018
0.155
0.253
0.261
0.204
0.132
0.090
0.102
0.160
0.231
0.275
0.264
0.194
0.089
-0.013
-0.074
-0.068
0.010
0.145
0.306
0.461
0.582
0.650
0.656
0.601
0.495
0.355
0.208
0.083
0.005
-0.013
0.021
0.075
0.107
0.079
-0.027
-0.192
-0.366
-0.488
-0.507
-0.413
-0.242
-0.064
0.045
0.039
-0.080
-0.256
-0.408
-0.466
-0.402
-0.240
-0.046
0.111
0.186
0.179
0.126
0.075
0.052
0.049
0.030
-0.044
-0.183
-0.356
-0.497
-0.540
-0.452
-0.259
-0.033
0.134
0.176
0.083
-0.096
-0.275
-0.371
-0.344
-0.206
-0.014
0.164
0.273
0.296
0.245
0.149
0.037
-0.070
-0.159
-0.221
-0.240
-0.209
-0.130
-0.030
0.048
0.061
-0.011
-0.147
-0.290
-0.372
-0.342
-0.198
0.012
0.208
0.315
0.296
0.167
-0.020
-0.200
-0.328
-0.394
-0.416
-0.419
-0.414
-0.397
-0.355
-0.288
-0.218
-0.183
-0.213
-0.306
-0.415
-0.466
-0.392
-0.175
0.132
0.426
0.588
0.550
0.319
-0.014
-0.322
-0.493
-0.483
-0.330
-0.124
0.035
0.092
0.054
-0.023
-0.073
-0.055
0.019
0.100
0.131
0.080
-0.042
-0.187
-0.295
-0.330
-0.290
-0.208
-0.129
-0.089
-0.098
-0.140
-0.187
-0.215
-0.216
-0.194
-0.164
-0.137
-0.119
-0.108
-0.104
-0.107
-0.121
-0.147
-0.181
-0.211
-0.223
-0.205
-0.152
-0.066
0.044
0.167
0.287
0.388
0.445
0.439
0.356
0.206
0.021
-0.145
-0.239
-0.227
-0.111
0.068
0.245
0.363
0.390
0.331
0.219
0.094
-0.019
-0.116
-0.204
-0.286
-0.350
-0.364
-0.296
-0.141
0.071
0.279
0.413
0.433
0.351
0.220
0.114
0.086
0.139
0.224
0.271
0.230
0.100
-0.067
-0.191
-0.212
-0.118
0.040
0.183
0.239
0.190
0.076
-0.024
-0.035
0.069
0.255
0.448
0.567
0.573
0.481
0.350
0.248
0.209
0.223
0.236
0.192
0.064
-0.124
-0.306
-0.403
-0.368
-0.210
0.010
0.196
0.268
0.187
-0.018
-0.270
-0.474
-0.551
-0.476
-0.281
-0.044
0.141
0.200
0.113
-0.082
-0.301
-0.450
-0.460
-0.319
-0.079
0.165
0.316
0.316
0.170
-0.058
-0.272
-0.395
-0.395
-0.302
-0.181
-0.097
-0.078
-0.101
-0.113
-0.060
0.070
0.243
0.386
0.432
0.352
0.175
-0.026
-0.174
-0.225
-0.191
-0.127
-0.100
-0.149
-0.265
-0.393
-0.470
-0.458
-0.366
-0.240
-0.139
-0.097
-0.105
-0.120
-0.092
0.003
0.146
0.281
0.344
0.301
0.162
-0.021
-0.179
-0.258
-0.239
-0.140
0.003
0.158
0.308
0.451
0.582
0.684
0.723
0.666
0.502
0.257
-0.003
-0.196
-0.261
-0.181
0.002
0.207
0.349
0.375
0.280
0.111
-0.062
-0.180
-0.216
-0.186
-0.134
-0.105
-0.125
-0.184
-0.245
-0.260
-0.192
-0.038
0.172
0.376
0.512
0.532
0.430
0.241
0.028
-0.136
-0.206
-0.174
-0.076
0.026
0.080
0.064
-0.000
-0.059
-0.057
0.031
0.186
0.349
0.452
0.451
0.348
0.192
0.048
-0.036
-0.056
-0.051
-0.077
-0.172
-0.325
-0.477
-0.548
-0.485
-0.287
-0.020
0.217
0.337
0.306
0.159
-0.016
-0.124
-0.105
0.042
0.262
0.473
0.606
0.624
0.534
0.367
0.165
-0.033
-0.193
-0.283
-0.272
-0.142
0.095
0.391
0.662
0.819
0.807
0.628
0.348
0.068
-0.123
-0.189
-0.161
-0.111
-0.109
-0.176
-0.272
-0.318
-0.248
-0.058
0.179
0.344
0.329
0.107
-0.248
-0.581
-0.732
-0.610
-0.243
0.230
0.623
0.789
0.685
0.387
0.045
-0.189
-0.237
-0.116
0.082
0.247
0.310
0.281
0.222
0.214
0.296
0.444
0.586
0.634
0.541
0.321
0.043
-0.201
-0.339
-0.346
-0.244
-0.079
0.106
0.287
0.456
0.605
0.708
0.723
0.612
0.367
0.032
-0.302
-0.533
-0.593
-0.482
-0.277
-0.095
-0.043
-0.159
-0.395
-0.637
-0.757
-0.680
-0.420
-0.075
0.214
0.333
0.247
0.016
-0.240
-0.398
-0.390
-0.235
-0.023
0.137
0.173
0.090
-0.041
-0.116
-0.064
0.113
0.333
0.474
0.430
0.170
-0.243
-0.672
-0.964
-1.016
-0.820
-0.459
-0.071
0.210
0.309
0.232
0.055
-0.122
-0.219
-0.205
-0.101
0.039
0.157
0.217
0.213
0.159
0.080
-0.007
-0.089
-0.158
-0.203
-0.213
-0.179
-0.103
-0.003
0.093
0.160
0.191
0.197
0.207
0.243
0.309
0.386
0.436
0.426
0.346
0.221
0.093
0.009
-0.013
0.011
0.042
0.038
-0.016
-0.097
-0.154
-0.134
-0.018
0.168
0.357
0.473
0.469
0.353
0.183
0.041
-0.006
0.059
0.195
0.328
0.384
0.329
0.180
0.001
-0.135
-0.174
-0.107
0.031
0.182
0.290
0.320
0.268
0.156
0.014
-0.126
-0.239
-0.307
-0.322
-0.287
-0.218
-0.144
-0.102
-0.121
-0.205
-0.328
-0.437
-0.476
-0.410
-0.244
-0.022
0.185
0.316
0.343
0.282
0.182
0.096
0.058
0.066
0.089
0.088
0.042
-0.043
-0.140
-0.212
-0.242
-0.233
-0.212
-0.205
-0.225
-0.263
-0.297
-0.308
-0.292
-0.266
-0.251
-0.258
-0.273
-0.260
-0.182
-0.029
0.170
0.346
0.417
0.330
0.088
-0.243
-0.558
-0.754
-0.773
-0.628
-0.394
-0.170
-0.044
-0.048
-0.156
-0.296
-0.387
-0.378
-0.260
-0.074
0.116
0.252
0.304
0.283
0.230
0.197
0.218
0.293
0.386
0.436
0.391
0.228
-0.022
-0.283
-0.461
-0.483
-0.334
-0.066
0.213
0.392
0.406
0.268
0.065
-0.086
-0.100
0.024
0.201
0.296
0.199
-0.103
-0.512
-0.847
-0.935
-0.700
-0.211
0.338
0.717
0.767
0.482
0.012
-0.409
-0.577
-0.422
-0.035
0.376
0.601
0.530
0.206
-0.198
-0.478
-0.504
-0.283
0.052
0.315
0.370
0.197
-0.103
-0.376
-0.495
-0.429
-0.246
-0.067
0.011
-0.029
-0.123
-0.168
-0.093
0.097
0.319
0.458
0.436
0.252
-0.012
-0.244
-0.355
-0.329
-0.220
-0.112
-0.066
-0.089
-0.133
-0.134
-0.063
0.055
0.153
0.165
0.075
-0.073
-0.191
-0.210
-0.117
0.025
0.113
0.069
-0.111
-0.339
-0.485
-0.439
-0.190
0.170
0.475
0.582
0.438
0.119
-0.210
-0.380
-0.305
-0.027
0.312
0.545
0.570
0.400
0.152
-0.030
-0.050
0.079
0.250
0.326
0.219
-0.050
-0.365
-0.572
-0.563
-0.337
0.004
0.304
0.440
0.378
0.186
-0.007
-0.090
-0.026
0.135
0.285
0.325
0.219
0.012
-0.200
-0.320
-0.303
-0.172
0.007
0.164
0.264
0.318
0.357
0.400
0.428
0.388
0.230
-0.051
-0.391
-0.671
-0.771
-0.630
-0.285
0.134
0.464
0.583
0.469
0.211
-0.035
-0.126
-0.004
0.278
0.582
0.759
0.722
0.491
0.180
-0.064
-0.135
-0.019
0.200
0.391
0.444
0.326
0.097
-0.126
-0.230
-0.163
0.039
0.279
0.450
0.487
0.399
0.256
0.149
0.135
0.216
0.333
0.410
0.393
0.278
0.115
-0.026
-0.089
-0.063
0.014
0.082
0.090
0.025
-0.081
-0.170
-0.186
-0.105
0.057
0.253
0.428
0.541
0.575
0.536
0.443
0.315
0.174
0.038
-0.069
-0.123
-0.109
-0.030
0.084
0.186
0.225
0.174
0.041
-0.133
-0.292
-0.389
-0.404
-0.356
-0.279
-0.209
-0.162
-0.132
-0.104
-0.068
-0.036
-0.032
-0.082
-0.187
-0.315
-0.407
-0.410
-0.301
-0.108
0.096
0.228
0.231
0.106
-0.090
-0.272
-0.363
-0.334
-0.217
-0.083
-0.009
-0.037
-0.158
-0.319
-0.450
-0.498
-0.448
-0.324
-0.170
-0.025
0.093
0.193
0.293
0.405
0.525
0.630
0.689
0.676
0.585
0.428
0.238
0.052
-0.088
-0.149
-0.111
0.022
0.225
0.443
0.612
0.672
0.593
0.394
0.140
-0.079
-0.182
-0.136
0.031
0.236
0.380
0.388
0.246
0.003
-0.245
-0.405
-0.425
-0.316
-0.144
0.007
0.069
0.024
-0.095
-0.223
-0.293
-0.271
-0.164
-0.020
0.100
0.145
0.096
-0.032
-0.195
-0.341
-0.423
-0.424
-0.350
-0.238
-0.134
-0.082
-0.105
-0.196
-0.322
-0.434
-0.489
-0.471
-0.397
-0.310
-0.258
-0.272
-0.345
-0.436
-0.488
-0.459
-0.343
-0.177
-0.026
0.052
0.034
-0.052
-0.147
-0.181
-0.117
0.030
0.201
0.318
0.320
0.194
-0.017
-0.238
-0.393
-0.434
-0.363
-0.222
-0.073
0.026
0.045
-0.015
-0.128
-0.255
-0.356
-0.401
-0.373
-0.277
-0.134
0.016
0.130
0.178
0.157
0.098
0.055
0.083
