-0.214
-0.248
-0.177
-0.010
0.200
0.371
0.435
0.366
0.194
-0.009
-0.163
-0.223
-0.189
-0.105
-0.030
-0.000
-0.013
-0.031
-0.004
0.093
0.242
0.383
0.443
0.371
0.170
-0.103
-0.356
-0.503
-0.501
-0.369
-0.178
-0.018
0.042
-0.018
-0.165
-0.331
-0.445
-0.466
-0.398
-0.282
-0.179
-0.137
-0.172
-0.264
-0.360
-0.403
-0.348
-0.186
0.056
0.322
0.544
0.664
0.656
0.532
0.333
0.121
-0.050
-0.147
-0.168
-0.138
-0.089
-0.049
-0.026
-0.009
0.016
0.060
0.114
0.159
0.173
0.146
0.093
0.042
0.025
0.052
0.108
0.156
0.154
0.084
-0.039
-0.168
-0.248
-0.243
-0.158
-0.036
0.056
0.066
-0.022
-0.178
-0.342
-0.451
-0.472
-0.411
-0.311
-0.224
-0.190
-0.220
-0.294
-0.377
-0.433
-0.442
-0.396
-0.300
-0.167
-0.011
0.147
0.277
0.347
0.332
0.232
0.076
-0.079
-0.176
-0.176
-0.080
0.066
0.198
0.259
0.227
0.123
-0.001
-0.092
-0.121
-0.093
-0.042
-0.004
0.004
-0.004
0.001
0.050
0.148
0.267
0.362
0.391
0.340
0.229
0.104
0.013
-0.016
0.012
0.067
0.110
0.117
0.085
0.033
-0.012
-0.027
-0.006
0.046
0.116
0.188
0.254
0.303
0.330
0.330
0.300
0.251
0.199
0.160
0.143
0.140
0.131
0.094
0.022
-0.065
-0.132
-0.138
-0.066
0.065
0.202
0.289
0.287
0.202
0.080
-0.018
-0.051
-0.022
0.021
0.016
-0.076
-0.240
-0.409
-0.499
-0.452
-0.274
-0.038
0.149
0.201
0.099
-0.096
-0.276
-0.337
-0.235
-0.009
0.238
0.393
0.387
0.228
-0.008
-0.218
-0.319
-0.287
-0.158
0.002
0.132
0.205
0.232
0.243
0.257
0.275
0.270
0.217
0.108
-0.034
-0.168
-0.253
-0.274
-0.248
-0.215
-0.213
-0.257
-0.327
-0.379
-0.369
-0.275
-0.110
0.085
0.256
0.360
0.379
0.316
0.193
0.036
-0.132
-0.291
-0.421
-0.502
-0.516
-0.452
-0.315
-0.130
0.069
0.243
0.360
0.403
0.370
0.275
0.137
-0.014
-0.148
-0.231
-0.243
-0.179
-0.059
0.076
0.176
0.198
0.130
-0.008
-0.167
-0.294
-0.350
-0.332
-0.268
-0.203
-0.176
-0.205
-0.273
-0.345
-0.380
-0.352
-0.255
-0.109
0.055
0.204
0.312
0.367
0.369
0.329
0.263
0.193
0.136
0.103
0.086
0.071
0.034
-0.037
-0.137
-0.237
-0.301
-0.300
-0.230
-0.123
-0.031
-0.004
-0.061
-0.179
-0.297
-0.346
-0.285
-0.118
0.098
0.286
0.380
0.357
0.244
0.102
-0.009
-0.055
-0.046
-0.017
-0.011
-0.046
-0.112
-0.175
-0.204
-0.185
-0.133
-0.077
-0.041
-0.028
-0.019
0.015
0.093
0.203
0.313
0.375
0.359
0.267
0.129
-0.005
-0.094
-0.124
-0.111
-0.086
-0.079
-0.095
-0.119
-0.120
-0.075
0.018
0.139
0.252
0.326
0.345
0.315
0.256
0.191
0.131
0.077
0.021
-0.041
-0.102
-0.150
-0.167
-0.143
-0.083
-0.007
0.055
0.074
0.029
-0.079
-0.230
-0.385
-0.496
-0.519
-0.436
-0.261
-0.046
0.132
0.196
0.103
-0.130
-0.431
-0.689
-0.798
-0.704
-0.433
-0.080
0.226
0.377
0.332
0.134
-0.114
-0.297
-0.339
-0.236
-0.049
0.133
0.235
0.236
0.167
0.091
0.057
0.078
0.124
0.148
0.117
0.038
-0.044
-0.071
-0.013
0.114
0.247
0.306
0.240
0.061
-0.164
-0.338
-0.386
-0.297
-0.129
0.019
0.061
-0.026
-0.190
-0.327
-0.338
-0.182
0.093
0.377
0.546
0.532
0.357
0.128
-0.020
0.007
0.208
0.489
0.703
0.730
0.536
0.198
-0.136
-0.319
-0.274
-0.038
0.265
0.484
0.514
0.350
0.079
-0.171
-0.296
-0.269
-0.146
-0.024
0.014
-0.048
-0.157
-0.224
-0.181
-0.028
0.165
0.296
0.286
0.130
-0.097
-0.276
-0.307
-0.158
0.113
0.389
0.559
0.564
0.429
0.239
0.091
0.040
0.082
0.159
0.208
0.193
0.129
0.066
0.052
0.096
0.166
0.201
0.155
0.027
-0.133
-0.246
-0.248
-0.123
0.087
0.306
0.459
0.510
0.467
0.370
0.258
0.148
0.033
-0.099
-0.240
-0.355
-0.388
-0.301
-0.100
0.154
0.369
0.465
0.412
0.254
0.077
-0.028
-0.018
0.082
0.199
0.254
0.212
0.101
-0.005
-0.029
0.059
0.227
0.396
0.485
0.460
0.351
0.232
0.176
0.211
0.300
0.364
0.331
0.183
-0.030
-0.208
-0.259
-0.148
0.080
0.321
0.465
0.453
0.306
0.109
-0.034
-0.059
0.031
0.165
0.247
0.208
0.039
-0.200
-0.414
-0.520
-0.479
-0.314
-0.093
0.099
0.201
0.187
0.077
-0.082
-0.233
-0.326
-0.337
-0.269
-0.153
-0.037
0.030
0.021
-0.059
-0.163
-0.223
-0.181
-0.018
0.224
0.457
0.584
0.544
0.346
0.075
-0.148
-0.219
-0.105
0.139
0.396
0.540
0.497
0.281
-0.017
-0.277
-0.399
-0.355
-0.183
0.034
0.215
0.315
0.334
0.299
0.233
0.144
0.024
-0.127
-0.283
-0.389
-0.383
-0.234
0.031
0.321
0.522
0.545
0.374
0.080
-0.210
-0.371
-0.345
-0.160
0.075
0.235
0.238
0.083
-0.146
-0.333
-0.383
-0.273
-0.053
0.178
0.329
0.357
0.284
0.174
0.093
0.074
0.103
0.133
0.118
0.045
-0.062
-0.151
-0.178
-0.131
-0.040
0.038
0.047
-0.038
-0.201
-0.389
-0.544
-0.623
-0.616
-0.541
-0.430
-0.309
-0.188
-0.065
0.063
0.188
0.289
0.341
0.331
0.269
0.190
0.135
0.134
0.187
0.262
0.307
0.273
0.143
-0.065
-0.295
-0.484
-0.581
-0.567
-0.461
-0.302
-0.138
-0.000
0.099
0.165
0.209
0.242
0.263
0.270
0.262
0.246
0.236
0.248
0.293
0.368
0.456
0.534
0.578
0.575
0.520
0.424
0.302
0.176
0.065
-0.015
-0.058
-0.072
-0.077
-0.101
-0.171
-0.294
-0.453
-0.604
-0.691
-0.668
-0.525
-0.297
-0.055
0.122
0.181
0.123
0.003
-0.093
-0.087
0.056
0.306
0.581
0.783
0.840
0.735
0.514
0.259
0.058
-0.031
-0.001
0.115
0.256
0.363
0.393
0.331
0.185
-0.019
-0.242
-0.442
-0.577
-0.620
-0.565
-0.430
-0.255
-0.087
0.043
0.129
0.188
0.247
0.319
0.388
0.414
0.353
0.188
-0.055
-0.302
-0.467
-0.486
-0.351
-0.116
0.127
0.292
0.336
0.273
0.159
0.058
0.002
-0.016
-0.031
-0.077
-0.153
-0.223
-0.236
-0.161
-0.012
0.150
0.248
0.231
0.106
-0.061
-0.181
-0.186
-0.075
0.090
0.215
0.224
0.103
-0.093
-0.268
-0.337
-0.269
-0.098
0.100
0.254
0.329
0.341
0.331
0.337
0.361
0.369
0.323
0.208
0.055
-0.073
-0.115
-0.054
0.073
0.191
0.229
0.169
0.057
-0.016
0.030
0.215
0.482
0.714
0.802
0.698
0.441
0.141
-0.083
-0.161
-0.104
0.011
0.094
0.095
0.036
-0.014
0.018
0.155
0.345
0.487
0.484
0.304
-0.001
-0.312
-0.505
-0.508
-0.340
-0.093
0.114
0.198
0.141
-0.007
-0.169
-0.284
-0.335
-0.348
-0.359
-0.390
-0.430
-0.443
-0.402
-0.310
-0.202
-0.130
-0.125
-0.180
-0.246
-0.259
-0.179
-0.012
0.189
0.354
0.432
0.420
0.358
0.301
0.286
0.306
0.314
0.258
0.115
-0.084
-0.265
-0.347
-0.285
-0.100
0.129
0.296
0.328
0.214
0.016
-0.163
-0.224
-0.121
0.119
0.411
0.648
0.748
0.680
0.470
0.184
-0.101
-0.326
-0.464
-0.512
-0.486
-0.402
-0.275
-0.116
0.058
0.222
0.344
0.395
0.357
0.236
0.062
-0.118
-0.260
-0.334
-0.340
-0.300
-0.250
-0.219
-0.214
-0.220
-0.204
-0.143
-0.035
0.093
0.198
0.242
0.214
0.143
0.084
0.091
0.185
0.345
0.509
0.605
0.587
0.457
0.262
0.067
-0.079
-0.163
-0.214
-0.272
-0.356
-0.446
-0.489
-0.428
-0.241
0.041
0.338
0.562
0.661
0.641
0.562
0.497
0.484
0.505
0.492
0.371
0.117
-0.218
-0.524
-0.677
-0.612
-0.353
-0.010
0.272
0.389
0.324
0.153
-0.001
-0.033
0.086
0.300
0.502
0.592
0.529
0.352
0.146
-0.005
-0.062
-0.047
-0.020
-0.039
-0.120
-0.233
-0.319
-0.330
-0.258
-0.141
-0.036
0.009
-0.017
-0.087
-0.158
-0.196
-0.196
-0.179
-0.171
-0.187
-0.217
-0.237
-0.231
-0.204
-0.185
-0.208
-0.285
-0.391
-0.476
-0.484
-0.393
-0.226
-0.052
0.055
0.047
-0.069
-0.236
-0.377
-0.428
-0.365
-0.211
-0.013
0.179
0.332
0.429
0.463
0.423
0.301
0.100
-0.147
-0.376
-0.509
-0.491
-0.317
-0.044
0.230
0.414
0.464
0.406
0.318
0.280
0.329
0.434
0.514
0.489
0.329
0.080
-0.151
-0.253
-0.169
0.069
0.356
0.561
0.595
0.452
0.205
-0.034
-0.173
-0.180
-0.090
0.024
0.099
0.114
0.094
0.083
0.112
0.174
0.231
0.235
0.165
0.039
-0.091
-0.169
-0.165
-0.086
0.027
0.128
0.188
0.210
0.214
0.224
0.245
0.264
0.260
0.227
0.178
0.143
0.149
0.196
0.252
0.271
0.217
0.094
-0.053
-0.151
-0.142
-0.009
0.203
0.412
0.532
0.515
0.368
0.148
-0.070
-0.228
-0.303
-0.309
-0.274
-0.220
-0.151
-0.061
0.052
0.168
0.248
0.246
0.143
-0.046
-0.265
-0.444
-0.526
-0.494
-0.374
-0.222
-0.092
-0.014
0.019
0.038
0.072
0.134
0.205
0.248
0.228
0.134
-0.011
-0.157
-0.248
-0.245
-0.145
0.013
0.168
0.252
0.221
0.075
-0.144
-0.361
-0.496
-0.495
-0.353
-0.116
0.136
0.320
0.387
0.342
0.239
0.150
0.130
0.186
0.272
0.315
0.258
0.094
-0.117
-0.281
-0.309
-0.172
0.085
0.357
0.532
0.546
0.412
0.214
0.057
0.017
0.093
0.218
0.294
0.252
0.092
-0.114
-0.260
-0.260
-0.101
0.154
0.393
0.514
0.473
0.305
0.101
-0.038
-0.055
0.044
0.196
0.319
0.353
0.283
0.144
-0.009
-0.125
-0.179
-0.170
-0.108
-0.003
0.141
0.318
0.508
0.667
0.740
0.682
0.480
0.172
-0.160
-0.420
-0.534
-0.478
-0.287
-0.042
0.166
0.270
0.248
0.129
-0.028
-0.157
-0.213
-0.188
-0.107
-0.017
0.038
0.036
-0.016
-0.082
-0.116
-0.083
0.021
0.166
0.299
0.361
0.322
0.186
-0.002
-0.183
-0.309
-0.363
-0.369
-0.364
-0.383
-0.426
-0.459
-0.434
-0.315
-0.107
0.139
0.352
0.475
0.495
0.456
0.431
0.481
0.617
0.788
0.899
0.867
0.662
0.330
-0.020
-0.269
-0.340
-0.227
0.005
0.260
0.459
0.573
0.624
0.653
0.685
0.707
0.675
0.546
0.313
0.023
-0.238
-0.390
-0.399
-0.296
-0.163
-0.087
-0.112
-0.213
-0.314
-0.328
-0.213
-0.001
0.219
0.343
0.310
0.137
-0.085
-0.240
-0.246
-0.094
0.146
0.362
0.463
0.417
0.269
0.107
0.012
0.019
0.094
0.168
0.174
0.090
-0.044
-0.151
-0.160
-0.051
0.132
0.293
0.339
0.219
-0.042
-0.352
-0.594
-0.676
-0.569
-0.319
-0.022
0.220
0.338
0.318
0.199
0.042
-0.094
-0.180
-0.219
-0.229
-0.230
-0.225
-0.201
-0.139
-0.030
0.110
0.246
0.329
0.323
0.222
0.054
-0.124
-0.246
-0.266
-0.173
0.003
0.198
0.343
0.386
0.312
0.152
-0.037
-0.184
-0.243
-0.199
-0.081
0.055
0.149
0.159
0.079
-0.063
-0.219
-0.338
-0.391
-0.375
-0.315
-0.246
-0.200
-0.190
-0.210
-0.241
-0.263
-0.261
-0.233
-0.181
-0.111
-0.027
0.069
0.170
0.260
0.317
0.317
0.251
0.133
0.001
-0.094
-0.111
-0.034
0.113
0.275
0.390
0.412
0.332
0.178
0.001
-0.151
-0.253
-0.307
-0.339
-0.376
-0.428
-0.481
-0.509
-0.485
-0.404
-0.281
-0.150
-0.045
0.014
0.029
0.015
-0.010
-0.035
-0.058
-0.079
-0.090
-0.077
-0.021
0.082
0.212
0.328
0.384
0.352
0.245
0.110
0.014
0.004
0.082
0.195
0.266
0.231
0.078
-0.137
-0.315
-0.361
-0.235
0.022
0.303
0.489
0.501
0.344
0.103
-0.100
-0.167
-0.067
0.149
0.378
0.521
0.524
0.400
0.210
0.027
-0.103
-0.174
-0.208
-0.226
-0.227
-0.183
-0.067
0.121
0.333
0.486
0.497
0.329
0.021
-0.319
-0.560
-0.605
-0.436
-0.126
0.193
0.397
0.418
0.274
0.058
-0.118
-0.171
-0.087
0.078
0.233
0.295
0.228
0.052
-0.164
-0.343
-0.426
-0.393
-0.258
-0.063
0.143
0.317
0.424
0.444
0.373
0.224
0.033
-0.145
-0.255
-0.257
-0.150
0.027
0.203
0.302
0.274
0.122
-0.103
-0.322
-0.458
-0.475
-0.390
-0.257
-0.146
-0.101
-0.122
-0.166
-0.169
-0.085
0.089
0.302
0.473
0.528
0.431
0.214
-0.043
-0.239
-0.294
-0.190
0.029
0.267
0.424
0.426
0.259
-0.034
-0.372
-0.665
-0.840
-0.861
-0.725
-0.461
-0.119
0.241
0.550
0.752
0.810
0.727
0.548
0.353
0.222
0.207
0.301
0.437
0.520
0.468
0.259
-0.049
-0.343
-0.504
-0.463
-0.239
0.072
0.339
0.463
0.418
0.264
0.107
0.042
0.105
0.257
0.410
0.480
0.433
0.300
0.155
0.070
0.066
0.110
0.130
0.071
-0.075
-0.252
-0.379
-0.392
-0.288
-0.134
-0.028
-0.047
-0.198
-0.413
-0.578
-0.600
-0.451
-0.187
0.079
0.243
0.256
0.152
0.020
-0.050
-0.016
0.095
0.203
0.231
0.151
0.003
-0.126
-0.150
-0.038
0.165
0.360
0.441
0.348
0.100
-0.217
-0.490
-0.629
-0.602
-0.441
-0.212
0.015
0.199
0.330
0.420
0.481
0.509
0.489
0.405
0.256
0.067
-0.122
-0.265
-0.332
-0.315
-0.225
-0.086
0.077
0.242
0.389
0.497
0.547
0.527
0.442
0.314
0.182
0.086
0.051
0.076
0.135
0.189
0.202
0.159
0.066
-0.048
-0.153
-0.224
-0.253
-0.247
-0.223
-0.195
-0.176
-0.166
-0.158
-0.141
-0.102
-0.036
0.055
0.153
0.234
0.269
0.242
0.158
0.044
-0.058
-0.114
-0.108
-0.056
0.003
0.028
0.002
-0.059
-0.108
-0.094
0.011
0.192
0.394
0.548
0.603
0.550
0.428
0.299
0.217
0.198
0.217
0.223
0.171
0.046
-0.123
-0.283
-0.380
-0.388
-0.310
-0.178
-0.029
0.109
0.224
0.311
0.364
0.373
0.331
0.244
0.141
0.064
0.046
0.092
0.166
0.205
0.156
0.004
-0.205
-0.387
-0.455
-0.369
-0.162
0.073
0.225
0.223
0.071
-0.152
-0.338
-0.399
-0.315
-0.133
0.059
0.188
0.231
0.219
0.212
0.256
0.351
0.455
0.510
0.484
0.392
0.284
0.214
0.200
0.208
0.169
0.030
-0.208
-0.475
-0.655
-0.647
-0.423
-0.048
0.343
0.603
0.645
0.475
0.189
-0.082
-0.236
-0.239
-0.133
-0.002
0.080
0.080
0.019
-0.056
-0.101
-0.098
-0.057
0.002
0.068
0.147
0.253
0.390
0.534
0.642
0.669
0.597
0.444
0.261
0.106
0.009
-0.035
-0.065
-0.121
-0.217
-0.329
-0.409
-0.410
-0.320
-0.168
-0.011
0.095
0.126
0.096
0.046
0.017
0.025
0.058
0.092
0.111
0.125
0.160
0.236
0.345
0.444
0.472
0.387
0.196
-0.036
-0.214
-0.256
-0.144
0.068
0.276
0.373
0.306
0.102
-0.154
-0.360
-0.451
-0.425
-0.339
-0.268
-0.259
-0.310
-0.376
-0.400
-0.350
-0.241
-0.122
-0.047
-0.041
-0.091
-0.152
-0.179
-0.157
-0.102
-0.055
-0.049
-0.092
-0.163
-0.230
-0.272
-0.300
-0.346
-0.443
-0.596
-0.771
-0.902
-0.929
-0.827
-0.625
-0.393
-0.207
-0.116
-0.118
-0.163
-0.189
-0.152
-0.047
0.091
0.210
0.272
0.265
0.209
0.132
0.058
-0.005
-0.061
-0.113
-0.154
-0.169
-0.144
-0.085
-0.016
0.022
0.000
-0.084
-0.200
-0.297
-0.330
-0.284
-0.186
-0.085
-0.029
-0.035
-0.080
-0.112
-0.078
0.042
0.227
0.418
0.546
0.564
0.465
0.279
0.060
-0.138
-0.280
-0.351
-0.354
-0.300
-0.206
-0.088
0.027
0.111
0.138
0.096
-0.006
-0.136
-0.254
-0.324
-0.334
-0.293
-0.225
-0.157
-0.100
-0.054
-0.006
0.050
0.111
0.166
0.201
0.212
0.208
0.204
0.212
0.231
0.242
0.227
0.176
0.100
0.032
0.008
0.050
0.153
0.284
0.398
0.458
0.451
0.390
0.304
0.216
0.136
0.057
-0.033
-0.139
-0.247
-0.334
-0.378
-0.370
-0.321
-0.253
-0.186
-0.126
-0.065
0.008
0.090
0.159
0.176
0.110
-0.046
-0.254
-0.449
-0.557
-0.538
-0.396
-0.188
0.009
0.132
0.156
0.104
0.029
-0.015
-0.003
0.055
0.121
0.155
0.136
0.072
-0.012
-0.083
-0.124
-0.134
-0.124
-0.106
-0.084
-0.055
-0.019
0.017
0.032
-0.001
-0.097
-0.248
-0.421
-0.569
-0.647
-0.630
-0.523
-0.359
-0.180
-0.026
0.078
0.128
0.132
0.107
0.071
0.041
0.028
0.041
0.078
0.129
0.176
0.200
0.184
0.127
0.034
-0.077
-0.193
-0.307
-0.417
-0.521
-0.611
-0.667
-0.666
-0.594
-0.452
-0.265
-0.074
0.084
0.185
0.227
0.225
0.198
0.158
0.107
0.045
-0.017
-0.054
-0.031
0.072
0.246
0.446
0.602
0.652
0.574
0.402
0.214
0.093
0.090
0.196
0.344
0.453
0.460
0.365
0.220
0.103
0.076
0.148
0.277
0.394
0.442
0.409
0.329
0.251
0.207
0.187
0.144
0.027
-0.182
-0.444
-0.675
-0.787
-0.734
-0.541
-0.294
-0.098
-0.030
-0.100
-0.253
-0.401
-0.468
-0.424
-0.287
-0.103
0.084
0.253
0.401
0.525
0.604
0.597
0.471
0.230
-0.065
-0.309
-0.401
-0.293
-0.028
0.273
0.466
0.457
0.254
-0.033
-0.246
-0.263
-0.064
0.253
0.522
0.598
0.433
0.106
-0.216
-0.367
-0.268
0.025
0.355
0.541
0.475
0.176
-0.219
-0.527
-0.611
-0.450
-0.145
0.137
0.252
0.145
-0.122
-0.412
-0.583
-0.564
-0.382
-0.143
0.026
0.044
-0.090
-0.304
-0.491
-0.574
-0.532
-0.409
-0.280
-0.207
-0.207
-0.244
-0.252
-0.176
-0.002
0.231
0.444
0.554
0.506
0.303
-0.001
-0.316
-0.545
-0.619
-0.517
-0.265
0.067
0.392
0.628
0.724
0.668
0.490
0.254
0.038
-0.094
-0.105
0.001
0.181
0.371
0.508
0.549
0.482
0.329
0.134
-0.054
-0.197
-0.277
-0.294
-0.264
-0.205
-0.134
-0.059
0.014
0.084
0.148
0.204
0.251
0.289
0.322
0.351
0.372
0.374
0.345
0.277
0.168
0.033
-0.106
-0.226
-0.312
-0.360
-0.378
-0.377
-0.367
-0.345
-0.310
-0.261
-0.213
-0.192
-0.225
-0.321
-0.459
-0.586
-0.637
-0.563
-0.359
-0.081
0.176
0.311
0.263
0.042
-0.271
-0.561
-0.725
-0.716
-0.560
-0.333
-0.124
0.014
0.083
0.125
0.192
0.298
0.411
0.460
0.379
0.151
-0.172
-0.482
-0.661
-0.640
-0.432
-0.125
0.150
0.290
0.255
0.090
-0.108
-0.239
-0.249
-0.151
-0.012
0.083
0.076
-0.039
-0.216
-0.389
-0.499
-0.519
-0.458
-0.343
-0.207
-0.069
0.060
0.175
0.260
0.298
0.275
0.195
0.090
0.011
0.007
0.105
0.289
0.505
0.681
0.757
0.710
0.561
0.367
0.193
0.090
0.070
0.115
0.183
0.230
0.224
0.158
0.044
-0.094
-0.227
-0.328
-0.378
-0.364
-0.289
-0.161
-0.005
0.152
0.280
0.358
0.379
0.346
0.274
0.182
0.083
-0.011
-0.094
-0.160
-0.206
-0.227
-0.222
-0.201
-0.176
-0.165
-0.182
-0.228
-0.291
-0.349
-0.376
-0.356
-0.287
-0.186
-0.085
-0.015
-0.001
-0.044
-0.126
-0.211
-0.259
-0.241
-0.153
-0.018
0.120
0.211
0.220
0.138
-0.010
-0.179
-0.315
-0.378
-0.359
-0.278
-0.176
-0.094
-0.058
-0.068
-0.102
-0.126
-0.113
-0.054
0.038
0.136
0.209
0.237
0.215
0.154
0.074
-0.005
-0.068
-0.108
-0.126
-0.130
-0.126
-0.125
-0.131
-0.148
-0.174
-0.201
-0.221
-0.222
-0.196
-0.144
-0.072
0.008
0.083
0.144
0.188
0.217
0.239
0.261
0.286
0.313
0.334
0.337
0.311
0.245
0.140
0.002
-0.148
-0.285
-0.381
-0.418
-0.391
-0.312
-0.204
-0.091
0.006
0.080
0.135
0.177
0.209
0.224
0.209
0.150
0.046
-0.090
-0.230
-0.341
-0.398
-0.397
-0.351
-0.292
-0.253
-0.255
-0.303
-0.379
-0.455
-0.496
-0.477
-0.389
-0.247
-0.083
0.054
0.119
0.081
-0.057
-0.256
-0.447
-0.553
-0.521
-0.347
-0.078
0.196
0.382
0.420
0.310
0.111
-0.088
-0.208
-0.211
-0.119
0.012
0.119
0.171
0.183
0.204
0.279
0.423
0.605
0.757
0.810
0.730
0.536
0.287
0.057
-0.106
-0.195
-0.236
-0.266
-0.300
-0.318
-0.276
-0.139
0.089
0.353
0.566
0.643
0.545
0.299
-0.016
-0.301
-0.488
-0.560
-0.554
-0.529
-0.531
-0.563
-0.588
-0.551
-0.415
-0.187
0.080
0.308
0.427
0.407
0.265
0.056
-0.150
-0.296
-0.348
-0.303
-0.179
-0.006
0.179
0.340
0.445
0.473
0.426
0.325
0.214
0.133
0.109
0.134
0.169
0.166
0.087
-0.069
-0.264
-0.436
-0.529
-0.517
-0.420
-0.286
-0.170
-0.103
-0.084
-0.088
-0.084
-0.060
-0.031
-0.024
-0.060
-0.131
-0.198
-0.215
-0.151
-0.019
0.127
0.218
0.204
0.094
-0.049
-0.130
-0.074
0.131
0.415
0.654
0.723
0.561
0.199
-0.238
-0.593
-0.736
-0.630
-0.335
0.012
0.271
0.354
0.268
0.096
-0.045
-0.064
0.056
0.256
0.430
0.483
0.371
0.124
-0.173
-0.422
-0.554
-0.558
-0.471
-0.352
-0.248
-0.172
-0.107
-0.027
0.076
0.180
0.238
0.203
0.060
-0.161
-0.394
-0.564
-0.617
-0.549
-0.394
-0.206
-0.026
0.132
0.286
0.453
0.631
0.777
0.827
0.725
0.462
0.095
-0.268
-0.507
-0.544
-0.379
-0.092
0.197
0.379
0.406
0.307
0.166
0.076
0.092
0.205
0.354
0.461
0.471
0.376
0.216
0.053
-0.060
-0.101
-0.082
-0.029
0.032
0.089
0.148
0.214
0.283
0.341
0.367
0.348
0.289
0.210
0.135
0.084
0.063
0.066
0.086
0.121
0.175
0.246
0.318
0.357
0.325
0.200
-0.002
-0.224
-0.383
-0.408
-0.275
-0.022
0.261
0.473
0.539
0.445
0.235
-0.015
-0.235
-0.387
-0.471
-0.509
-0.516
-0.491
-0.417
-0.278
-0.087
0.117
0.282
0.368
0.375
0.339
0.308
0.316
0.348
0.355
0.278
0.092
-0.164
-0.397
-0.506
-0.430
-0.193
0.100
0.314
0.345
0.178
-0.110
-0.382
-0.511
-0.444
-0.216
0.068
0.295
0.398
0.381
0.301
0.222
0.175
0.142
0.071
-0.075
-0.287
-0.501
-0.630
-0.609
-0.436
-0.175
0.072
0.214
0.215
0.102
-0.054
-0.183
-0.252
-0.273
-0.286
-0.319
-0.367
-0.385
-0.323
-0.154
0.095
0.350
0.523
0.554
0.440
0.238
0.037
-0.085
-0.098
-0.024
0.078
0.148
0.154
0.105
0.039
-0.001
0.012
0.076
0.164
0.238
0.269
0.242
0.161
0.047
-0.072
-0.166
-0.211
-0.201
-0.148
-0.083
-0.049
-0.076
-0.167
-0.291
-0.390
-0.407
-0.318
-0.150
0.024
0.118
0.072
-0.113
-0.373
-0.610
-0.734
-0.707
-0.553
-0.341
-0.147
-0.013
0.066
0.122
0.185
0.251
0.284
0.234
0.081
-0.142
-0.357
-0.474
-0.443
-0.284
-0.085
0.043
0.030
-0.115
-0.304
-0.410
-0.344
-0.096
0.248
0.551
0.695
0.638
0.433
0.195
0.034
0.003
0.069
0.145
0.146
0.045
-0.111
-0.221
-0.195
-0.008
0.278
0.539
0.651
0.549
0.266
-0.083
-0.356
-0.444
-0.323
-0.054
0.249
0.474
0.557
0.502
0.368
0.232
0.156
0.158
0.215
0.276
0.291
0.227
0.084
-0.105
-0.288
-0.406
-0.417
-0.310
-0.110
0.122
0.311
0.396
0.350
0.196
-0.002
-0.164
-0.228
-0.177
-0.040
0.120
0.240
0.279
0.237
0.144
0.043
-0.038
-0.094
-0.136
-0.178
-0.220
-0.245
-0.226
-0.151
-0.027
0.109
0.213
0.257
0.242
0.199
0.175
0.205
0.285
0.379
0.427
0.382
0.236
0.025
-0.176
-0.289
-0.264
-0.103
0.142
0.391
0.560
0.599
0.500
0.300
0.062
-0.148
-0.277
-0.304
-0.238
-0.112
0.030
0.145
0.208
0.212
0.175
0.127
0.101
0.120
0.188
0.288
0.388
0.452
0.455
0.388
0.265
0.112
-0.036
-0.153
-0.221
-0.243
-0.230
-0.200
-0.165
-0.129
-0.088
-0.032
0.038
0.111
0.159
0.150
0.061
-0.105
-0.311
-0.497
-0.598
-0.575
-0.431
-0.219
-0.017
0.103
0.105
0.011
-0.121
-0.219
-0.234
-0.169
-0.065
0.016
0.030
-0.024
-0.107
-0.162
-0.147
-0.057
0.075
0.199
0.278
0.311
0.324
0.350
0.402
0.453
0.455
0.363
0.178
-0.049
-0.228
-0.279
-0.180
0.015
0.198
0.252
0.121
-0.160
-0.478
-0.693
-0.709
-0.522
-0.225
0.043
0.167
0.111
-0.064
-0.235
-0.286
-0.163
0.096
0.388
0.597
0.652
0.560
0.392
0.239
0.171
0.199
0.286
0.371
0.411
0.399
0.358
0.327
0.325
0.342
0.345
0.302
0.198
0.053
-0.095
-0.202
-0.245
-0.225
-0.163
-0.085
-0.010
0.059
0.123
0.185
0.242
0.285
0.313
0.328
0.343
0.364
0.381
0.366
0.282
0.102
-0.168
-0.480
-0.759
-0.925
-0.933
-0.791
-0.556
-0.314
-0.138
-0.067
-0.088
-0.153
-0.204
-0.201
-0.137
-0.033
0.073
0.151
0.182
0.164
0.101
0.003
-0.118
-0.243
-0.344
-0.385
-0.336
-0.193
0.014
0.225
0.364
0.376
0.251
0.032
-0.195
-0.335
-0.329
-0.176
0.058
0.273
0.369
0.297
0.077
-0.206
-0.437
-0.515
-0.399
-0.123
0.216
0.499
0.625
0.558
0.330
0.030
-0.238
-0.395
-0.413
-0.321
-0.178
-0.047
0.039
0.085
0.123
0.187
0.292
0.420
0.533
0.589
0.572
0.495
0.396
0.317
0.280
0.273
0.261
0.202
0.075
-0.108
-0.302
-0.454
-0.521
-0.492
-0.388
-0.253
-0.130
-0.045
-0.003
0.009
0.006
-0.005
-0.027
-0.069
-0.136
-0.220
-0.301
-0.353
-0.353
-0.289
-0.165
0.001
0.185
0.359
0.501
0.594
0.629
0.607
0.539
0.439
0.326
0.212
0.107
0.019
-0.045
-0.075
-0.061
-0.003
0.085
0.170
0.210
0.172
0.056
-0.102
-0.235
-0.274
-0.185
0.010
0.237
0.396
0.409
0.261
0.006
-0.255
-0.422
-0.443
-0.342
-0.196
-0.098
-0.105
-0.212
-0.358
-0.468
-0.493
-0.437
-0.350
-0.291
-0.291
-0.328
-0.342
-0.274
-0.107
0.120
0.322
0.419
0.374
0.219
0.035
-0.089
-0.106
-0.030
0.072
0.131
0.109
0.029
-0.048
-0.059
0.018
0.150
0.266
0.297
0.221
0.075
-0.068
-0.137
-0.106
-0.008
0.088
0.115
0.050
-0.081
-0.217
-0.302
-0.316
-0.282
-0.246
-0.245
-0.282
-0.326
-0.340
-0.306
-0.245
-0.202
-0.213
-0.280
-0.353
-0.364
-0.262
-0.052
0.198
0.388
0.440
0.341
0.159
0.004
-0.031
0.081
0.281
0.459
0.512
0.404
0.184
-0.043
-0.175
-0.166
-0.050
0.084
0.148
0.103
-0.020
-0.146
-0.206
-0.184
-0.125
-0.114
-0.214
-0.427
-0.686
-0.883
-0.925
-0.786
-0.514
-0.212
0.017
0.114
0.081
-0.034
-0.172
-0.292
-0.379
-0.437
-0.462
-0.437
-0.341
-0.174
0.028
0.193
0.249
0.162
-0.036
-0.249
-0.368
-0.323
-0.126
0.130
0.316
0.336
0.178
-0.080
-0.309
-0.405
-0.339
-0.174
-0.029
-0.010
-0.146
-0.380
-0.591
-0.665
-0.555
-0.302
-0.014
0.195
0.261
0.191
0.054
-0.068
-0.126
-0.124
-0.101
-0.101
-0.135
-0.175
-0.173
-0.096
0.047
0.203
0.306
0.310
0.224
0.105
0.029
0.048
0.164
0.325
0.457
0.498
0.434
0.299
0.156
0.058
0.025
0.041
0.063
0.054
-0.002
-0.092
-0.191
-0.274
-0.330
-0.358
-0.360
-0.333
-0.269
-0.164
-0.033
0.093
0.171
0.176
0.109
0.011
-0.065
-0.075
-0.017
0.069
0.116
0.071
-0.072
-0.262
-0.412
-0.440
-0.313
-0.068
0.200
0.385
0.412
0.275
0.035
-0.216
-0.392
-0.455
-0.418
-0.332
-0.247
-0.189
-0.151
-0.103
-0.023
0.088
0.202
0.279
0.290
0.238
0.157
0.094
0.086
0.140
0.227
0.298
0.309
0.243
0.117
-0.022
-0.120
-0.142
-0.079
0.043
0.178
0.276
0.301
0.241
0.110
-0.055
-0.207
-0.300
-0.303
-0.213
-0.053
0.126
0.266
0.319
0.269
0.140
-0.011
-0.117
-0.130
-0.041
0.109
0.248
0.305
0.246
0.088
-0.101
-0.234
-0.245
-0.125
0.077
0.267
0.353
0.286
0.085
-0.168
-0.369
-0.434
-0.339
-0.130
0.102
0.261
0.294
0.209
0.069
-0.043
-0.064
0.016
0.156
0.283
0.333
0.278
0.142
-0.018
-0.137
-0.177
-0.138
-0.058
0.012
0.033
-0.006
-0.084
-0.167
-0.221
-0.229
-0.194
-0.133
-0.065
0.003
0.072
0.153
0.250
0.360
0.466
0.543
0.563
0.510
0.385
0.207
0.016
-0.139
-0.216
-0.191
-0.073
0.093
0.240
0.299
0.231
0.044
-0.207
-0.430
-0.542
-0.494
-0.298
-0.018
0.252
0.432
0.480
0.407
0.265
0.116
0.012
-0.028
-0.009
0.053
0.140
0.239
0.335
0.405
0.415
0.330
0.141
-0.122
-0.389
-0.573
-0.609
-0.485
-0.254
-0.016
0.127
0.118
-0.025
-0.222
-0.368
-0.387
-0.267
-0.068
0.115
0.197
0.148
0.008
-0.140
-0.207
-0.150
0.010
0.200
0.329
0.329
0.188
-0.054
-0.319
-0.530
-0.636
-0.624
-0.519
-0.363
-0.199
-0.059
0.044
0.111
0.152
0.181
0.209
0.243
0.279
0.310
0.327
0.325
0.313
0.307
0.327
0.379
0.450
0.504
0.499
0.405
0.224
-0.006
-0.220
-0.354
-0.374
-0.287
-0.146
-0.019
0.031
-0.019
-0.152
-0.318
-0.458
-0.523
-0.493
-0.373
-0.192
0.011
0.197
0.326
0.375
0.338
0.233
0.106
0.015
0.010
0.111
0.290
0.478
0.591
0.567
0.395
0.121
-0.166
-0.377
-0.458
-0.411
-0.289
-0.166
-0.106
-0.134
-0.235
-0.366
-0.478
-0.530
-0.501
-0.388
-0.200
0.037
0.280
0.474
0.559
0.502
0.314
0.056
-0.176
-0.292
-0.255
-0.102
0.071
0.155
0.086
-0.113
-0.347
-0.491
-0.462
-0.267
-0.004
0.191
0.218
0.071
-0.153
-0.310
-0.288
-0.078
0.219
0.439
0.445
0.207
-0.177
-0.530
-0.685
-0.576
-0.266
0.082
0.298
0.293
0.104
-0.136
-0.274
-0.226
-0.019
0.223
0.355
0.292
0.051
-0.256
-0.490
-0.554
-0.444
-0.238
-0.045
0.059
0.066
0.033
0.036
0.121
0.270
0.415
0.481
0.429
0.280
0.104
-0.023
-0.058
-0.012
0.063
0.108
0.091
0.018
-0.078
-0.160
-0.214
-0.251
-0.291
-0.336
-0.364
-0.331
-0.206
0.009
0.266
0.487
0.599
0.573
0.438
0.266
0.138
0.103
0.158
0.251
0.311
0.283
0.151
-0.061
-0.300
-0.514
-0.661
-0.720
-0.688
-0.576
-0.406
-0.214
-0.048
0.048
0.050
-0.029
-0.143
-0.224
-0.221
-0.124
0.020
0.134
0.143
0.022
-0.188
-0.393
-0.488
-0.413
-0.179
0.132
0.406
0.551
0.536
0.401
0.233
0.116
0.100
0.178
0.301
0.406
0.446
0.404
0.292
0.138
-0.029
-0.179
-0.289
-0.332
-0.291
-0.164
0.022
0.217
0.356
0.389
0.300
0.116
-0.105
-0.300
-0.429
-0.483
-0.481
-0.444
-0.382
-0.285
-0.140
0.049
0.248
0.398
0.438
0.341
0.136
-0.105
-0.290
-0.353
-0.283
-0.127
0.032
0.121
0.106
0.009
-0.112
-0.195
-0.200
-0.124
0.002
0.135
0.236
0.285
0.274
0.209
0.102
-0.022
-0.131
-0.183
-0.147
-0.019
0.170
0.361
0.486
0.505
0.427
0.304
0.207
0.187
0.247
0.344
0.411
0.402
0.316
0.194
0.097
0.059
0.065
0.062
-0.008
-0.158
-0.341
-0.462
-0.436
-0.238
0.065
0.339
0.445
0.312
-0.022
-0.422
-0.722
-0.800
-0.639
-0.324
0.009
0.240
0.322
0.284
0.200
0.133
0.096
0.059
-0.017
-0.136
-0.252
-0.288
-0.192
0.025
0.273
0.424
0.381
0.135
-0.226
-0.551
-0.713
-0.666
-0.475
-0.267
-0.161
-0.196
-0.310
-0.380
-0.299
-0.046
0.296
0.575
0.657
0.496
0.163
-0.191
-0.415
-0.428
-0.262
-0.028
0.143
0.175
0.075
-0.078
-0.187
-0.190
-0.091
0.060
0.195
0.276
0.303
0.303
0.298
0.289
0.253
0.166
0.034
-0.104
-0.192
-0.190
-0.102
0.021
0.108
0.113
0.045
-0.038
-0.060
0.021
0.180
0.334
0.384
0.274
0.031
-0.247
-0.436
-0.452
-0.297
-0.055
0.153
0.237
0.178
0.038
-0.086
-0.118
-0.047
0.071
0.154
0.143
0.044
-0.079
-0.142
-0.094
0.047
0.205
0.283
0.223
0.034
-0.202
-0.379
-0.409
-0.274
-0.022
0.250
0.445
0.502
0.417
0.233
0.020
-0.149
-0.222
-0.175
-0.018
0.203
0.417
0.543
0.521
0.339
0.047
-0.250
-0.430
-0.412
-0.190
0.156
0.494
0.704
0.733
0.619
0.463
0.374
0.403
0.516
0.613
0.589
0.397
0.081
-0.241
-0.442
-0.445
-0.269
-0.016
0.186
0.250
0.166
-0.002
-0.159
-0.239
-0.234
-0.189
-0.164
-0.190
-0.246
-0.274
-0.224
-0.086
0.094
0.239
0.288
0.235
0.133
0.066
0.097
0.234
0.418
0.566
0.612
0.547
0.420
0.301
0.238
0.223
0.203
0.117
-0.056
-0.274
-0.449
-0.492
-0.374
-0.140
0.104
0.248
0.239
0.107
-0.054
-0.143
-0.110
0.015
0.142
0.174
0.063
-0.156
-0.389
-0.531
-0.524
-0.384
-0.187
-0.018
0.074
0.098
0.103
0.135
0.198
0.246
0.207
0.038
-0.243
-0.552
-0.771
-0.812
-0.655
-0.365
-0.056
0.163
0.238
0.185
0.067
-0.046
-0.119
-0.161
-0.208
-0.285
-0.384
-0.463
-0.469
-0.377
-0.203
-0.006
0.149
0.223
0.221
0.188
0.172
0.197
0.238
0.244
0.162
-0.024
-0.275
-0.513
-0.653
-0.645
-0.490
-0.240
0.026
0.236
0.348
0.353
0.269
0.126
-0.034
-0.172
-0.243
-0.216
-0.083
0.125
0.337
0.466
0.442
0.254
-0.040
-0.326
-0.487
-0.458
-0.260
0.008
0.208
0.238
0.078
-0.199
-0.459
-0.579
-0.499
-0.254
0.049
0.289
0.387
0.338
0.210
0.094
0.060
0.120
0.229
0.318
0.332
0.261
0.141
0.032
-0.016
0.013
0.099
0.198
0.269
0.295
0.281
0.246
0.212
0.189
0.178
0.180
0.197
0.239
0.310
0.405
0.495
0.545
0.520
0.410
0.231
0.029
-0.146
-0.255
-0.287
-0.256
-0.190
-0.117
-0.047
0.023
0.100
0.185
0.266
0.318
0.323
0.277
0.198
0.121
0.080
0.091
0.145
0.212
0.258
0.262
0.227
0.175
0.136
0.127
0.143
0.161
0.155
0.116
0.058
0.014
0.018
0.076
0.160
0.213
0.175
0.025
-0.205
-0.427
-0.532
-0.444
-0.160
0.235
0.595
0.774
0.691
0.372
-0.055
-0.412
-0.555
-0.435
-0.124
0.218
0.417
0.369
0.086
-0.306
-0.633
-0.748
-0.604
-0.270
0.110
0.381
0.450
0.323
0.088
-0.134
-0.254
-0.246
-0.154
-0.050
0.002
-0.014
-0.072
-0.123
-0.134
-0.103
-0.058
-0.037
-0.057
-0.105
-0.143
-0.138
-0.079
0.016
0.107
0.162
0.174
0.167
0.172
0.209
0.264
0.296
0.260
0.137
-0.048
-0.237
-0.366
-0.402
-0.361
-0.297
-0.265
-0.290
-0.344
-0.362
-0.287
-0.106
0.126
0.310
0.350
0.216
-0.039
-0.292
-0.411
-0.324
-0.061
0.262
0.490
0.515
0.324
0.006
-0.294
-0.453
-0.425
-0.263
-0.085
-0.003
-0.070
-0.248
-0.442
-0.548
-0.510
-0.348
-0.138
0.031
0.105
0.088
0.028
-0.017
-0.020
0.008
0.029
0.012
-0.040
-0.083
-0.064
0.047
0.227
0.405
0.492
0.433
0.239
-0.010
-0.207
-0.265
-0.167
0.026
0.209
0.279
0.195
-0.014
-0.258
-0.444
-0.511
-0.462
-0.349
-0.235
-0.159
-0.120
-0.084
-0.014
0.098
0.222
0.306
0.310
0.226
0.093
-0.029
-0.090
-0.078
-0.029
-0.002
-0.043
-0.161
-0.315
-0.437
-0.469
-0.392
-0.235
-0.056
0.086
0.166
0.194
0.203
0.220
0.245
0.252
0.209
0.104
-0.039
-0.168
-0.231
-0.211
-0.135
-0.069
-0.072
-0.163
-0.301
-0.401
-0.382
-0.218
0.041
0.283
0.392
0.306
0.052
-0.255
-0.478
-0.521
-0.378
-0.137
0.069
0.136
0.040
-0.151
-0.316
-0.352
-0.231
-0.016
0.175
0.238
0.137
-0.073
-0.276
-0.360
-0.275
-0.059
0.182
0.336
0.340
0.208
0.016
-0.145
-0.218
-0.209
-0.165
-0.142
-0.160
-0.191
-0.180
-0.083
0.093
0.289
0.419
0.422
0.300
0.124
-0.002
0.006
0.162
0.400
0.605
0.670
0.548
0.270
-0.069
-0.366
-0.553
-0.619
-0.600
-0.542
-0.472
-0.387
-0.268
-0.113
0.044
0.143
0.130
-0.006
-0.209
-0.381
-0.420
-0.285
-0.017
0.269
0.446
0.434
0.252
0.005
-0.169
-0.170
0.005
0.262
0.459
0.481
0.302
0.005
-0.267
-0.380
-0.285
-0.043
0.209
0.324
0.229
-0.042
-0.360
-0.567
-0.551
-0.308
0.066
0.413
0.593
0.544
0.305
-0.006
-0.251
-0.332
-0.234
-0.023
0.192
0.303
0.255
0.063
-0.199
-0.428
-0.536
-0.481
-0.285
-0.024
0.201
0.299
0.227
0.004
-0.295
-0.562
-0.703
-0.670
-0.485
-0.228
-0.003
0.109
0.085
-0.030
-0.146
-0.173
-0.067
0.147
0.384
0.535
0.526
0.345
0.059
-0.227
-0.408
-0.429
-0.304
-0.100
0.097
0.224
0.269
0.261
0.250
0.271
0.325
0.379
0.391
0.338
0.232
0.116
0.044
0.045
0.112
0.201
0.253
0.231
0.134
0.001
-0.109
-0.151
-0.113
-0.023
0.069
0.121
0.116
0.074
0.033
0.027
0.063
0.121
0.165
0.169
0.134
0.088
0.072
0.112
0.200
0.296
0.346
0.317
0.211
0.076
-0.025
-0.045
0.016
0.107
0.155
0.096
-0.076
-0.305
-0.493
-0.540
-0.401
-0.107
0.240
0.509
0.598
0.473
0.184
-0.161
-0.439
-0.564
-0.518
-0.344
-0.128
0.047
0.131
0.122
0.056
-0.013
-0.041
-0.012
0.057
0.129
0.161
0.132
0.051
-0.042
-0.092
-0.050
0.102
0.336
0.583
0.763
0.808
0.704
0.490
0.249
0.067
-0.003
0.032
0.116
0.172
0.152
0.059
-0.051
-0.105
-0.058
0.071
0.203
0.242
0.128
-0.115
-0.383
-0.539
-0.483
-0.212
0.171
0.495
0.610
0.461
0.116
-0.264
-0.509
-0.523
-0.328
-0.046
0.168
0.216
0.101
-0.079
-0.199
-0.179
-0.035
0.137
0.215
0.132
-0.083
-0.318
-0.438
-0.365
-0.126
0.164
0.361
0.373
0.209
-0.025
-0.193
-0.199
-0.045
0.179
0.352
0.391
0.304
0.175
0.115
0.187
0.363
0.540
0.595
0.462
0.176
-0.139
-0.332
-0.308
-0.076
0.251
0.516
0.594
0.452
0.160
-0.150
-0.353
-0.389
-0.275
-0.090
0.080
0.180
0.200
0.165
0.104
0.034
-0.046
-0.140
-0.236
-0.310
-0.332
-0.296
-0.223
-0.160
-0.147
-0.189
-0.248
-0.257
-0.162
0.038
0.283
0.471
0.514
0.383
0.134
-0.119
-0.262
-0.234
-0.064
0.149
0.290
0.290
0.160
-0.016
-0.129
-0.105
0.054
0.278
0.464
0.529
0.449
0.262
0.041
-0.146
-0.263
-0.309
-0.301
-0.254
-0.172
-0.054
0.085
0.205
0.254
0.193
0.029
-0.178
-0.334
-0.359
-0.228
0.007
0.238
0.357
0.310
0.127
-0.091
-0.227
-0.214
-0.066
0.128
0.254
0.239
0.090
-0.116
-0.271
-0.306
-0.225
-0.105
-0.049
-0.121
-0.309
-0.524
-0.650
-0.608
-0.401
-0.117
0.114
0.190
0.085
-0.133
-0.348
-0.450
-0.399
-0.239
-0.070
0.006
-0.056
-0.218
-0.381
-0.439
-0.331
-0.082
0.215
0.440
0.507
0.407
0.212
0.034
-0.027
0.062
0.252
0.429
0.476
0.329
0.011
-0.373
-0.675
-0.776
-0.637
-0.316
0.053
0.319
0.381
0.226
-0.068
-0.372
-0.569
-0.601
-0.490
-0.318
-0.175
-0.115
-0.132
-0.168
-0.159
-0.073
0.067
0.190
0.222
0.128
-0.064
-0.273
-0.405
-0.399
-0.259
-0.048
0.143
0.246
0.245
0.176
0.098
0.056
0.050
0.039
-0.025
-0.164
-0.348
-0.507
-0.563
-0.475
-0.269
-0.026
0.153
0.196
0.100
-0.071
-0.215
-0.244
-0.120
0.121
0.392
0.588
0.631
0.493
0.202
-0.169
-0.530
-0.793
-0.891
-0.795
-0.525
-0.148
0.230
0.497
0.566
0.417
0.113
-0.224
-0.453
-0.474
-0.273
0.072
0.427
0.664
0.709
0.579
0.354
0.137
0.001
-0.042
-0.032
-0.025
-0.055
-0.111
-0.149
-0.122
-0.014
0.146
0.298
0.389
0.401
0.360
0.319
0.319
0.366
0.425
0.445
0.392
0.278
0.154
0.082
0.095
0.176
0.264
0.293
0.231
0.107
-0.003
-0.024
0.073
0.246
0.395
0.420
0.273
-0.001
-0.287
-0.454
-0.425
-0.218
0.059
0.264
0.293
0.131
-0.139
-0.380
-0.471
-0.368
-0.119
0.168
0.374
0.430
0.339
0.162
-0.024
-0.163
-0.239
-0.270
-0.279
-0.272
-0.232
-0.135
0.025
0.216
0.377
0.440
0.367
0.170
-0.085
-0.309
-0.424
-0.391
-0.232
-0.007
0.205
0.343
0.377
0.316
0.197
0.064
-0.044
-0.109
-0.131
-0.128
-0.126
-0.146
-0.194
-0.257
-0.303
-0.300
-0.228
-0.095
0.061
0.187
0.242
0.213
0.125
0.030
-0.025
-0.025
0.001
-0.003
-0.085
-0.252
-0.454
-0.598
-0.598
-0.422
-0.117
0.205
0.413
0.426
0.249
-0.021
-0.246
-0.316
-0.201
0.035
0.262
0.355
0.252
-0.013
-0.336
-0.593
-0.700
-0.647
-0.493
-0.320
-0.190
-0.113
-0.054
0.037
0.187
0.374
0.533
0.596
0.522
0.323
0.062
-0.179
-0.331
-0.367
-0.304
-0.182
-0.046
0.082
0.194
0.296
0.383
0.441
0.446
0.382
0.255
0.095
-0.054
-0.150
-0.171
-0.126
-0.046
0.031
0.071
0.063
0.013
-0.059
-0.127
-0.171
-0.182
-0.161
-0.118
-0.071
-0.041
-0.039
-0.066
-0.102
-0.114
-0.071
0.042
0.211
0.390
0.517
0.541
0.444
0.259
0.056
-0.084
-0.104
0.005
0.198
0.398
0.526
0.538
0.437
0.266
0.091
-0.037
-0.093
-0.088
-0.053
-0.021
-0.009
-0.012
-0.009
0.025
0.099
0.203
0.306
0.366
0.350
0.244
0.065
-0.140
-0.309
-0.385
-0.340
-0.191
0.002
0.161
0.214
0.137
-0.041
-0.243
-0.381
-0.396
-0.289
-0.122
0.013
0.038
-0.066
-0.254
-0.430
-0.505
-0.433
-0.244
-0.021
0.138
0.174
0.090
-0.053
-0.174
-0.221
-0.191
-0.133
-0.104
-0.133
-0.196
-0.225
-0.151
0.050
0.337
0.612
0.774
0.766
0.611
0.396
0.233
0.194
0.276
0.403
0.469
0.397
0.181
-0.110
-0.365
-0.490
-0.445
-0.264
-0.026
0.187
0.325
0.387
0.401
0.398
0.390
0.366
0.309
0.219
0.118
0.042
0.018
0.040
0.073
0.070
0.012
-0.079
-0.142
-0.114
0.026
0.229
0.387
0.389
0.178
-0.202
-0.616
-0.893
-0.908
-0.645
-0.204
0.238
0.520
0.566
0.417
0.196
0.039
0.021
0.122
0.247
0.296
0.219
0.051
-0.115
-0.189
-0.144
-0.033
0.039
-0.019
-0.216
-0.469
-0.634
-0.594
-0.325
0.074
0.422
0.546
0.372
-0.031
-0.478
-0.756
-0.730
-0.407
0.069
0.490
0.683
0.594
0.304
-0.021
-0.213
-0.189
0.020
0.295
0.490
0.511
0.347
0.073
-0.199
-0.374
-0.408
-0.319
-0.160
0.005
0.129
0.192
0.189
0.130
0.031
-0.083
-0.175
-0.207
-0.150
-0.007
0.181
0.346
0.420
0.365
0.192
-0.041
-0.258
-0.401
-0.454
-0.443
-0.413
-0.396
-0.391
-0.368
-0.288
-0.142
0.038
0.184
0.235
0.165
0.013
-0.135
-0.185
-0.083
0.148
0.424
0.630
0.682
0.564
0.332
0.086
-0.081
-0.131
-0.088
-0.022
-0.008
-0.079
-0.217
-0.362
-0.444
-0.424
-0.303
-0.123
0.061
0.206
0.295
0.338
0.359
0.377
0.400
0.425
0.442
0.443
0.422
0.371
0.282
0.151
-0.011
-0.178
-0.309
-0.364
-0.328
-0.223
-0.105
-0.040
-0.070
-0.189
-0.344
-0.455
-0.461
-0.353
-0.182
-0.039
-0.006
-0.111
-0.312
-0.514
-0.612
-0.551
-0.347
-0.084
0.130
0.209
0.132
-0.057
-0.273
-0.431
-0.487
-0.440
-0.328
-0.197
-0.078
0.014
0.079
0.112
0.103
0.045
-0.056
-0.165
-0.233
-0.210
-0.077
0.138
0.368
0.536
0.590
0.526
0.388
0.242
0.138
0.088
0.067
0.034
-0.033
-0.118
-0.175
-0.155
-0.043
0.128
0.284
0.353
0.299
0.152
-0.012
-0.108
-0.090
0.021
0.148
0.202
0.131
-0.042
-0.231
-0.333
-0.278
-0.076
0.191
0.402
0.464
0.353
0.129
-0.101
-0.236
-0.231
-0.118
0.019
0.091
0.046
-0.098
-0.276
-0.402
-0.424
-0.338
-0.191
-0.052
0.027
0.026
-0.031
-0.102
-0.144
-0.136
-0.081
0.005
0.103
0.203
0.300
0.387
0.452
0.475
0.442
0.355
0.237
0.131
0.077
0.097
0.180
0.283
0.347
0.327
0.210
0.029
-0.152
-0.261
-0.251
-0.117
0.092
0.300
0.426
0.422
0.292
0.091
-0.098
-0.197
-0.168
-0.027
0.161
0.309
0.347
0.252
0.058
-0.163
-0.330
-0.392
-0.349
-0.248
-0.156
-0.127
-0.174
-0.265
-0.340
-0.347
-0.268
-0.133
-0.002
0.058
0.012
-0.129
-0.313
-0.469
-0.541
-0.511
-0.401
-0.261
-0.141
-0.073
-0.057
-0.071
-0.087
-0.087
-0.072
-0.064
-0.088
-0.163
-0.288
-0.441
-0.582
-0.671
-0.677
-0.591
-0.433
-0.244
-0.077
0.021
0.024
-0.059
-0.190
-0.317
-0.385
-0.367
-0.265
-0.109
0.055
0.186
0.263
0.283
0.257
0.203
0.132
0.055
-0.013
-0.052
-0.035
0.056
0.217
0.416
0.597
0.700
0.686
0.560
0.363
0.160
0.007
-0.070
-0.078
-0.046
-0.001
0.047
0.108
0.193
0.295
0.380
0.401
0.327
0.169
-0.012
-0.126
-0.104
0.060
0.295
0.480
0.503
0.324
0.004
-0.316
-0.484
-0.413
-0.134
0.218
0.468
0.488
0.264
-0.099
-0.433
-0.592
-0.528
-0.313
-0.090
0.003
-0.091
-0.319
-0.553
-0.664
-0.595
-0.388
-0.158
-0.023
-0.041
-0.178
-0.333
-0.399
-0.331
-0.165
0.001
0.067
-0.007
-0.176
-0.338
-0.387
-0.281
-0.059
0.173
0.304
0.277
0.117
-0.084
-0.219
-0.227
-0.122
0.017
0.095
0.052
-0.108
-0.317
-0.482
-0.533
-0.451
-0.273
-0.066
0.110
0.225
0.280
0.294
0.283
0.249
0.186
0.091
-0.026
-0.135
-0.204
-0.216
-0.180
-0.129
-0.101
-0.115
-0.162
-0.203
-0.195
-0.109
0.047
0.229
0.375
0.431
0.371
0.210
-0.006
-0.214
-0.360
-0.411
-0.360
-0.229
-0.054
0.119
0.248
0.306
0.284
0.193
0.065
-0.066
-0.167
-0.221
-0.228
-0.202
-0.163
-0.125
-0.102
-0.098
-0.119
-0.169
-0.247
-0.341
-0.423
-0.457
-0.412
-0.281
-0.088
0.118
0.275
0.342
0.313
0.224
0.131
0.082
0.096
0.153
0.206
0.211
0.150
0.040
-0.077
-0.157
-0.177
-0.146
-0.090
-0.038
-0.000
0.032
0.079
0.149
0.231
0.295
0.307
0.251
0.137
-0.002
-0.130
-0.227
-0.295
-0.346
-0.386
-0.401
-0.355
-0.220
0.001
0.259
0.467
0.541
0.443
0.208
-0.069
-0.271
-0.322
-0.223
-0.053
0.080
0.095
-0.014
-0.173
-0.270
-0.224
-0.026
0.242
0.457
0.518
0.399
0.165
-0.068
-0.199
-0.197
-0.111
-0.041
-0.070
-0.211
-0.393
-0.503
-0.448
-0.216
0.112
0.395
0.508
0.403
0.135
-0.166
-0.364
-0.378
-0.223
0.009
0.198
0.258
0.172
-0.007
-0.192
-0.308
-0.322
-0.249
-0.134
-0.025
0.047
0.072
0.056
0.009
-0.055
-0.117
-0.150
-0.119
-0.007
0.180
0.395
0.568
0.631
0.548
0.337
0.060
-0.199
-0.376
-0.447
-0.430
-0.367
-0.295
-0.227
-0.156
-0.068
0.035
0.127
0.170
0.138
0.034
-0.107
-0.234
-0.310
-0.332
-0.325
-0.324
-0.343
-0.359
-0.327
-0.208
-0.011
0.202
0.331
0.290
0.059
-0.294
-0.636
-0.828
-0.788
-0.534
-0.173
0.155
0.338
0.350
0.249
0.137
0.102
0.166
0.285
0.373
0.359
0.224
0.007
-0.218
-0.382
-0.454
-0.446
-0.388
-0.306
-0.203
-0.068
0.102
0.280
0.409
0.428
0.304
0.062
-0.223
-0.455
-0.563
-0.535
-0.417
-0.286
-0.203
-0.185
-0.201
-0.199
-0.143
-0.038
0.074
0.146
0.154
0.117
0.081
0.089
0.146
0.213
0.229
0.152
-0.008
-0.185
-0.293
-0.275
-0.135
0.056
0.204
0.246
0.185
0.087
0.040
0.093
0.218
0.323
0.304
0.114
-0.197
-0.499
-0.644
-0.551
-0.254
0.107
0.356
0.373
0.156
-0.179
-0.461
-0.554
-0.425
-0.155
0.116
0.265
0.255
0.142
0.033
0.012
0.088
0.195
0.232
0.137
-0.077
-0.321
-0.485
-0.502
-0.390
-0.237
-0.147
-0.176
-0.297
-0.413
-0.421
-0.278
-0.027
0.216
0.334
0.276
0.085
-0.122
-0.223
-0.158
0.032
0.238
0.340
0.282
0.099
-0.109
-0.234
-0.231
-0.143
-0.067
-0.096
-0.253
-0.476
-0.648
-0.669
-0.520
-0.278
-0.078
-0.037
-0.185
-0.445
-0.669
-0.719
-0.537
-0.182
0.202
0.461
0.505
0.350
0.099
-0.112
-0.182
-0.088
0.122
0.360
0.553
0.665
0.698
0.672
0.597
0.470
0.286
0.055
-0.180
-0.361
-0.441
-0.418
-0.338
-0.274
-0.287
-0.387
-0.522
-0.604
-0.558
-0.370
-0.092
0.176
0.342
0.369
0.293
0.194
0.149
0.188
0.271
0.325
0.285
0.147
-0.025
-0.134
-0.103
0.076
0.330
0.540
0.606
0.500
0.280
0.062
-0.045
0.002
0.163
0.334
0.412
0.348
0.173
-0.028
-0.165
-0.195
-0.145
-0.086
-0.090
-0.180
-0.312
-0.405
-0.390
-0.259
-0.074
0.057
0.044
-0.135
-0.416
-0.673
-0.782
-0.685
-0.414
-0.082
0.183
0.294
0.249
0.126
0.035
0.062
0.225
0.461
0.667
0.743
0.644
0.396
0.078
-0.212
-0.398
-0.449
-0.379
-0.230
-0.054
0.109
0.232
0.300
0.306
0.256
0.165
0.062
-0.015
-0.037
0.003
0.083
0.160
0.184
0.127
-0.003
-0.162
-0.287
-0.325
-0.257
-0.104
0.079
0.232
0.311
0.310
0.254
0.183
0.134
0.122
0.132
0.137
0.107
0.032
-0.073
-0.172
-0.223
-0.190
-0.064
0.135
0.357
0.542
0.633
0.600
0.449
0.222
-0.015
-0.197
-0.284
-0.279
-0.226
-0.187
-0.217
-0.333
-0.501
-0.648
-0.693
-0.588
-0.343
-0.024
0.271
0.453
0.482
0.383
0.230
0.104
0.060
0.094
0.156
0.176
0.108
-0.041
-0.218
-0.343
-0.359
-0.256
-0.084
0.075
0.148
0.108
-0.015
-0.145
-0.206
-0.154
-0.003
0.188
0.342
0.407
0.376
0.289
0.205
0.173
0.204
0.273
0.331
0.339
0.286
0.194
0.104
0.052
0.047
0.071
0.088
0.067
-0.001
-0.099
-0.191
-0.246
-0.246
-0.199
-0.125
-0.049
0.015
0.066
0.109
0.148
0.174
0.175
0.136
0.060
-0.032
-0.107
-0.132
-0.094
-0.007
0.088
0.144
0.124
0.026
-0.122
-0.265
-0.347
-0.332
-0.221
-0.048
0.130
0.259
0.300
0.246
0.121
-0.035
-0.178
-0.281
-0.338
-0.362
-0.378
-0.403
-0.440
-0.469
-0.464
-0.402
-0.281
-0.130
0.002
0.059
0.007
-0.148
-0.358
-0.551
-0.657
-0.643
-0.522
-0.352
-0.208
-0.147
-0.180
-0.269
-0.348
-0.349
-0.242
-0.043
0.188
0.381
0.478
0.464
0.361
0.216
0.078
-0.024
-0.086
-0.120
-0.141
-0.152
-0.147
-0.114
-0.046
0.048
0.143
0.215
0.242
0.221
0.162
0.089
0.022
-0.021
-0.033
-0.011
0.041
0.116
0.197
0.260
0.280
0.239
0.136
-0.007
-0.152
-0.263
-0.319
-0.326
-0.310
-0.300
-0.308
-0.315
-0.283
-0.176
0.011
0.235
0.417
0.474
0.363
0.110
-0.192
-0.419
-0.474
-0.331
-0.051
0.247
0.439
0.457
0.315
0.102
-0.068
-0.112
-0.017
0.162
0.335
0.431
0.429
0.369
0.316
0.319
0.382
0.456
0.481
0.418
0.286
0.152
0.096
0.164
0.331
0.510
0.593
0.509
0.267
-0.038
-0.269
-0.314
-0.146
0.162
0.467
0.623
0.552
0.280
-0.079
-0.376
-0.497
-0.416
-0.197
0.040
0.179
0.166
0.022
-0.171
-0.318
-0.353
-0.268
-0.108
0.060
0.180
0.230
0.225
0.197
0.178
0.177
0.184
0.176
0.137
0.066
-0.018
-0.088
-0.120
-0.102
-0.036
0.059
0.159
0.239
0.278
0.263
0.193
0.080
-0.056
-0.183
-0.273
-0.309
-0.293
-0.241
-0.182
-0.139
-0.122
-0.119
-0.111
-0.074
0.002
0.105
0.212
0.290
0.319
0.293
0.227
0.147
0.079
0.040
0.037
0.067
0.123
0.197
0.280
0.362
0.428
0.458
0.438
0.363
0.244
0.106
-0.016
-0.090
-0.098
-0.043
0.051
0.146
0.205
0.200
0.123
-0.013
-0.173
-0.319
-0.413
-0.435
-0.388
-0.294
-0.187
-0.097
-0.040
-0.012
0.005
0.033
0.083
0.151
0.216
0.256
0.261
0.236
0.201
0.175
0.164
0.152
0.109
0.013
-0.131
-0.284
-0.384
-0.374
-0.235
-0.001
0.247
0.418
0.448
0.337
0.147
-0.027
-0.103
-0.049
0.098
0.257
0.344
0.316
0.191
0.034
-0.077
-0.094
-0.020
0.099
0.202
0.249
0.238
0.202
0.179
0.184
0.204
0.201
0.147
0.044
-0.068
-0.132
-0.104
0.012
0.163
0.274
0.281
0.173
-0.001
-0.161
-0.232
-0.188
-0.065
0.062
0.122
0.086
-0.016
-0.114
-0.137
-0.056
0.103
0.275
0.392
0.420
0.376
0.312
0.279
0.293
0.331
0.341
0.286
0.170
0.044
-0.018
0.037
0.204
0.416
0.570
0.576
0.403
0.096
-0.244
-0.509
-0.631
-0.609
-0.497
-0.374
-0.300
-0.286
-0.303
-0.298
-0.236
-0.113
0.041
0.182
0.279
0.323
0.328
0.312
0.287
0.245
0.170
0.057
-0.081
-0.208
-0.282
-0.276
-0.193
-0.068
0.050
0.119
0.123
0.077
0.011
-0.042
-0.068
-0.074
-0.079
-0.098
-0.134
-0.174
-0.198
-0.196
-0.173
-0.145
-0.134
-0.149
-0.180
-0.205
-0.198
-0.144
-0.050
0.060
0.156
0.216
0.232
0.216
0.189
0.168
0.162
0.166
0.170
0.161
0.136
0.100
0.064
0.042
0.043
0.074
0.130
0.203
0.281
0.349
0.395
0.413
0.400
0.361
0.303
0.234
0.156
0.070
-0.020
-0.107
-0.173
-0.199
-0.170
-0.084
0.043
0.180
0.294
0.361
0.374
0.344
0.292
0.237
0.184
0.126
0.054
-0.036
-0.135
-0.224
-0.281
-0.299
-0.286
-0.259
-0.237
-0.225
-0.211
-0.173
-0.096
0.019
0.147
0.255
0.322
0.345
0.350
0.368
0.414
0.471
0.494
0.433
0.264
0.015
-0.238
-0.395
-0.384
-0.191
0.120
0.440
0.657
0.707
0.598
0.401
0.210
0.090
0.056
0.068
0.068
0.014
-0.092
-0.204
-0.266
-0.243
-0.144
-0.022
0.064
0.077
0.025
-0.044
-0.070
-0.022
0.086
0.202
0.264
0.241
0.150
0.049
0.005
0.052
0.169
0.290
0.334
0.254
0.058
-0.184
-0.381
-0.461
-0.408
-0.260
-0.092
0.031
0.080
0.077
0.070
0.102
0.183
0.286
0.361
0.373
0.320
0.236
0.173
0.167
0.214
0.277
0.304
0.267
0.181
0.101
0.092
0.185
0.353
0.511
0.558
0.429
0.140
-0.205
-0.459
-0.494
-0.270
0.138
0.568
0.833
0.813
0.502
0.022
-0.439
-0.702
-0.680
-0.409
-0.024
0.301
0.435
0.342
0.081
-0.224
-0.454
-0.543
-0.496
-0.370
-0.235
-0.131
-0.057
0.017
0.117
0.239
0.346
0.382
0.311
0.142
-0.067
-0.232
-0.286
-0.213
-0.059
0.088
0.141
0.059
-0.136
-0.366
-0.531
-0.561
-0.441
-0.216
0.030
0.212
0.275
0.215
0.065
-0.117
-0.279
-0.386
-0.424
-0.399
-0.325
-0.221
-0.106
0.000
0.081
0.127
0.140
0.137
0.140
0.167
0.225
0.298
0.359
0.376
0.327
0.211
0.047
-0.133
-0.288
-0.386
-0.403
-0.329
-0.172
0.047
0.286
0.498
0.635
0.665
0.586
0.432
0.256
0.114
0.041
0.035
0.063
0.074
0.030
-0.078
-0.223
-0.361
-0.452
-0.477
-0.447
-0.387
-0.322
-0.256
-0.180
-0.080
0.042
0.158
0.221
0.190
0.056
-0.144
-0.335
-0.432
-0.382
-0.187
0.093
0.367
0.546
0.580
0.470
0.259
0.012
-0.212
-0.372
-0.445
-0.421
-0.305
-0.113
0.113
0.313
0.418
0.378
0.196
-0.070
-0.318
-0.445
-0.398
-0.200
0.055
0.244
0.277
0.140
-0.095
-0.312
-0.409
-0.355
-0.202
-0.057
-0.018
-0.118
-0.303
-0.460
-0.480
-0.321
-0.034
0.257
0.421
0.388
0.186
-0.073
-0.254
-0.269
-0.124
0.088
0.239
0.238
0.077
-0.157
-0.337
-0.356
-0.185
0.111
0.412
0.602
0.626
0.509
0.340
0.214
0.188
0.254
0.351
0.406
0.374
0.264
0.125
0.017
-0.029
-0.025
-0.020
-0.065
-0.181
-0.339
-0.474
-0.513
-0.416
-0.196
0.080
0.323
0.458
0.460
0.353
0.204
0.081
0.026
0.039
0.078
0.087
0.024
-0.118
-0.309
-0.493
-0.614
-0.637
-0.565
-0.433
-0.290
-0.178
-0.118
-0.101
-0.098
-0.080
-0.035
0.026
0.069
0.055
-0.037
-0.201
-0.398
-0.567
-0.653
-0.623
-0.483
-0.275
-0.061
0.098
0.164
0.133
0.031
-0.097
-0.208
-0.269
-0.269
-0.217
-0.136
-0.053
0.006
0.024
-0.004
-0.067
-0.144
-0.211
-0.247
-0.244
-0.212
-0.177
-0.166
-0.197
-0.267
-0.350
-0.409
-0.412
-0.347
-0.231
-0.100
0.008
0.074
0.106
0.134
0.191
0.287
0.400
0.481
0.477
0.361
0.150
-0.095
-0.297
-0.398
-0.386
-0.304
-0.227
-0.219
-0.299
-0.423
-0.508
-0.469
-0.270
0.054
0.403
0.656
0.721
0.583
0.302
-0.012
-0.251
-0.359
-0.351
-0.293
-0.267
-0.318
-0.437
-0.566
-0.634
-0.598
-0.463
-0.283
-0.128
-0.047
-0.047
-0.094
-0.141
-0.158
-0.156
-0.174
-0.255
-0.413
-0.610
-0.772
-0.819
-0.705
-0.450
-0.131
0.147
0.297
0.286
0.148
-0.040
-0.193
-0.252
-0.209
-0.095
0.041
0.155
0.228
0.261
0.266
0.251
0.219
0.167
0.101
0.033
-0.019
-0.040
-0.034
-0.020
-0.025
-0.069
-0.150
-0.243
-0.308
-0.314
-0.245
-0.114
0.049
0.206
0.328
0.395
0.397
0.330
0.193
0.003
-0.204
-0.375
-0.450
-0.391
-0.207
0.039
0.249
0.332
0.242
0.008
-0.278
-0.499
-0.571
-0.477
-0.275
-0.061
0.078
0.112
0.071
0.025
0.031
0.097
0.179
0.206
0.131
-0.036
-0.225
-0.343
-0.330
-0.196
-0.024
0.072
0.014
-0.193
-0.456
-0.638
-0.626
-0.396
-0.027
0.333
0.536
0.509
0.279
-0.043
-0.323
-0.470
-0.470
-0.379
-0.282
-0.242
-0.263
-0.301
-0.297
-0.213
-0.057
0.125
0.277
0.367
0.397
0.398
0.398
0.403
0.387
0.314
0.162
-0.052
-0.270
-0.419
-0.445
-0.335
-0.132
0.094
0.268
0.344
0.315
0.206
0.056
-0.102
-0.239
-0.340
-0.388
-0.369
-0.275
-0.118
0.070
0.244
0.356
0.380
0.319
0.199
0.056
-0.082
-0.201
-0.300
-0.380
-0.429
-0.430
-0.371
-0.259
-0.125
-0.015
0.037
0.029
-0.000
0.008
0.098
0.269
0.462
0.585
0.561
0.371
0.074
-0.212
-0.363
-0.313
-0.083
0.223
0.468
0.548
0.435
0.185
-0.094
-0.296
-0.366
-0.314
-0.196
-0.077
-0.001
0.026
0.022
0.010
-0.003
-0.023
-0.056
-0.093
-0.105
-0.065
0.039
0.178
0.296
0.330
0.249
0.077
-0.113
-0.229
-0.205
-0.038
0.215
0.463
0.624
0.662
0.601
0.497
0.407
0.360
0.343
0.325
0.284
0.223
0.173
0.167
0.216
0.292
0.338
0.302
0.168
-0.030
-0.215
-0.305
-0.256
-0.081
0.154
0.365
0.485
0.497
0.433
0.352
0.308
0.326
0.392
0.466
0.508
0.493
0.418
0.299
0.162
0.032
-0.069
-0.122
-0.112
-0.036
0.091
0.237
0.355
0.406
0.370
0.261
0.121
0.000
-0.062
-0.053
0.008
0.089
0.161
0.206
0.226
0.229
0.224
0.212
0.195
0.180
0.182
0.216
0.285
0.362
0.401
0.346
0.172
-0.097
-0.386
-0.596
-0.647
-0.524
-0.284
-0.034
0.120
0.129
0.022
-0.113
-0.173
-0.100
0.089
0.308
0.453
0.454
0.313
0.095
-0.104
-0.216
-0.227
-0.182
-0.148
-0.170
-0.244
-0.319
-0.335
-0.260
-0.112
0.045
0.141
0.140
0.060
-0.036
-0.075
-0.018
0.122
0.284
0.397
0.413
0.332
0.194
0.058
-0.036
-0.076
-0.080
-0.070
-0.058
-0.035
0.014
0.093
0.183
0.242
0.229
0.128
-0.037
-0.208
-0.319
-0.328
-0.229
-0.058
0.131
0.293
0.404
0.463
0.477
0.448
0.367
0.226
0.032
-0.177
-0.342
-0.404
-0.332
-0.144
0.095
0.300
0.400
0.368
0.230
0.049
-0.104
-0.178
-0.162
-0.075
0.043
0.152
0.223
0.243
0.215
0.151
0.076
0.016
-0.005
0.024
0.090
0.156
0.175
0.115
-0.021
-0.184
-0.300
-0.302
-0.164
0.074
0.324
0.483
0.487
0.339
0.109
-0.100
-0.204
-0.176
-0.053
0.089
0.182
0.198
0.162
0.125
0.129
0.176
0.226
0.222
0.130
-0.038
-0.221
-0.346
-0.363
-0.280
-0.156
-0.071
-0.085
-0.203
-0.375
-0.525
-0.588
-0.544
-0.419
-0.266
-0.134
-0.045
0.009
0.051
0.099
0.150
0.186
0.192
0.164
0.118
0.075
0.046
0.023
-0.012
-0.068
-0.128
-0.148
-0.079
0.102
0.364
0.622
0.766
0.718
0.466
0.086
-0.295
-0.549
-0.605
-0.474
-0.238
-0.007
0.138
0.166
0.100
-0.014
-0.143
-0.275
-0.415
-0.560
-0.677
-0.711
-0.612
-0.375
-0.058
0.231
0.380
0.331
0.111
-0.171
-0.375
-0.399
-0.224
0.075
0.373
0.554
0.565
0.434
0.246
0.086
0.004
-0.010
-0.001
-0.014
-0.061
-0.114
-0.127
-0.071
0.044
0.169
0.242
0.229
0.140
0.025
-0.055
-0.067
-0.025
0.019
0.009
-0.079
-0.219
-0.344
-0.385
-0.306
-0.134
0.058
0.182
0.178
0.044
-0.167
-0.369
-0.489
-0.492
-0.392
-0.240
-0.098
-0.012
-0.000
-0.053
-0.140
-0.227
-0.279
-0.273
-0.198
-0.064
0.101
0.251
0.338
0.332
0.232
0.072
-0.091
-0.199
-0.216
-0.141
-0.006
0.142
0.266
0.348
0.391
0.411
0.419
0.418
0.408
0.390
0.381
0.400
0.461
0.550
0.628
0.637
0.537
0.328
0.062
-0.174
-0.294
-0.258
-0.094
0.115
0.268
0.300
0.208
0.056
-0.063
-0.082
0.007
0.142
0.227
0.186
-0.000
-0.272
-0.524
-0.652
-0.604
-0.401
-0.123
0.133
0.299
0.364
0.364
0.358
0.385
0.440
0.485
0.469
0.363
0.180
-0.026
-0.189
-0.263
-0.241
-0.154
-0.057
0.007
0.023
0.011
0.009
0.048
0.133
0.240
0.327
0.358
0.319
0.227
0.121
0.041
0.008
0.017
0.037
0.034
-0.018
-0.118
-0.242
-0.353
-0.418
-0.421
-0.368
-0.283
-0.194
-0.119
-0.064
-0.023
0.014
0.056
0.103
0.148
0.185
0.211
0.226
0.229
0.216
0.175
0.093
-0.033
-0.189
-0.334
-0.417
-0.390
-0.238
0.017
0.308
0.550
0.666
0.623
0.437
0.174
-0.083
-0.259
-0.318
-0.269
-0.153
-0.023
0.076
0.122
0.118
0.078
0.021
-0.044
-0.110
-0.178
-0.242
-0.295
-0.327
-0.330
-0.302
-0.247
-0.171
-0.086
-0.006
0.057
0.088
0.076
0.019
-0.072
-0.175
-0.258
-0.299
-0.286
-0.230
-0.154
-0.084
-0.035
-0.011
0.000
0.006
0.008
-0.007
-0.053
-0.133
-0.229
-0.303
-0.316
-0.246
-0.105
0.061
0.193
0.247
0.219
0.146
0.087
0.090
0.165
0.276
0.360
0.361
0.266
0.110
-0.033
-0.090
-0.026
0.136
0.326
0.457
0.469
0.350
0.138
-0.098
-0.294
-0.409
-0.437
-0.397
-0.317
-0.221
-0.123
-0.037
0.025
0.050
0.031
-0.023
-0.089
-0.138
-0.150
-0.126
-0.089
-0.070
-0.087
-0.131
-0.165
-0.146
-0.049
0.112
0.284
0.402
0.413
0.308
0.127
-0.061
-0.192
-0.227
-0.173
-0.064
0.060
0.174
0.271
0.356
0.426
0.462
0.437
0.329
0.147
-0.067
-0.250
-0.345
-0.327
-0.216
-0.063
0.077
0.173
0.225
0.257
0.288
0.316
0.312
0.239
0.079
-0.141
-0.359
-0.495
-0.495
-0.351
-0.111
0.148
0.353
0.465
0.484
0.438
0.354
0.246
0.116
-0.033
-0.180
-0.281
-0.294
-0.206
-0.049
0.096
0.145
0.049
-0.172
-0.426
-0.596
-0.595
-0.418
-0.145
0.095
0.188
0.096
-0.126
-0.358
-0.475
-0.411
-0.188
0.103
0.351
0.483
0.492
0.432
0.375
0.368
0.412
0.465
0.476
0.421
0.313
0.193
0.103
0.062
0.059
0.070
0.080
0.100
0.156
0.269
0.427
0.582
0.661
0.613
0.435
0.187
-0.034
-0.134
-0.070
0.130
0.387
0.604
0.714
0.705
0.609
0.477
0.345
0.223
0.105
-0.015
-0.119
-0.172
-0.138
-0.014
0.165
0.330
0.415
0.396
0.300
0.196
0.154
0.200
0.304
0.389
0.382
0.257
0.053
-0.138
-0.228
-0.177
-0.021
0.147
0.221
0.143
-0.069
-0.330
-0.536
-0.610
-0.544
-0.391
-0.230
-0.119
-0.070
-0.046
0.008
0.123
0.289
0.451
0.548
0.540
0.430
0.265
0.106
0.002
-0.033
-0.017
0.021
0.051
0.067
0.076
0.093
0.128
0.181
0.248
0.327
0.416
0.511
0.595
0.634
0.593
0.449
0.215
-0.058
-0.293
-0.421
-0.417
-0.310
-0.172
-0.086
-0.100
-0.203
-0.334
-0.408
-0.365
-0.201
0.033
0.257
0.397
0.426
0.365
0.270
0.199
0.185
0.226
0.293
0.349
0.368
0.339
0.265
0.153
0.015
-0.135
-0.269
-0.349
-0.340
-0.233
-0.055
0.130
0.244
0.240
0.125
-0.035
-0.145
-0.129
0.022
0.242
0.415
0.439
0.284
0.015
-0.231
-0.312
-0.159
0.186
0.578
0.837
0.838
0.569
0.144
-0.252
-0.448
-0.371
-0.071
0.306
0.591
0.674
0.546
0.296
0.055
-0.075
-0.065
0.037
0.141
0.169
0.101
-0.023
-0.124
-0.134
-0.033
0.144
0.323
0.437
0.453
0.385
0.283
0.198
0.160
0.161
0.165
0.135
0.055
-0.066
-0.194
-0.289
-0.323
-0.289
-0.197
-0.066
0.083
0.228
0.341
0.387
0.336
0.172
-0.084
-0.370
-0.598
-0.681
-0.574
-0.296
0.066
0.396
0.590
0.604
0.471
0.276
0.117
0.052
0.077
0.130
0.138
0.057
-0.093
-0.239
-0.291
-0.198
0.024
0.289
0.484
0.521
0.383
0.130
-0.132
-0.304
-0.342
-0.272
-0.169
-0.112
-0.135
-0.215
-0.286
-0.282
-0.173
0.009
0.197
0.315
0.325
0.238
0.106
-0.010
-0.072
-0.079
-0.055
-0.029
-0.011
0.012
0.061
0.140
0.229
0.282
0.262
0.161
0.015
-0.111
-0.156
-0.097
0.034
0.167
0.234
0.201
0.095
-0.021
-0.077
-0.045
0.052
0.152
0.195
0.159
0.076
0.006
-0.000
0.062
0.142
0.165
0.082
-0.097
-0.292
-0.398
-0.341
-0.130
0.143
0.342
0.360
0.180
-0.117
-0.384
-0.488
-0.377
-0.107
0.188
0.370
0.369
0.216
0.022
-0.085
-0.029
0.173
0.425
0.609
0.644
0.528
0.332
0.154
0.069
0.090
0.174
0.253
0.281
0.253
0.209
0.201
0.259
0.374
0.504
0.597
0.621
0.573
0.474
0.350
0.219
0.081
-0.061
-0.193
-0.283
-0.292
-0.200
-0.024
0.172
0.306
0.314
0.178
-0.056
-0.303
-0.470
-0.504
-0.408
-0.235
-0.056
0.077
0.147
0.176
0.202
0.250
0.320
0.383
0.404
0.356
0.235
0.063
-0.128
-0.303
-0.433
-0.497
-0.485
-0.395
-0.243
-0.067
0.080
0.147
0.101
-0.050
-0.253
-0.431
-0.511
-0.457
-0.288
-0.065
0.136
0.255
0.274
0.218
0.131
0.059
0.025
0.031
0.066
0.122
0.195
0.281
0.364
0.414
0.392
0.273
0.066
-0.182
-0.398
-0.517
-0.513
-0.412
-0.281
-0.187
-0.169
-0.214
-0.274
-0.294
-0.250
-0.160
-0.072
-0.028
-0.033
-0.047
-0.012
0.110
0.304
0.491
0.571
0.469
0.187
-0.190
-0.528
-0.707
-0.679
-0.487
-0.240
-0.053
0.012
-0.026
-0.089
-0.092
0.005
0.164
0.300
0.318
0.180
-0.082
-0.375
-0.593
-0.673
-0.617
-0.482
-0.343
-0.246
-0.197
-0.166
-0.120
-0.058
-0.010
-0.021
-0.115
-0.271
-0.426
-0.511
-0.488
-0.382
-0.265
-0.220
-0.290
-0.450
-0.613
-0.682
-0.603
-0.398
-0.162
-0.005
0.002
-0.125
-0.292
-0.379
-0.308
-0.087
0.184
0.369
0.368
0.173
-0.122
-0.373
-0.452
-0.325
-0.061
0.201
0.321
0.235
-0.013
-0.302
-0.492
-0.497
-0.330
-0.086
0.107
0.160
0.066
-0.097
-0.215
-0.199
-0.030
0.225
0.452
0.545
0.457
0.226
-0.054
-0.271
-0.352
-0.287
-0.132
0.031
0.128
0.129
0.048
-0.067
-0.170
-0.232
-0.257
-0.263
-0.275
-0.300
-0.332
-0.353
-0.349
-0.316
-0.265
-0.211
-0.166
-0.131
-0.098
-0.058
-0.009
0.045
0.090
0.119
0.131
0.137
0.149
0.170
0.187
0.178
0.118
-0.000
-0.161
-0.323
-0.436
-0.460
-0.382
-0.224
-0.034
0.135
0.238
0.258
0.206
0.112
0.013
-0.059
-0.085
-0.060
0.007
0.100
0.197
0.275
0.321
0.334
0.323
0.308
0.305
0.317
0.333
0.332
0.296
0.230
0.161
0.130
0.165
0.260
0.368
0.411
0.326
0.094
-0.231
-0.541
-0.720
-0.697
-0.490
-0.200
0.034
0.102
-0.021
-0.259
-0.479
-0.556
-0.446
-0.211
0.016
0.102
-0.010
-0.266
-0.524
-0.626
-0.489
-0.147
0.257
0.542
0.581
0.359
-0.016
-0.377
-0.577
-0.564
-0.393
-0.186
-0.065
-0.081
-0.200
-0.330
-0.380
-0.311
-0.158
0.001
0.095
0.097
0.041
-0.011
-0.014
0.033
0.080
0.067
-0.035
-0.190
-0.313
-0.312
-0.143
0.152
0.459
0.641
0.608
0.361
-0.005
-0.346
-0.537
-0.526
-0.356
-0.133
0.031
0.076
0.013
-0.089
-0.143
-0.097
0.043
0.217
0.346
0.366
0.261
0.063
-0.167
-0.362
-0.478
-0.500
-0.441
-0.326
-0.184
-0.038
0.091
0.190
0.248
0.257
0.220
0.146
0.057
-0.022
-0.065
-0.057
0.004
0.098
0.191
0.244
0.226
0.131
-0.015
-0.156
-0.231
-0.201
-0.070
0.107
0.244
0.263
0.135
-0.103
-0.357
-0.517
-0.509
-0.332
-0.064
0.178
0.291
0.235
0.051
-0.169
-0.325
-0.365
-0.305
-0.213
-0.166
-0.205
-0.312
-0.426
-0.481
-0.448
-0.349
-0.245
-0.193
-0.209
-0.261
-0.286
-0.231
-0.095
0.067
0.171
0.148
-0.008
-0.235
-0.427
-0.489
-0.384
-0.152
0.112
0.306
0.367
0.299
0.159
0.022
-0.057
-0.068
-0.035
0.002
0.022
0.026
0.032
0.056
0.091
0.111
0.089
0.016
-0.088
-0.177
-0.209
-0.167
-0.066
0.049
0.135
0.170
0.158
0.123
0.081
0.025
-0.066
-0.213
-0.406
-0.592
-0.695
-0.655
-0.464
-0.189
0.056
0.156
0.060
-0.189
-0.468
-0.627
-0.568
-0.289
0.105
0.457
0.630
0.576
0.349
0.083
-0.087
-0.084
0.073
0.286
0.434
0.438
0.299
0.097
-0.055
-0.071
0.067
0.296
0.502
0.576
0.463
0.188
-0.154
-0.439
-0.562
-0.479
-0.220
0.120
0.423
0.588
0.570
0.388
0.116
-0.148
-0.319
-0.360
-0.283
-0.142
0.000
0.098
0.140
0.147
0.150
0.165
0.185
0.182
0.129
0.028
-0.085
-0.149
-0.112
0.036
0.252
0.448
0.536
0.471
0.278
0.044
-0.121
-0.139
-0.002
0.224
0.432
0.526
0.466
0.286
0.070
-0.092
-0.145
-0.090
0.024
0.135
0.203
0.219
0.201
0.169
0.125
0.051
-0.077
-0.259
-0.462
-0.623
-0.680
-0.606
-0.428
-0.222
-0.076
-0.047
-0.135
-0.278
-0.388
-0.393
-0.274
-0.072
0.138
0.282
0.324
0.275
0.180
0.087
0.019
-0.033
-0.095
-0.184
-0.291
-0.377
-0.396
-0.322
-0.169
0.010
0.152
0.212
0.192
0.135
0.105
0.141
0.238
0.336
0.355
0.234
-0.025
-0.347
-0.611
-0.701
-0.559
-0.217
0.211
0.576
0.759
0.718
0.506
0.243
0.057
0.026
0.142
0.323
0.452
0.436
0.251
-0.046
-0.347
-0.543
-0.566
-0.417
-0.156
0.132
0.375
0.536
0.610
0.612
0.551
0.426
0.236
-0.002
-0.243
-0.417
-0.464
-0.362
-0.148
0.090
0.255
0.284
0.187
0.041
-0.050
-0.012
0.155
0.373
0.521
0.502
0.295
-0.031
-0.349
-0.538
-0.548
-0.417
-0.254
-0.172
-0.228
-0.392
-0.565
-0.637
-0.548
-0.322
-0.053
0.143
0.193
0.102
-0.059
-0.189
-0.213
-0.121
0.036
0.180
0.250
0.231
0.151
0.057
-0.019
-0.074
-0.130
-0.205
-0.291
-0.351
-0.338
-0.225
-0.034
0.171
0.307
0.316
0.194
-0.006
-0.199
-0.313
-0.317
-0.233
-0.115
-0.016
0.038
0.058
0.076
0.120
0.197
0.287
0.360
0.389
0.366
0.299
0.196
0.065
-0.092
-0.266
-0.433
-0.554
-0.593
-0.537
-0.414
-0.286
-0.220
-0.251
-0.355
-0.463
-0.492
-0.399
-0.212
-0.020
0.069
-0.005
-0.212
-0.443
-0.556
-0.460
-0.166
0.209
0.494
0.557
0.367
0.019
-0.323
-0.505
-0.467
-0.269
-0.051
0.048
-0.036
-0.255
-0.482
-0.584
-0.495
-0.254
0.025
0.213
0.240
0.125
-0.042
-0.157
-0.159
-0.062
0.065
0.144
0.137
0.064
-0.017
-0.052
-0.026
0.028
0.057
0.026
-0.053
-0.127
-0.136
-0.055
0.083
0.201
0.227
0.135
-0.031
-0.182
-0.230
-0.149
0.015
0.160
0.193
0.080
-0.127
-0.322
-0.403
-0.336
-0.176
-0.038
-0.028
-0.183
-0.441
-0.674
-0.751
-0.617
-0.322
0.003
0.210
0.213
0.025
-0.249
-0.476
-0.566
-0.508
-0.375
-0.268
-0.257
-0.341
-0.451
-0.493
-0.408
-0.205
0.037
0.212
0.245
0.128
-0.078
-0.273
-0.378
-0.366
-0.279
-0.197
-0.191
-0.286
-0.447
-0.594
-0.652
-0.584
-0.410
-0.200
-0.034
0.037
0.013
-0.057
-0.101
-0.065
0.055
0.216
0.345
0.378
0.299
0.151
0.016
-0.025
0.062
0.239
0.411
0.467
0.341
0.051
-0.299
-0.562
-0.616
-0.426
-0.070
0.297
0.515
0.493
0.257
-0.069
-0.326
-0.405
-0.304
-0.126
-0.019
-0.087
-0.330
-0.628
-0.807
-0.728
-0.370
0.155
0.642
0.898
0.833
0.497
0.057
-0.293
-0.428
-0.343
-0.144
0.018
0.036
-0.105
-0.326
-0.510
-0.568
-0.483
-0.312
-0.138
-0.019
0.044
0.098
0.193
0.335
0.475
0.526
0.426
0.179
-0.131
-0.374
-0.441
-0.304
-0.034
0.234
0.370
0.314
0.106
-0.143
-0.313
-0.343
-0.260
-0.153
-0.120
-0.207
-0.380
-0.546
-0.609
-0.527
-0.332
-0.116
0.026
0.051
-0.015
-0.092
-0.099
0.000
0.174
0.343
0.430
0.407
0.309
0.212
0.188
0.256
0.370
0.441
0.391
0.200
-0.076
-0.328
-0.444
-0.368
-0.122
0.201
0.480
0.624
0.601
0.453
0.258
0.100
0.028
0.046
0.117
0.192
0.227
0.200
0.113
-0.013
-0.150
-0.272
-0.359
-0.400
-0.398
-0.365
-0.315
-0.258
-0.187
-0.085
0.065
0.263
0.475
0.636
0.671
0.529
0.221
-0.174
-0.524
-0.704
-0.647
-0.385
-0.035
0.243
0.321
0.168
-0.145
-0.468
-0.653
-0.617
-0.383
-0.060
0.213
0.334
0.287
0.137
-0.013
-0.082
-0.049
0.041
0.118
0.130
0.080
0.025
0.033
0.143
0.330
0.516
0.611
0.563
0.393
0.183
0.036
0.018
0.125
0.285
0.402
0.410
0.309
0.164
0.066
0.075
0.182
0.314
0.376
0.305
0.110
-0.131
-0.312
-0.361
-0.276
-0.133
-0.033
-0.051
-0.186
-0.357
-0.451
-0.384
-0.151
0.167
0.440
0.561
0.498
0.308
0.104
-0.006
0.017
0.132
0.239
0.240
0.099
-0.137
-0.362
-0.466
-0.396
-0.183
0.074
0.257
0.285
0.154
-0.071
-0.295
-0.437
-0.468
-0.410
-0.314
-0.223
-0.153
-0.092
-0.020
0.064
0.142
0.177
0.145
0.050
-0.067
-0.153
-0.167
-0.110
-0.023
0.035
0.013
-0.095
-0.250
-0.388
-0.450
-0.413
-0.303
-0.172
-0.075
-0.038
-0.054
-0.088
-0.106
-0.098
-0.077
-0.076
-0.117
-0.196
-0.276
-0.310
-0.257
-0.108
0.109
0.339
0.525
0.626
0.634
0.564
0.447
0.316
0.192
0.093
0.028
0.009
0.043
0.126
0.241
0.357
0.434
0.441
0.362
0.207
0.009
-0.187
-0.331
-0.387
-0.338
-0.191
0.019
0.239
0.403
0.458
0.378
0.180
-0.078
-0.312
-0.444
-0.433
-0.295
-0.099
0.065
0.122
0.046
-0.124
-0.309
-0.421
-0.407
-0.275
-0.086
0.073
0.132
0.064
-0.102
-0.300
-0.461
-0.540
-0.537
-0.490
-0.449
-0.456
-0.523
-0.626
-0.719
-0.752
-0.694
-0.541
-0.320
-0.083
0.115
0.229
0.240
0.159
0.024
-0.117
-0.222
-0.271
-0.268
-0.235
-0.195
-0.159
-0.120
-0.058
0.041
0.169
0.294
0.368
0.356
0.254
0.101
-0.038
-0.103
-0.065
0.051
0.184
0.263
0.245
0.140
-0.002
-0.113
-0.150
-0.117
-0.058
-0.030
-0.070
-0.165
-0.266
-0.312
-0.270
-0.157
-0.029
0.050
0.045
-0.024
-0.096
-0.103
-0.014
0.146
0.306
0.383
0.334
0.177
-0.016
-0.162
-0.208
-0.159
-0.073
-0.020
-0.041
-0.121
-0.207
-0.236
-0.185
-0.084
-0.002
-0.003
-0.097
-0.229
-0.298
-0.213
0.050
0.423
0.767
0.939
0.855
0.541
0.120
-0.244
-0.415
-0.351
-0.112
0.173
0.373
0.413
0.304
0.130
-0.008
-0.033
0.064
0.237
0.405
0.499
0.488
0.386
0.239
0.095
-0.016
-0.092
-0.151
-0.212
-0.286
-0.360
-0.408
-0.403
-0.331
-0.202
-0.047
0.086
0.156
0.142
0.054
-0.068
-0.171
-0.209
-0.166
-0.063
0.049
0.116
0.106
0.026
-0.078
-0.144
-0.124
-0.013
0.147
0.287
0.343
0.287
0.143
-0.027
-0.154
-0.193
-0.143
-0.040
0.065
0.132
0.151
0.131
0.094
0.046
-0.017
-0.108
-0.222
-0.330
-0.386
-0.344
-0.190
0.038
0.263
0.399
0.389
0.238
0.006
-0.215
-0.345
-0.350
-0.253
-0.113
0.007
0.069
0.069
0.029
-0.029
-0.096
-0.180
-0.285
-0.397
-0.476
-0.475
-0.358
-0.133
0.149
0.412
0.588
0.651
0.620
0.548
0.481
0.431
0.372
0.260
0.071
-0.174
-0.406
-0.538
-0.510
-0.321
-0.036
0.246
0.435
0.495
0.448
0.360
0.293
0.275
0.289
0.288
0.235
0.123
-0.016
-0.133
-0.193
-0.196
-0.176
-0.174
-0.210
-0.272
-0.319
-0.311
-0.241
-0.140
-0.062
-0.050
-0.102
-0.172
-0.188
-0.101
0.082
0.293
0.430
0.413
0.225
-0.074
-0.372
-0.562
-0.590
-0.479
-0.312
-0.182
-0.146
-0.201
-0.290
-0.342
-0.309
-0.189
-0.023
0.135
0.240
0.277
0.251
0.178
0.071
-0.062
-0.205
-0.327
-0.385
-0.346
-0.211
-0.029
0.112
0.129
-0.012
-0.271
-0.540
-0.693
-0.651
-0.421
-0.104
0.160
0.256
0.158
-0.062
-0.272
-0.356
-0.273
-0.079
0.105
0.168
0.071
-0.128
-0.305
-0.343
-0.199
0.066
0.317
0.412
0.282
-0.033
-0.398
-0.652
-0.686
-0.496
-0.176
0.129
0.300
0.291
0.149
-0.028
-0.140
-0.144
-0.059
0.047
0.101
0.068
-0.041
-0.179
-0.298
-0.371
-0.407
-0.434
-0.477
-0.538
-0.591
-0.596
-0.521
-0.363
-0.148
0.075
0.259
0.372
0.409
0.386
0.330
0.268
0.217
0.180
0.150
0.112
0.049
-0.051
-0.183
-0.322
-0.429
-0.457
-0.381
-0.209
0.007
0.190
0.266
0.199
0.019
-0.190
-0.323
-0.306
-0.137
0.107
0.299
0.325
0.137
-0.212
-0.594
-0.855
-0.893
-0.704
-0.379
-0.066
0.109
0.095
-0.059
-0.240
-0.331
-0.275
-0.102
0.088
0.181
0.110
-0.110
-0.386
-0.598
-0.654
-0.536
-0.301
-0.046
0.139
0.216
0.209
0.176
0.173
0.220
0.289
0.328
0.296
0.183
0.026
-0.123
-0.222
-0.265
-0.282
-0.316
-0.390
-0.485
-0.544
-0.502
-0.327
-0.043
0.269
0.506
0.585
0.489
0.266
0.013
-0.176
-0.249
-0.214
-0.127
-0.056
-0.045
-0.093
-0.162
-0.204
-0.192
-0.136
-0.072
-0.043
-0.069
-0.138
-0.207
-0.233
-0.192
-0.097
0.014
0.096
0.124
0.099
0.050
0.011
0.000
0.013
0.024
0.003
-0.067
-0.178
-0.304
-0.413
-0.478
-0.490
-0.455
-0.385
-0.290
-0.178
-0.054
0.074
0.189
0.270
0.301
0.277
0.208
0.116
0.024
-0.052
-0.103
-0.131
-0.133
-0.107
-0.042
0.063
0.201
0.351
0.480
0.558
0.569
0.517
0.422
0.311
0.203
0.113
0.044
-0.001
-0.014
0.016
0.092
0.204
0.322
0.410
0.438
0.400
0.316
0.223
0.156
0.125
0.111
0.074
-0.018
-0.167
-0.333
-0.449
-0.454
-0.325
-0.091
0.171
0.374
0.458
0.417
0.294
0.163
0.083
0.078
0.130
0.194
0.231
0.226
0.195
0.168
0.164
0.177
0.184
0.157
0.090
0.007
-0.047
-0.032
0.056
0.181
0.274
0.271
0.148
-0.062
-0.279
-0.413
-0.405
-0.259
-0.039
0.156
0.242
0.182
0.003
-0.221
-0.405
-0.487
-0.453
-0.333
-0.180
-0.046
0.038
0.070
0.066
0.048
0.030
0.016
0.004
-0.009
-0.018
-0.017
0.006
0.053
0.117
0.185
0.237
0.260
0.246
0.197
0.123
0.037
-0.050
-0.132
-0.207
-0.274
-0.327
-0.355
-0.339
-0.264
-0.124
0.062
0.252
0.387
0.412
0.302
0.078
-0.195
-0.421
-0.516
-0.439
-0.214
0.077
0.324
0.436
0.373
0.167
-0.101
-0.328
-0.438
-0.404
-0.253
-0.043
0.160
0.312
0.397
0.421
0.397
0.339
0.252
0.149
0.049
-0.019
-0.027
0.037
0.156
0.288
0.382
0.399
0.333
0.213
0.091
0.016
0.015
0.079
0.178
0.273
0.338
0.373
0.389
0.400
0.406
0.392
0.334
0.218
0.057
-0.111
-0.237
-0.279
-0.226
-0.103
0.034
0.130
0.145
0.077
-0.046
-0.176
-0.270
-0.303
-0.279
-0.222
-0.162
-0.124
-0.122
-0.154
-0.208
-0.271
-0.324
-0.351
-0.339
-0.276
-0.161
-0.011
0.142
0.254
0.284
0.211
0.051
-0.145
-0.305
-0.358
-0.270
-0.057
0.211
0.440
0.547
0.498
0.326
0.116
-0.030
-0.044
0.076
0.267
0.423
0.457
0.340
0.121
-0.098
-0.218
-0.192
-0.058
0.080
0.109
-0.034
-0.318
-0.630
-0.825
-0.808
-0.580
-0.252
0.015
0.085
-0.081
-0.401
-0.716
-0.870
-0.787
-0.509
-0.172
0.068
0.118
-0.010
-0.210
-0.344
-0.319
-0.134
0.123
0.328
0.396
0.318
0.166
0.037
-0.003
0.041
0.098
0.082
-0.045
-0.243
-0.407
-0.425
-0.245
0.086
0.436
0.651
0.631
0.388
0.032
-0.277
-0.412
-0.339
-0.127
0.095
0.211
0.173
0.024
-0.137
-0.210
-0.153
0.005
0.184
0.299
0.305
0.218
0.091
-0.015
-0.071
-0.089
-0.105
-0.148
-0.214
-0.267
-0.259
-0.161
0.016
0.219
0.376
0.436
0.387
0.268
0.142
0.069
0.081
0.169
0.294
0.408
0.471
0.466
0.394
0.270
0.120
-0.030
-0.152
-0.224
-0.233
-0.192
-0.133
-0.101
-0.136
-0.245
-0.399
-0.539
-0.604
-0.561
-0.424
-0.250
-0.109
-0.049
-0.069
-0.117
-0.123
-0.038
0.133
0.329
0.459
0.452
0.294
0.041
-0.204
-0.339
-0.313
-0.146
0.084
0.281
0.377
0.363
0.281
0.200
0.170
0.204
0.274
0.337
0.363
0.353
0.335
0.340
0.377
0.419
0.418
0.332
0.156
-0.067
-0.258
-0.338
-0.267
-0.064
0.198
0.424
0.545
0.539
0.439
0.308
0.201
0.141
0.110
0.070
-0.007
-0.115
