3.141586999999999939e-03
6.283144000000000055e-03
9.424638000000000806e-03
1.256604000000000054e-02
1.570731699999999842e-02
1.884844000000000103e-02
2.198937600000000145e-02
2.513009500000000160e-02
2.827056699999999992e-02
3.141075900000000337e-02
3.455064099999999999e-02
3.769018300000000210e-02
4.082935199999999931e-02
4.396811800000000048e-02
4.710645100000000057e-02
5.024431800000000309e-02
5.338169000000000247e-02
5.651853400000000222e-02
5.965482099999999677e-02
6.279052000000000244e-02
6.592559800000000192e-02
6.906002599999999658e-02
7.219377200000000327e-02
7.532680599999999616e-02
7.845909600000000594e-02
8.159061200000000680e-02
8.472132200000000168e-02
8.785119700000000587e-02
9.098020399999999508e-02
9.410831299999999899e-02
9.723549400000000564e-02
1.003617150000000041e-01
1.034869449999999969e-01
1.066111539999999996e-01
1.097343110000000010e-01
1.128563850000000035e-01
1.159773449999999956e-01
1.190971599999999936e-01
1.222157999999999994e-01
1.253332339999999878e-01
1.284494300000000033e-01
1.315643589999999918e-01
1.346779889999999980e-01
1.377902910000000092e-01
1.409012319999999874e-01
1.440107830000000033e-01
1.471189119999999906e-01
1.502255889999999927e-01
1.533307839999999977e-01
1.564344649999999948e-01
1.595366019999999996e-01
1.626371650000000002e-01
1.657361230000000130e-01
1.688334449999999987e-01
1.719291000000000014e-01
1.750230590000000086e-01
1.781152900000000094e-01
1.812057639999999914e-01
1.842944489999999991e-01
1.873813149999999927e-01
1.904663309999999887e-01
1.935494680000000023e-01
1.966306949999999942e-01
1.997099810000000086e-01
2.027872950000000063e-01
2.058626090000000020e-01
2.089358900000000130e-01
2.120071099999999986e-01
2.150762370000000034e-01
2.181432409999999877e-01
2.212080929999999945e-01
2.242707610000000129e-01
2.273312160000000026e-01
2.303894270000000077e-01
2.334453639999999885e-01
2.364989969999999886e-01
2.395502959999999959e-01
2.425992309999999985e-01
2.456457710000000128e-01
2.486898869999999984e-01
2.517315489999999989e-01
2.547707260000000029e-01
2.578073880000000262e-01
2.608415060000000008e-01
2.638730499999999979e-01
2.669019890000000061e-01
2.699282940000000131e-01
2.729519360000000061e-01
2.759728830000000022e-01
2.789911059999999887e-01
2.820065760000000088e-01
2.850192619999999954e-01
2.880291360000000189e-01
2.910361670000000123e-01
2.940403249999999913e-01
2.970415820000000262e-01
3.000399060000000229e-01
3.030352700000000232e-01
3.060276419999999886e-01
3.090169939999999893e-01
3.120032970000000128e-01
3.149865199999999921e-01
3.179666340000000258e-01
3.209436099999999903e-01
3.239174180000000125e-01
3.268880299999999961e-01
3.298554149999999852e-01
3.328195449999999944e-01
3.357803890000000124e-01
3.387379200000000257e-01
3.416921079999999944e-01
3.446429229999999899e-01
3.475903370000000270e-01
3.505343200000000103e-01
3.534748440000000103e-01
3.564118789999999870e-01
3.593453959999999836e-01
3.622753670000000148e-01
3.652017619999999853e-01
3.681245530000000210e-01
3.710437100000000266e-01
3.739592059999999885e-01
3.768710100000000063e-01
3.797790959999999827e-01
3.826834319999999900e-01
3.855839919999999865e-01
3.884807470000000151e-01
3.913736669999999807e-01
3.942627240000000088e-01
3.971478909999999751e-01
4.000291369999999791e-01
4.029064359999999789e-01
4.057797579999999904e-01
4.086490749999999728e-01
4.115143589999999962e-01
4.143755809999999928e-01
4.172327140000000045e-01
4.200857279999999916e-01
4.229345970000000232e-01
4.257792919999999759e-01
4.286197840000000037e-01
4.314560459999999820e-01
4.342880490000000093e-01
4.371157669999999884e-01
4.399391699999999905e-01
4.427582310000000021e-01
4.455729219999999824e-01
4.483832159999999734e-01
4.511890840000000180e-01
4.539905000000000190e-01
4.567874339999999922e-01
4.595798609999999784e-01
4.623677509999999935e-01
4.651510779999999956e-01
4.679298139999999995e-01
4.707039319999999916e-01
4.734734039999999866e-01
4.762382039999999983e-01
4.789983030000000142e-01
4.817536740000000206e-01
4.845042909999999758e-01
4.872501260000000056e-01
4.899911519999999854e-01
4.927273420000000126e-01
4.954586679999999910e-01
4.981851050000000170e-01
5.009066250000000498e-01
5.036232019999999920e-01
5.063348069999999979e-01
5.090414159999999688e-01
5.117429999999999479e-01
5.144395339999999761e-01
5.171309899999999571e-01
5.198173430000000428e-01
5.224985650000000259e-01
5.251746299999999756e-01
5.278455119999999612e-01
5.305111839999999690e-01
5.331716210000000400e-01
5.358267949999999669e-01
5.384766810000000126e-01
5.411212520000000525e-01
5.437604830000000167e-01
5.463943470000000024e-01
5.490228179999999680e-01
5.516458709999999543e-01
5.542634789999999478e-01
5.568756160000000177e-01
5.594822579999999546e-01
5.620833779999999669e-01
5.646789500000000128e-01
5.672689490000000223e-01
5.698533489999999535e-01
5.724321260000000411e-01
5.750052519999999667e-01
5.775727029999999651e-01
5.801344539999999661e-01
5.826904800000000106e-01
5.852407539999999742e-01
5.877852519999999803e-01
5.903239489999999590e-01
5.928568199999999511e-01
5.953838399999999975e-01
5.979049829999999455e-01
6.004202250000000296e-01
6.029295420000000405e-01
6.054329069999999646e-01
6.079302979999999801e-01
6.104216879999999623e-01
6.129070540000000067e-01
6.153863699999999604e-01
6.178596130000000297e-01
6.203267580000000336e-01
6.227877800000000130e-01
6.252426559999999522e-01
6.276913610000000032e-01
6.301338709999999566e-01
6.325701620000000469e-01
6.350002089999999821e-01
6.374239900000000514e-01
6.398414789999999908e-01
6.422526530000000067e-01
6.446574889999999725e-01
6.470559620000000400e-01
6.494480480000000000e-01
6.518337250000000305e-01
6.542129690000000330e-01
6.565857560000000204e-01
6.589520620000000051e-01
6.613118650000000542e-01
6.636651409999999585e-01
6.660118670000000352e-01
6.683520200000000466e-01
6.706855769999999772e-01
6.730125139999999506e-01
6.753328079999999511e-01
6.776464370000000459e-01
6.799533789999999689e-01
6.822536089999999831e-01
6.845471060000000163e-01
6.868338470000000529e-01
6.891138079999999944e-01
6.913869689999999624e-01
6.936533059999999695e-01
6.959127969999999719e-01
6.981654189999999538e-01
7.004111509999999541e-01
7.026499699999999571e-01
7.048818540000000299e-01
7.071067810000000176e-01
7.093247299999999589e-01
7.115356769999999775e-01
7.137396019999999730e-01
7.159364830000000124e-01
7.181262980000000518e-01
7.203090250000000472e-01
7.224846430000000375e-01
7.246531299999999787e-01
7.268144650000000206e-01
7.289686269999999801e-01
7.311155950000000070e-01
7.332553459999999745e-01
7.353878609999999760e-01
7.375131169999999958e-01
7.396310950000000162e-01
7.417417729999999931e-01
7.438451299999999655e-01
7.459411449999999721e-01
7.480297989999999952e-01
7.501110699999999909e-01
7.521849369999999979e-01
7.542513809999999985e-01
7.563103799999999488e-01
7.583619150000000531e-01
7.604059659999999887e-01
7.624425110000000450e-01
7.644715309999999819e-01
7.664930070000000040e-01
7.685069169999999561e-01
7.705132430000000143e-01
7.725119639999999954e-01
7.745030600000000209e-01
7.764865130000000448e-01
7.784623019999999949e-01
7.804304069999999927e-01
7.823908109999999638e-01
7.843434919999999755e-01
7.862884319999999816e-01
7.882256119999999644e-01
7.901550120000000454e-01
7.920766139999999567e-01
7.939903990000000134e-01
7.958963470000000040e-01
7.977944399999999936e-01
7.996846579999999927e-01
8.015669850000000096e-01
8.034413999999999723e-01
8.053078860000000283e-01
8.071664229999999662e-01
8.090169940000000448e-01
8.108595809999999959e-01
8.126941640000000522e-01
8.145207269999999999e-01
8.163392510000000435e-01
8.181497170000000541e-01
8.199521090000000401e-01
8.217464089999999555e-01
8.235325980000000046e-01
8.253106590000000020e-01
8.270805740000000128e-01
8.288423270000000453e-01
8.305958989999999709e-01
8.323412740000000198e-01
8.340784340000000352e-01
8.358073609999999709e-01
8.375280400000000292e-01
8.392404530000000529e-01
8.409445819999999960e-01
8.426404119999999498e-01
8.443279259999999509e-01
8.460071059999999532e-01
8.476779359999999652e-01
8.493403999999999954e-01
8.509944820000000520e-01
8.526401639999999782e-01
8.542774319999999477e-01
8.559062680000000256e-01
8.575266559999999982e-01
8.591385809999999568e-01
8.607420270000000206e-01
8.623369779999999762e-01
8.639234169999999713e-01
8.655013299999999576e-01
8.670707010000000547e-01
8.686315140000000490e-01
8.701837550000000032e-01
8.717274069999999542e-01
8.732624549999999930e-01
8.747888839999999888e-01
8.763066800000000045e-01
8.778158270000000485e-01
8.793163099999999899e-01
8.808081150000000026e-01
8.822912259999999840e-01
8.837656299999999687e-01
8.852313109999999652e-01
8.866882560000000080e-01
8.881364489999999945e-01
8.895758759999999876e-01
8.910065240000000220e-01
8.924283779999999666e-01
8.938414239999999955e-01
8.952456479999999495e-01
8.966410369999999741e-01
8.980275760000000496e-01
8.994052519999999884e-01
9.007740509999999645e-01
9.021339590000000408e-01
9.034849640000000015e-01
9.048270520000000205e-01
9.061602100000000215e-01
9.074844250000000390e-01
9.087996820000000531e-01
9.101059710000000136e-01
9.114032770000000117e-01
9.126915869999999709e-01
9.139708899999999803e-01
9.152411729999999634e-01
9.165024219999999833e-01
9.177546260000000178e-01
9.189977719999999906e-01
9.202318470000000472e-01
9.214568410000000265e-01
9.226727399999999912e-01
9.238795330000000305e-01
9.250772069999999569e-01
9.262657509999999705e-01
9.274451529999999666e-01
9.286154020000000342e-01
9.297764859999999576e-01
9.309283929999999652e-01
9.320711120000000349e-01
9.332046330000000056e-01
9.343289420000000511e-01
9.354440309999999537e-01
9.365498869999999698e-01
9.376464989999999666e-01
9.387338579999999766e-01
9.398119510000000343e-01
9.408807689999999502e-01
9.419403010000000354e-01
9.429905360000000458e-01
9.440314640000000423e-01
9.450630749999999747e-01
9.460853590000000146e-01
9.470983050000000292e-01
9.481019040000000508e-01
9.490961449999999466e-01
9.500810189999999711e-01
9.510565159999999629e-01
9.520226269999999547e-01
9.529793420000000070e-01
9.539266509999999588e-01
9.548645449999999535e-01
9.557930150000000236e-01
9.567120519999999795e-01
9.576216459999999930e-01
9.585217889999999574e-01
9.594124720000000162e-01
9.602936859999999797e-01
9.611654219999999915e-01
9.620276719999999449e-01
9.628804269999999832e-01
9.637236780000000280e-01
9.645574180000000553e-01
9.653816389999999581e-01
9.661963310000000194e-01
9.670014879999999646e-01
9.677970999999999657e-01
9.685831609999999703e-01
9.693596620000000108e-01
9.701265959999999522e-01
9.708839559999999924e-01
9.716317330000000529e-01
9.723699199999999987e-01
9.730985109999999993e-01
9.738174969999999764e-01
9.745268729999999602e-01
9.752266299999999832e-01
9.759167619999999932e-01
9.765972619999999660e-01
9.772681239999999603e-01
9.779293399999999803e-01
9.785809039999999737e-01
9.792228109999999708e-01
9.798550520000000041e-01
9.804776229999999648e-01
9.810905170000000508e-01
9.816937289999999594e-01
9.822872510000000279e-01
9.828710779999999536e-01
9.834452049999999890e-01
9.840096259999999706e-01
9.845643349999999572e-01
9.851093260000000074e-01
9.856445950000000122e-01
9.861701360000000305e-01
9.866859439999999815e-01
9.871920140000000066e-01
9.876883410000000252e-01
9.881749189999999849e-01
9.886517449999999707e-01
9.891188130000000411e-01
9.895761189999999763e-01
9.900236580000000286e-01
9.904614259999999781e-01
9.908894179999999663e-01
9.913076309999999669e-01
9.917160600000000104e-01
9.921147009999999877e-01
9.925035509999999839e-01
9.928826050000000292e-01
9.932518590000000147e-01
9.936113109999999971e-01
9.939609550000000349e-01
9.943007900000000454e-01
9.946308120000000308e-01
9.949510169999999931e-01
9.952614020000000172e-01
9.955619650000000487e-01
9.958527010000000068e-01
9.961336090000000310e-01
9.964046859999999839e-01
9.966659279999999788e-01
9.969173340000000438e-01
9.971588999999999592e-01
9.973906249999999751e-01
9.976125059999999545e-01
9.978245409999999538e-01
9.980267280000000296e-01
9.982190650000000165e-01
9.984015499999999710e-01
9.985741809999999496e-01
9.987369569999999808e-01
9.988898750000000382e-01
9.990329350000000108e-01
9.991661339999999836e-01
9.992894730000000392e-01
9.994029479999999577e-01
9.995065600000000439e-01
9.996003079999999930e-01
9.996841890000000008e-01
9.997582040000000392e-01
9.998223520000000253e-01
9.998766319999999874e-01
9.999210440000000366e-01
9.999555869999999791e-01
9.999802610000000369e-01
9.999950650000000163e-01
1.000000000000000000e+00
9.999950650000000163e-01
9.999802610000000369e-01
9.999555869999999791e-01
9.999210440000000366e-01
9.998766319999999874e-01
9.998223520000000253e-01
9.997582040000000392e-01
9.996841890000000008e-01
9.996003079999999930e-01
9.995065600000000439e-01
9.994029479999999577e-01
9.992894730000000392e-01
9.991661339999999836e-01
9.990329350000000108e-01
9.988898750000000382e-01
9.987369569999999808e-01
9.985741809999999496e-01
9.984015499999999710e-01
9.982190650000000165e-01
9.980267280000000296e-01
9.978245409999999538e-01
9.976125059999999545e-01
9.973906249999999751e-01
9.971588999999999592e-01
9.969173340000000438e-01
9.966659279999999788e-01
9.964046859999999839e-01
9.961336090000000310e-01
9.958527010000000068e-01
9.955619650000000487e-01
9.952614020000000172e-01
9.949510169999999931e-01
9.946308120000000308e-01
9.943007900000000454e-01
9.939609550000000349e-01
9.936113109999999971e-01
9.932518590000000147e-01
9.928826050000000292e-01
9.925035509999999839e-01
9.921147009999999877e-01
9.917160600000000104e-01
9.913076309999999669e-01
9.908894179999999663e-01
9.904614259999999781e-01
9.900236580000000286e-01
9.895761189999999763e-01
9.891188130000000411e-01
9.886517449999999707e-01
9.881749189999999849e-01
9.876883410000000252e-01
9.871920140000000066e-01
9.866859439999999815e-01
9.861701360000000305e-01
9.856445950000000122e-01
9.851093260000000074e-01
9.845643349999999572e-01
9.840096259999999706e-01
9.834452049999999890e-01
9.828710779999999536e-01
9.822872510000000279e-01
9.816937289999999594e-01
9.810905170000000508e-01
9.804776229999999648e-01
9.798550520000000041e-01
9.792228109999999708e-01
9.785809039999999737e-01
9.779293399999999803e-01
9.772681239999999603e-01
9.765972619999999660e-01
9.759167619999999932e-01
9.752266299999999832e-01
9.745268729999999602e-01
9.738174969999999764e-01
9.730985109999999993e-01
9.723699199999999987e-01
9.716317330000000529e-01
9.708839559999999924e-01
9.701265959999999522e-01
9.693596620000000108e-01
9.685831609999999703e-01
9.677970999999999657e-01
9.670014879999999646e-01
9.661963310000000194e-01
9.653816389999999581e-01
9.645574180000000553e-01
9.637236780000000280e-01
9.628804269999999832e-01
9.620276719999999449e-01
9.611654219999999915e-01
9.602936859999999797e-01
9.594124720000000162e-01
9.585217889999999574e-01
9.576216459999999930e-01
9.567120519999999795e-01
9.557930150000000236e-01
9.548645449999999535e-01
9.539266509999999588e-01
9.529793420000000070e-01
9.520226269999999547e-01
9.510565159999999629e-01
9.500810189999999711e-01
9.490961449999999466e-01
9.481019040000000508e-01
9.470983050000000292e-01
9.460853590000000146e-01
9.450630749999999747e-01
9.440314640000000423e-01
9.429905360000000458e-01
9.419403010000000354e-01
9.408807689999999502e-01
9.398119510000000343e-01
9.387338579999999766e-01
9.376464989999999666e-01
9.365498869999999698e-01
9.354440309999999537e-01
9.343289420000000511e-01
9.332046330000000056e-01
9.320711120000000349e-01
9.309283929999999652e-01
9.297764859999999576e-01
9.286154020000000342e-01
9.274451529999999666e-01
9.262657509999999705e-01
9.250772069999999569e-01
9.238795330000000305e-01
9.226727399999999912e-01
9.214568410000000265e-01
9.202318470000000472e-01
9.189977719999999906e-01
9.177546260000000178e-01
9.165024219999999833e-01
9.152411729999999634e-01
9.139708899999999803e-01
9.126915869999999709e-01
9.114032770000000117e-01
9.101059710000000136e-01
9.087996820000000531e-01
9.074844250000000390e-01
9.061602100000000215e-01
9.048270520000000205e-01
9.034849640000000015e-01
9.021339590000000408e-01
9.007740509999999645e-01
8.994052519999999884e-01
8.980275760000000496e-01
8.966410369999999741e-01
8.952456479999999495e-01
8.938414239999999955e-01
8.924283779999999666e-01
8.910065240000000220e-01
8.895758759999999876e-01
8.881364489999999945e-01
8.866882560000000080e-01
8.852313109999999652e-01
8.837656299999999687e-01
8.822912259999999840e-01
8.808081150000000026e-01
8.793163099999999899e-01
8.778158270000000485e-01
8.763066800000000045e-01
8.747888839999999888e-01
8.732624549999999930e-01
8.717274069999999542e-01
8.701837550000000032e-01
8.686315140000000490e-01
8.670707010000000547e-01
8.655013299999999576e-01
8.639234169999999713e-01
8.623369779999999762e-01
8.607420270000000206e-01
8.591385809999999568e-01
8.575266559999999982e-01
8.559062680000000256e-01
8.542774319999999477e-01
8.526401639999999782e-01
8.509944820000000520e-01
8.493403999999999954e-01
8.476779359999999652e-01
8.460071059999999532e-01
8.443279259999999509e-01
8.426404119999999498e-01
8.409445819999999960e-01
8.392404530000000529e-01
8.375280400000000292e-01
8.358073609999999709e-01
8.340784340000000352e-01
8.323412740000000198e-01
8.305958989999999709e-01
8.288423270000000453e-01
8.270805740000000128e-01
8.253106590000000020e-01
8.235325980000000046e-01
8.217464089999999555e-01
8.199521090000000401e-01
8.181497170000000541e-01
8.163392510000000435e-01
8.145207269999999999e-01
8.126941640000000522e-01
8.108595809999999959e-01
8.090169940000000448e-01
8.071664229999999662e-01
8.053078860000000283e-01
8.034413999999999723e-01
8.015669850000000096e-01
7.996846579999999927e-01
7.977944399999999936e-01
7.958963470000000040e-01
7.939903990000000134e-01
7.920766139999999567e-01
7.901550120000000454e-01
7.882256119999999644e-01
7.862884319999999816e-01
7.843434919999999755e-01
7.823908109999999638e-01
7.804304069999999927e-01
7.784623019999999949e-01
7.764865130000000448e-01
7.745030600000000209e-01
7.725119639999999954e-01
7.705132430000000143e-01
7.685069169999999561e-01
7.664930070000000040e-01
7.644715309999999819e-01
7.624425110000000450e-01
7.604059659999999887e-01
7.583619150000000531e-01
7.563103799999999488e-01
7.542513809999999985e-01
7.521849369999999979e-01
7.501110699999999909e-01
7.480297989999999952e-01
7.459411449999999721e-01
7.438451299999999655e-01
7.417417729999999931e-01
7.396310950000000162e-01
7.375131169999999958e-01
7.353878609999999760e-01
7.332553459999999745e-01
7.311155950000000070e-01
7.289686269999999801e-01
7.268144650000000206e-01
7.246531299999999787e-01
7.224846430000000375e-01
7.203090250000000472e-01
7.181262980000000518e-01
7.159364830000000124e-01
7.137396019999999730e-01
7.115356769999999775e-01
7.093247299999999589e-01
7.071067810000000176e-01
7.048818540000000299e-01
7.026499699999999571e-01
7.004111509999999541e-01
6.981654189999999538e-01
6.959127969999999719e-01
6.936533059999999695e-01
6.913869689999999624e-01
6.891138079999999944e-01
6.868338470000000529e-01
6.845471060000000163e-01
6.822536089999999831e-01
6.799533789999999689e-01
6.776464370000000459e-01
6.753328079999999511e-01
6.730125139999999506e-01
6.706855769999999772e-01
6.683520200000000466e-01
6.660118670000000352e-01
6.636651409999999585e-01
6.613118650000000542e-01
6.589520620000000051e-01
6.565857560000000204e-01
6.542129690000000330e-01
6.518337250000000305e-01
6.494480480000000000e-01
6.470559620000000400e-01
6.446574889999999725e-01
6.422526530000000067e-01
6.398414789999999908e-01
6.374239900000000514e-01
6.350002089999999821e-01
6.325701620000000469e-01
6.301338709999999566e-01
6.276913610000000032e-01
6.252426559999999522e-01
6.227877800000000130e-01
6.203267580000000336e-01
6.178596130000000297e-01
6.153863699999999604e-01
6.129070540000000067e-01
6.104216879999999623e-01
6.079302979999999801e-01
6.054329069999999646e-01
6.029295420000000405e-01
6.004202250000000296e-01
5.979049829999999455e-01
5.953838399999999975e-01
5.928568199999999511e-01
5.903239489999999590e-01
5.877852519999999803e-01
5.852407539999999742e-01
5.826904800000000106e-01
5.801344539999999661e-01
5.775727029999999651e-01
5.750052519999999667e-01
5.724321260000000411e-01
5.698533489999999535e-01
5.672689490000000223e-01
5.646789500000000128e-01
5.620833779999999669e-01
5.594822579999999546e-01
5.568756160000000177e-01
5.542634789999999478e-01
5.516458709999999543e-01
5.490228179999999680e-01
5.463943470000000024e-01
5.437604830000000167e-01
5.411212520000000525e-01
5.384766810000000126e-01
5.358267949999999669e-01
5.331716210000000400e-01
5.305111839999999690e-01
5.278455119999999612e-01
5.251746299999999756e-01
5.224985650000000259e-01
5.198173430000000428e-01
5.171309899999999571e-01
5.144395339999999761e-01
5.117429999999999479e-01
5.090414159999999688e-01
5.063348069999999979e-01
5.036232019999999920e-01
5.009066250000000498e-01
4.981851050000000170e-01
4.954586679999999910e-01
4.927273420000000126e-01
4.899911519999999854e-01
4.872501260000000056e-01
4.845042909999999758e-01
4.817536740000000206e-01
4.789983030000000142e-01
4.762382039999999983e-01
4.734734039999999866e-01
4.707039319999999916e-01
4.679298139999999995e-01
4.651510779999999956e-01
4.623677509999999935e-01
4.595798609999999784e-01
4.567874339999999922e-01
4.539905000000000190e-01
4.511890840000000180e-01
4.483832159999999734e-01
4.455729219999999824e-01
4.427582310000000021e-01
4.399391699999999905e-01
4.371157669999999884e-01
4.342880490000000093e-01
4.314560459999999820e-01
4.286197840000000037e-01
4.257792919999999759e-01
4.229345970000000232e-01
4.200857279999999916e-01
4.172327140000000045e-01
4.143755809999999928e-01
4.115143589999999962e-01
4.086490749999999728e-01
4.057797579999999904e-01
4.029064359999999789e-01
4.000291369999999791e-01
3.971478909999999751e-01
3.942627240000000088e-01
3.913736669999999807e-01
3.884807470000000151e-01
3.855839919999999865e-01
3.826834319999999900e-01
3.797790959999999827e-01
3.768710100000000063e-01
3.739592059999999885e-01
3.710437100000000266e-01
3.681245530000000210e-01
3.652017619999999853e-01
3.622753670000000148e-01
3.593453959999999836e-01
3.564118789999999870e-01
3.534748440000000103e-01
3.505343200000000103e-01
3.475903370000000270e-01
3.446429229999999899e-01
3.416921079999999944e-01
3.387379200000000257e-01
3.357803890000000124e-01
3.328195449999999944e-01
3.298554149999999852e-01
3.268880299999999961e-01
3.239174180000000125e-01
3.209436099999999903e-01
3.179666340000000258e-01
3.149865199999999921e-01
3.120032970000000128e-01
3.090169939999999893e-01
3.060276419999999886e-01
3.030352700000000232e-01
3.000399060000000229e-01
2.970415820000000262e-01
2.940403249999999913e-01
2.910361670000000123e-01
2.880291360000000189e-01
2.850192619999999954e-01
2.820065760000000088e-01
2.789911059999999887e-01
2.759728830000000022e-01
2.729519360000000061e-01
2.699282940000000131e-01
2.669019890000000061e-01
2.638730499999999979e-01
2.608415060000000008e-01
2.578073880000000262e-01
2.547707260000000029e-01
2.517315489999999989e-01
2.486898869999999984e-01
2.456457710000000128e-01
2.425992309999999985e-01
2.395502959999999959e-01
2.364989969999999886e-01
2.334453639999999885e-01
2.303894270000000077e-01
2.273312160000000026e-01
2.242707610000000129e-01
2.212080929999999945e-01
2.181432409999999877e-01
2.150762370000000034e-01
2.120071099999999986e-01
2.089358900000000130e-01
2.058626090000000020e-01
2.027872950000000063e-01
1.997099810000000086e-01
1.966306949999999942e-01
1.935494680000000023e-01
1.904663309999999887e-01
1.873813149999999927e-01
1.842944489999999991e-01
1.812057639999999914e-01
1.781152900000000094e-01
1.750230590000000086e-01
1.719291000000000014e-01
1.688334449999999987e-01
1.657361230000000130e-01
1.626371650000000002e-01
1.595366019999999996e-01
1.564344649999999948e-01
1.533307839999999977e-01
1.502255889999999927e-01
1.471189119999999906e-01
1.440107830000000033e-01
1.409012319999999874e-01
1.377902910000000092e-01
1.346779889999999980e-01
1.315643589999999918e-01
1.284494300000000033e-01
1.253332339999999878e-01
1.222157999999999994e-01
1.190971599999999936e-01
1.159773449999999956e-01
1.128563850000000035e-01
1.097343110000000010e-01
1.066111539999999996e-01
1.034869449999999969e-01
1.003617150000000041e-01
9.723549400000000564e-02
9.410831299999999899e-02
9.098020399999999508e-02
8.785119700000000587e-02
8.472132200000000168e-02
8.159061200000000680e-02
7.845909600000000594e-02
7.532680599999999616e-02
7.219377200000000327e-02
6.906002599999999658e-02
6.592559800000000192e-02
6.279052000000000244e-02
5.965482099999999677e-02
5.651853400000000222e-02
5.338169000000000247e-02
5.024431800000000309e-02
4.710645100000000057e-02
4.396811800000000048e-02
4.082935199999999931e-02
3.769018300000000210e-02
3.455064099999999999e-02
3.141075900000000337e-02
2.827056699999999992e-02
2.513009500000000160e-02
2.198937600000000145e-02
1.884844000000000103e-02
1.570731699999999842e-02
1.256604000000000054e-02
9.424638000000000806e-03
6.283144000000000055e-03
3.141586999999999939e-03
1.225150000000000048e-16
-3.141586999999999939e-03
-6.283144000000000055e-03
-9.424638000000000806e-03
-1.256604000000000054e-02
-1.570731699999999842e-02
-1.884844000000000103e-02
-2.198937600000000145e-02
-2.513009500000000160e-02
-2.827056699999999992e-02
-3.141075900000000337e-02
-3.455064099999999999e-02
-3.769018300000000210e-02
-4.082935199999999931e-02
-4.396811800000000048e-02
-4.710645100000000057e-02
-5.024431800000000309e-02
-5.338169000000000247e-02
-5.651853400000000222e-02
-5.965482099999999677e-02
-6.279052000000000244e-02
-6.592559800000000192e-02
-6.906002599999999658e-02
-7.219377200000000327e-02
-7.532680599999999616e-02
-7.845909600000000594e-02
-8.159061200000000680e-02
-8.472132200000000168e-02
-8.785119700000000587e-02
-9.098020399999999508e-02
-9.410831299999999899e-02
-9.723549400000000564e-02
-1.003617150000000041e-01
-1.034869449999999969e-01
-1.066111539999999996e-01
-1.097343110000000010e-01
-1.128563850000000035e-01
-1.159773449999999956e-01
-1.190971599999999936e-01
-1.222157999999999994e-01
-1.253332339999999878e-01
-1.284494300000000033e-01
-1.315643589999999918e-01
-1.346779889999999980e-01
-1.377902910000000092e-01
-1.409012319999999874e-01
-1.440107830000000033e-01
-1.471189119999999906e-01
-1.502255889999999927e-01
-1.533307839999999977e-01
-1.564344649999999948e-01
-1.595366019999999996e-01
-1.626371650000000002e-01
-1.657361230000000130e-01
-1.688334449999999987e-01
-1.719291000000000014e-01
-1.750230590000000086e-01
-1.781152900000000094e-01
-1.812057639999999914e-01
-1.842944489999999991e-01
-1.873813149999999927e-01
-1.904663309999999887e-01
-1.935494680000000023e-01
-1.966306949999999942e-01
-1.997099810000000086e-01
-2.027872950000000063e-01
-2.058626090000000020e-01
-2.089358900000000130e-01
-2.120071099999999986e-01
-2.150762370000000034e-01
-2.181432409999999877e-01
-2.212080929999999945e-01
-2.242707610000000129e-01
-2.273312160000000026e-01
-2.303894270000000077e-01
-2.334453639999999885e-01
-2.364989969999999886e-01
-2.395502959999999959e-01
-2.425992309999999985e-01
-2.456457710000000128e-01
-2.486898869999999984e-01
-2.517315489999999989e-01
-2.547707260000000029e-01
-2.578073880000000262e-01
-2.608415060000000008e-01
-2.638730499999999979e-01
-2.669019890000000061e-01
-2.699282940000000131e-01
-2.729519360000000061e-01
-2.759728830000000022e-01
-2.789911059999999887e-01
-2.820065760000000088e-01
-2.850192619999999954e-01
-2.880291360000000189e-01
-2.910361670000000123e-01
-2.940403249999999913e-01
-2.970415820000000262e-01
-3.000399060000000229e-01
-3.030352700000000232e-01
-3.060276419999999886e-01
-3.090169939999999893e-01
-3.120032970000000128e-01
-3.149865199999999921e-01
-3.179666340000000258e-01
-3.209436099999999903e-01
-3.239174180000000125e-01
-3.268880299999999961e-01
-3.298554149999999852e-01
-3.328195449999999944e-01
-3.357803890000000124e-01
-3.387379200000000257e-01
-3.416921079999999944e-01
-3.446429229999999899e-01
-3.475903370000000270e-01
-3.505343200000000103e-01
-3.534748440000000103e-01
-3.564118789999999870e-01
-3.593453959999999836e-01
-3.622753670000000148e-01
-3.652017619999999853e-01
-3.681245530000000210e-01
-3.710437100000000266e-01
-3.739592059999999885e-01
-3.768710100000000063e-01
-3.797790959999999827e-01
-3.826834319999999900e-01
-3.855839919999999865e-01
-3.884807470000000151e-01
-3.913736669999999807e-01
-3.942627240000000088e-01
-3.971478909999999751e-01
-4.000291369999999791e-01
-4.029064359999999789e-01
-4.057797579999999904e-01
-4.086490749999999728e-01
-4.115143589999999962e-01
-4.143755809999999928e-01
-4.172327140000000045e-01
-4.200857279999999916e-01
-4.229345970000000232e-01
-4.257792919999999759e-01
-4.286197840000000037e-01
-4.314560459999999820e-01
-4.342880490000000093e-01
-4.371157669999999884e-01
-4.399391699999999905e-01
-4.427582310000000021e-01
-4.455729219999999824e-01
-4.483832159999999734e-01
-4.511890840000000180e-01
-4.539905000000000190e-01
-4.567874339999999922e-01
-4.595798609999999784e-01
-4.623677509999999935e-01
-4.651510779999999956e-01
-4.679298139999999995e-01
-4.707039319999999916e-01
-4.734734039999999866e-01
-4.762382039999999983e-01
-4.789983030000000142e-01
-4.817536740000000206e-01
-4.845042909999999758e-01
-4.872501260000000056e-01
-4.899911519999999854e-01
-4.927273420000000126e-01
-4.954586679999999910e-01
-4.981851050000000170e-01
-5.009066250000000498e-01
-5.036232019999999920e-01
-5.063348069999999979e-01
-5.090414159999999688e-01
-5.117429999999999479e-01
-5.144395339999999761e-01
-5.171309899999999571e-01
-5.198173430000000428e-01
-5.224985650000000259e-01
-5.251746299999999756e-01
-5.278455119999999612e-01
-5.305111839999999690e-01
-5.331716210000000400e-01
-5.358267949999999669e-01
-5.384766810000000126e-01
-5.411212520000000525e-01
-5.437604830000000167e-01
-5.463943470000000024e-01
-5.490228179999999680e-01
-5.516458709999999543e-01
-5.542634789999999478e-01
-5.568756160000000177e-01
-5.594822579999999546e-01
-5.620833779999999669e-01
-5.646789500000000128e-01
-5.672689490000000223e-01
-5.698533489999999535e-01
-5.724321260000000411e-01
-5.750052519999999667e-01
-5.775727029999999651e-01
-5.801344539999999661e-01
-5.826904800000000106e-01
-5.852407539999999742e-01
-5.877852519999999803e-01
-5.903239489999999590e-01
-5.928568199999999511e-01
-5.953838399999999975e-01
-5.979049829999999455e-01
-6.004202250000000296e-01
-6.029295420000000405e-01
-6.054329069999999646e-01
-6.079302979999999801e-01
-6.104216879999999623e-01
-6.129070540000000067e-01
-6.153863699999999604e-01
-6.178596130000000297e-01
-6.203267580000000336e-01
-6.227877800000000130e-01
-6.252426559999999522e-01
-6.276913610000000032e-01
-6.301338709999999566e-01
-6.325701620000000469e-01
-6.350002089999999821e-01
-6.374239900000000514e-01
-6.398414789999999908e-01
-6.422526530000000067e-01
-6.446574889999999725e-01
-6.470559620000000400e-01
-6.494480480000000000e-01
-6.518337250000000305e-01
-6.542129690000000330e-01
-6.565857560000000204e-01
-6.589520620000000051e-01
-6.613118650000000542e-01
-6.636651409999999585e-01
-6.660118670000000352e-01
-6.683520200000000466e-01
-6.706855769999999772e-01
-6.730125139999999506e-01
-6.753328079999999511e-01
-6.776464370000000459e-01
-6.799533789999999689e-01
-6.822536089999999831e-01
-6.845471060000000163e-01
-6.868338470000000529e-01
-6.891138079999999944e-01
-6.913869689999999624e-01
-6.936533059999999695e-01
-6.959127969999999719e-01
-6.981654189999999538e-01
-7.004111509999999541e-01
-7.026499699999999571e-01
-7.048818540000000299e-01
-7.071067810000000176e-01
-7.093247299999999589e-01
-7.115356769999999775e-01
-7.137396019999999730e-01
-7.159364830000000124e-01
-7.181262980000000518e-01
-7.203090250000000472e-01
-7.224846430000000375e-01
-7.246531299999999787e-01
-7.268144650000000206e-01
-7.289686269999999801e-01
-7.311155950000000070e-01
-7.332553459999999745e-01
-7.353878609999999760e-01
-7.375131169999999958e-01
-7.396310950000000162e-01
-7.417417729999999931e-01
-7.438451299999999655e-01
-7.459411449999999721e-01
-7.480297989999999952e-01
-7.501110699999999909e-01
-7.521849369999999979e-01
-7.542513809999999985e-01
-7.563103799999999488e-01
-7.583619150000000531e-01
-7.604059659999999887e-01
-7.624425110000000450e-01
-7.644715309999999819e-01
-7.664930070000000040e-01
-7.685069169999999561e-01
-7.705132430000000143e-01
-7.725119639999999954e-01
-7.745030600000000209e-01
-7.764865130000000448e-01
-7.784623019999999949e-01
-7.804304069999999927e-01
-7.823908109999999638e-01
-7.843434919999999755e-01
-7.862884319999999816e-01
-7.882256119999999644e-01
-7.901550120000000454e-01
-7.920766139999999567e-01
-7.939903990000000134e-01
-7.958963470000000040e-01
-7.977944399999999936e-01
-7.996846579999999927e-01
-8.015669850000000096e-01
-8.034413999999999723e-01
-8.053078860000000283e-01
-8.071664229999999662e-01
-8.090169940000000448e-01
-8.108595809999999959e-01
-8.126941640000000522e-01
-8.145207269999999999e-01
-8.163392510000000435e-01
-8.181497170000000541e-01
-8.199521090000000401e-01
-8.217464089999999555e-01
-8.235325980000000046e-01
-8.253106590000000020e-01
-8.270805740000000128e-01
-8.288423270000000453e-01
-8.305958989999999709e-01
-8.323412740000000198e-01
-8.340784340000000352e-01
-8.358073609999999709e-01
-8.375280400000000292e-01
-8.392404530000000529e-01
-8.409445819999999960e-01
-8.426404119999999498e-01
-8.443279259999999509e-01
-8.460071059999999532e-01
-8.476779359999999652e-01
-8.493403999999999954e-01
-8.509944820000000520e-01
-8.526401639999999782e-01
-8.542774319999999477e-01
-8.559062680000000256e-01
-8.575266559999999982e-01
-8.591385809999999568e-01
-8.607420270000000206e-01
-8.623369779999999762e-01
-8.639234169999999713e-01
-8.655013299999999576e-01
-8.670707010000000547e-01
-8.686315140000000490e-01
-8.701837550000000032e-01
-8.717274069999999542e-01
-8.732624549999999930e-01
-8.747888839999999888e-01
-8.763066800000000045e-01
-8.778158270000000485e-01
-8.793163099999999899e-01
-8.808081150000000026e-01
-8.822912259999999840e-01
-8.837656299999999687e-01
-8.852313109999999652e-01
-8.866882560000000080e-01
-8.881364489999999945e-01
-8.895758759999999876e-01
-8.910065240000000220e-01
-8.924283779999999666e-01
-8.938414239999999955e-01
-8.952456479999999495e-01
-8.966410369999999741e-01
-8.980275760000000496e-01
-8.994052519999999884e-01
-9.007740509999999645e-01
-9.021339590000000408e-01
-9.034849640000000015e-01
-9.048270520000000205e-01
-9.061602100000000215e-01
-9.074844250000000390e-01
-9.087996820000000531e-01
-9.101059710000000136e-01
-9.114032770000000117e-01
-9.126915869999999709e-01
-9.139708899999999803e-01
-9.152411729999999634e-01
-9.165024219999999833e-01
-9.177546260000000178e-01
-9.189977719999999906e-01
-9.202318470000000472e-01
-9.214568410000000265e-01
-9.226727399999999912e-01
-9.238795330000000305e-01
-9.250772069999999569e-01
-9.262657509999999705e-01
-9.274451529999999666e-01
-9.286154020000000342e-01
-9.297764859999999576e-01
-9.309283929999999652e-01
-9.320711120000000349e-01
-9.332046330000000056e-01
-9.343289420000000511e-01
-9.354440309999999537e-01
-9.365498869999999698e-01
-9.376464989999999666e-01
-9.387338579999999766e-01
-9.398119510000000343e-01
-9.408807689999999502e-01
-9.419403010000000354e-01
-9.429905360000000458e-01
-9.440314640000000423e-01
-9.450630749999999747e-01
-9.460853590000000146e-01
-9.470983050000000292e-01
-9.481019040000000508e-01
-9.490961449999999466e-01
-9.500810189999999711e-01
-9.510565159999999629e-01
-9.520226269999999547e-01
-9.529793420000000070e-01
-9.539266509999999588e-01
-9.548645449999999535e-01
-9.557930150000000236e-01
-9.567120519999999795e-01
-9.576216459999999930e-01
-9.585217889999999574e-01
-9.594124720000000162e-01
-9.602936859999999797e-01
-9.611654219999999915e-01
-9.620276719999999449e-01
-9.628804269999999832e-01
-9.637236780000000280e-01
-9.645574180000000553e-01
-9.653816389999999581e-01
-9.661963310000000194e-01
-9.670014879999999646e-01
-9.677970999999999657e-01
-9.685831609999999703e-01
-9.693596620000000108e-01
-9.701265959999999522e-01
-9.708839559999999924e-01
-9.716317330000000529e-01
-9.723699199999999987e-01
-9.730985109999999993e-01
-9.738174969999999764e-01
-9.745268729999999602e-01
-9.752266299999999832e-01
-9.759167619999999932e-01
-9.765972619999999660e-01
-9.772681239999999603e-01
-9.779293399999999803e-01
-9.785809039999999737e-01
-9.792228109999999708e-01
-9.798550520000000041e-01
-9.804776229999999648e-01
-9.810905170000000508e-01
-9.816937289999999594e-01
-9.822872510000000279e-01
-9.828710779999999536e-01
-9.834452049999999890e-01
-9.840096259999999706e-01
-9.845643349999999572e-01
-9.851093260000000074e-01
-9.856445950000000122e-01
-9.861701360000000305e-01
-9.866859439999999815e-01
-9.871920140000000066e-01
-9.876883410000000252e-01
-9.881749189999999849e-01
-9.886517449999999707e-01
-9.891188130000000411e-01
-9.895761189999999763e-01
-9.900236580000000286e-01
-9.904614259999999781e-01
-9.908894179999999663e-01
-9.913076309999999669e-01
-9.917160600000000104e-01
-9.921147009999999877e-01
-9.925035509999999839e-01
-9.928826050000000292e-01
-9.932518590000000147e-01
-9.936113109999999971e-01
-9.939609550000000349e-01
-9.943007900000000454e-01
-9.946308120000000308e-01
-9.949510169999999931e-01
-9.952614020000000172e-01
-9.955619650000000487e-01
-9.958527010000000068e-01
-9.961336090000000310e-01
-9.964046859999999839e-01
-9.966659279999999788e-01
-9.969173340000000438e-01
-9.971588999999999592e-01
-9.973906249999999751e-01
-9.976125059999999545e-01
-9.978245409999999538e-01
-9.980267280000000296e-01
-9.982190650000000165e-01
-9.984015499999999710e-01
-9.985741809999999496e-01
-9.987369569999999808e-01
-9.988898750000000382e-01
-9.990329350000000108e-01
-9.991661339999999836e-01
-9.992894730000000392e-01
-9.994029479999999577e-01
-9.995065600000000439e-01
-9.996003079999999930e-01
-9.996841890000000008e-01
-9.997582040000000392e-01
-9.998223520000000253e-01
-9.998766319999999874e-01
-9.999210440000000366e-01
-9.999555869999999791e-01
-9.999802610000000369e-01
-9.999950650000000163e-01
-1.000000000000000000e+00
-9.999950650000000163e-01
-9.999802610000000369e-01
-9.999555869999999791e-01
-9.999210440000000366e-01
-9.998766319999999874e-01
-9.998223520000000253e-01
-9.997582040000000392e-01
-9.996841890000000008e-01
-9.996003079999999930e-01
-9.995065600000000439e-01
-9.994029479999999577e-01
-9.992894730000000392e-01
-9.991661339999999836e-01
-9.990329350000000108e-01
-9.988898750000000382e-01
-9.987369569999999808e-01
-9.985741809999999496e-01
-9.984015499999999710e-01
-9.982190650000000165e-01
-9.980267280000000296e-01
-9.978245409999999538e-01
-9.976125059999999545e-01
-9.973906249999999751e-01
-9.971588999999999592e-01
-9.969173340000000438e-01
-9.966659279999999788e-01
-9.964046859999999839e-01
-9.961336090000000310e-01
-9.958527010000000068e-01
-9.955619650000000487e-01
-9.952614020000000172e-01
-9.949510169999999931e-01
-9.946308120000000308e-01
-9.943007900000000454e-01
-9.939609550000000349e-01
-9.936113109999999971e-01
-9.932518590000000147e-01
-9.928826050000000292e-01
-9.925035509999999839e-01
-9.921147009999999877e-01
-9.917160600000000104e-01
-9.913076309999999669e-01
-9.908894179999999663e-01
-9.904614259999999781e-01
-9.900236580000000286e-01
-9.895761189999999763e-01
-9.891188130000000411e-01
-9.886517449999999707e-01
-9.881749189999999849e-01
-9.876883410000000252e-01
-9.871920140000000066e-01
-9.866859439999999815e-01
-9.861701360000000305e-01
-9.856445950000000122e-01
-9.851093260000000074e-01
-9.845643349999999572e-01
-9.840096259999999706e-01
-9.834452049999999890e-01
-9.828710779999999536e-01
-9.822872510000000279e-01
-9.816937289999999594e-01
-9.810905170000000508e-01
-9.804776229999999648e-01
-9.798550520000000041e-01
-9.792228109999999708e-01
-9.785809039999999737e-01
-9.779293399999999803e-01
-9.772681239999999603e-01
-9.765972619999999660e-01
-9.759167619999999932e-01
-9.752266299999999832e-01
-9.745268729999999602e-01
-9.738174969999999764e-01
-9.730985109999999993e-01
-9.723699199999999987e-01
-9.716317330000000529e-01
-9.708839559999999924e-01
-9.701265959999999522e-01
-9.693596620000000108e-01
-9.685831609999999703e-01
-9.677970999999999657e-01
-9.670014879999999646e-01
-9.661963310000000194e-01
-9.653816389999999581e-01
-9.645574180000000553e-01
-9.637236780000000280e-01
-9.628804269999999832e-01
-9.620276719999999449e-01
-9.611654219999999915e-01
-9.602936859999999797e-01
-9.594124720000000162e-01
-9.585217889999999574e-01
-9.576216459999999930e-01
-9.567120519999999795e-01
-9.557930150000000236e-01
-9.548645449999999535e-01
-9.539266509999999588e-01
-9.529793420000000070e-01
-9.520226269999999547e-01
-9.510565159999999629e-01
-9.500810189999999711e-01
-9.490961449999999466e-01
-9.481019040000000508e-01
-9.470983050000000292e-01
-9.460853590000000146e-01
-9.450630749999999747e-01
-9.440314640000000423e-01
-9.429905360000000458e-01
-9.419403010000000354e-01
-9.408807689999999502e-01
-9.398119510000000343e-01
-9.387338579999999766e-01
-9.376464989999999666e-01
-9.365498869999999698e-01
-9.354440309999999537e-01
-9.343289420000000511e-01
-9.332046330000000056e-01
-9.320711120000000349e-01
-9.309283929999999652e-01
-9.297764859999999576e-01
-9.286154020000000342e-01
-9.274451529999999666e-01
-9.262657509999999705e-01
-9.250772069999999569e-01
-9.238795330000000305e-01
-9.226727399999999912e-01
-9.214568410000000265e-01
-9.202318470000000472e-01
-9.189977719999999906e-01
-9.177546260000000178e-01
-9.165024219999999833e-01
-9.152411729999999634e-01
-9.139708899999999803e-01
-9.126915869999999709e-01
-9.114032770000000117e-01
-9.101059710000000136e-01
-9.087996820000000531e-01
-9.074844250000000390e-01
-9.061602100000000215e-01
-9.048270520000000205e-01
-9.034849640000000015e-01
-9.021339590000000408e-01
-9.007740509999999645e-01
-8.994052519999999884e-01
-8.980275760000000496e-01
-8.966410369999999741e-01
-8.952456479999999495e-01
-8.938414239999999955e-01
-8.924283779999999666e-01
-8.910065240000000220e-01
-8.895758759999999876e-01
-8.881364489999999945e-01
-8.866882560000000080e-01
-8.852313109999999652e-01
-8.837656299999999687e-01
-8.822912259999999840e-01
-8.808081150000000026e-01
-8.793163099999999899e-01
-8.778158270000000485e-01
-8.763066800000000045e-01
-8.747888839999999888e-01
-8.732624549999999930e-01
-8.717274069999999542e-01
-8.701837550000000032e-01
-8.686315140000000490e-01
-8.670707010000000547e-01
-8.655013299999999576e-01
-8.639234169999999713e-01
-8.623369779999999762e-01
-8.607420270000000206e-01
-8.591385809999999568e-01
-8.575266559999999982e-01
-8.559062680000000256e-01
-8.542774319999999477e-01
-8.526401639999999782e-01
-8.509944820000000520e-01
-8.493403999999999954e-01
-8.476779359999999652e-01
-8.460071059999999532e-01
-8.443279259999999509e-01
-8.426404119999999498e-01
-8.409445819999999960e-01
-8.392404530000000529e-01
-8.375280400000000292e-01
-8.358073609999999709e-01
-8.340784340000000352e-01
-8.323412740000000198e-01
-8.305958989999999709e-01
-8.288423270000000453e-01
-8.270805740000000128e-01
-8.253106590000000020e-01
-8.235325980000000046e-01
-8.217464089999999555e-01
-8.199521090000000401e-01
-8.181497170000000541e-01
-8.163392510000000435e-01
-8.145207269999999999e-01
-8.126941640000000522e-01
-8.108595809999999959e-01
-8.090169940000000448e-01
-8.071664229999999662e-01
-8.053078860000000283e-01
-8.034413999999999723e-01
-8.015669850000000096e-01
-7.996846579999999927e-01
-7.977944399999999936e-01
-7.958963470000000040e-01
-7.939903990000000134e-01
-7.920766139999999567e-01
-7.901550120000000454e-01
-7.882256119999999644e-01
-7.862884319999999816e-01
-7.843434919999999755e-01
-7.823908109999999638e-01
-7.804304069999999927e-01
-7.784623019999999949e-01
-7.764865130000000448e-01
-7.745030600000000209e-01
-7.725119639999999954e-01
-7.705132430000000143e-01
-7.685069169999999561e-01
-7.664930070000000040e-01
-7.644715309999999819e-01
-7.624425110000000450e-01
-7.604059659999999887e-01
-7.583619150000000531e-01
-7.563103799999999488e-01
-7.542513809999999985e-01
-7.521849369999999979e-01
-7.501110699999999909e-01
-7.480297989999999952e-01
-7.459411449999999721e-01
-7.438451299999999655e-01
-7.417417729999999931e-01
-7.396310950000000162e-01
-7.375131169999999958e-01
-7.353878609999999760e-01
-7.332553459999999745e-01
-7.311155950000000070e-01
-7.289686269999999801e-01
-7.268144650000000206e-01
-7.246531299999999787e-01
-7.224846430000000375e-01
-7.203090250000000472e-01
-7.181262980000000518e-01
-7.159364830000000124e-01
-7.137396019999999730e-01
-7.115356769999999775e-01
-7.093247299999999589e-01
-7.071067810000000176e-01
-7.048818540000000299e-01
-7.026499699999999571e-01
-7.004111509999999541e-01
-6.981654189999999538e-01
-6.959127969999999719e-01
-6.936533059999999695e-01
-6.913869689999999624e-01
-6.891138079999999944e-01
-6.868338470000000529e-01
-6.845471060000000163e-01
-6.822536089999999831e-01
-6.799533789999999689e-01
-6.776464370000000459e-01
-6.753328079999999511e-01
-6.730125139999999506e-01
-6.706855769999999772e-01
-6.683520200000000466e-01
-6.660118670000000352e-01
-6.636651409999999585e-01
-6.613118650000000542e-01
-6.589520620000000051e-01
-6.565857560000000204e-01
-6.542129690000000330e-01
-6.518337250000000305e-01
-6.494480480000000000e-01
-6.470559620000000400e-01
-6.446574889999999725e-01
-6.422526530000000067e-01
-6.398414789999999908e-01
-6.374239900000000514e-01
-6.350002089999999821e-01
-6.325701620000000469e-01
-6.301338709999999566e-01
-6.276913610000000032e-01
-6.252426559999999522e-01
-6.227877800000000130e-01
-6.203267580000000336e-01
-6.178596130000000297e-01
-6.153863699999999604e-01
-6.129070540000000067e-01
-6.104216879999999623e-01
-6.079302979999999801e-01
-6.054329069999999646e-01
-6.029295420000000405e-01
-6.004202250000000296e-01
-5.979049829999999455e-01
-5.953838399999999975e-01
-5.928568199999999511e-01
-5.903239489999999590e-01
-5.877852519999999803e-01
-5.852407539999999742e-01
-5.826904800000000106e-01
-5.801344539999999661e-01
-5.775727029999999651e-01
-5.750052519999999667e-01
-5.724321260000000411e-01
-5.698533489999999535e-01
-5.672689490000000223e-01
-5.646789500000000128e-01
-5.620833779999999669e-01
-5.594822579999999546e-01
-5.568756160000000177e-01
-5.542634789999999478e-01
-5.516458709999999543e-01
-5.490228179999999680e-01
-5.463943470000000024e-01
-5.437604830000000167e-01
-5.411212520000000525e-01
-5.384766810000000126e-01
-5.358267949999999669e-01
-5.331716210000000400e-01
-5.305111839999999690e-01
-5.278455119999999612e-01
-5.251746299999999756e-01
-5.224985650000000259e-01
-5.198173430000000428e-01
-5.171309899999999571e-01
-5.144395339999999761e-01
-5.117429999999999479e-01
-5.090414159999999688e-01
-5.063348069999999979e-01
-5.036232019999999920e-01
-5.009066250000000498e-01
-4.981851050000000170e-01
-4.954586679999999910e-01
-4.927273420000000126e-01
-4.899911519999999854e-01
-4.872501260000000056e-01
-4.845042909999999758e-01
-4.817536740000000206e-01
-4.789983030000000142e-01
-4.762382039999999983e-01
-4.734734039999999866e-01
-4.707039319999999916e-01
-4.679298139999999995e-01
-4.651510779999999956e-01
-4.623677509999999935e-01
-4.595798609999999784e-01
-4.567874339999999922e-01
-4.539905000000000190e-01
-4.511890840000000180e-01
-4.483832159999999734e-01
-4.455729219999999824e-01
-4.427582310000000021e-01
-4.399391699999999905e-01
-4.371157669999999884e-01
-4.342880490000000093e-01
-4.314560459999999820e-01
-4.286197840000000037e-01
-4.257792919999999759e-01
-4.229345970000000232e-01
-4.200857279999999916e-01
-4.172327140000000045e-01
-4.143755809999999928e-01
-4.115143589999999962e-01
-4.086490749999999728e-01
-4.057797579999999904e-01
-4.029064359999999789e-01
-4.000291369999999791e-01
-3.971478909999999751e-01
-3.942627240000000088e-01
-3.913736669999999807e-01
-3.884807470000000151e-01
-3.855839919999999865e-01
-3.826834319999999900e-01
-3.797790959999999827e-01
-3.768710100000000063e-01
-3.739592059999999885e-01
-3.710437100000000266e-01
-3.681245530000000210e-01
-3.652017619999999853e-01
-3.622753670000000148e-01
-3.593453959999999836e-01
-3.564118789999999870e-01
-3.534748440000000103e-01
-3.505343200000000103e-01
-3.475903370000000270e-01
-3.446429229999999899e-01
-3.416921079999999944e-01
-3.387379200000000257e-01
-3.357803890000000124e-01
-3.328195449999999944e-01
-3.298554149999999852e-01
-3.268880299999999961e-01
-3.239174180000000125e-01
-3.209436099999999903e-01
-3.179666340000000258e-01
-3.149865199999999921e-01
-3.120032970000000128e-01
-3.090169939999999893e-01
-3.060276419999999886e-01
-3.030352700000000232e-01
-3.000399060000000229e-01
-2.970415820000000262e-01
-2.940403249999999913e-01
-2.910361670000000123e-01
-2.880291360000000189e-01
-2.850192619999999954e-01
-2.820065760000000088e-01
-2.789911059999999887e-01
-2.759728830000000022e-01
-2.729519360000000061e-01
-2.699282940000000131e-01
-2.669019890000000061e-01
-2.638730499999999979e-01
-2.608415060000000008e-01
-2.578073880000000262e-01
-2.547707260000000029e-01
-2.517315489999999989e-01
-2.486898869999999984e-01
-2.456457710000000128e-01
-2.425992309999999985e-01
-2.395502959999999959e-01
-2.364989969999999886e-01
-2.334453639999999885e-01
-2.303894270000000077e-01
-2.273312160000000026e-01
-2.242707610000000129e-01
-2.212080929999999945e-01
-2.181432409999999877e-01
-2.150762370000000034e-01
-2.120071099999999986e-01
-2.089358900000000130e-01
-2.058626090000000020e-01
-2.027872950000000063e-01
-1.997099810000000086e-01
-1.966306949999999942e-01
-1.935494680000000023e-01
-1.904663309999999887e-01
-1.873813149999999927e-01
-1.842944489999999991e-01
-1.812057639999999914e-01
-1.781152900000000094e-01
-1.750230590000000086e-01
-1.719291000000000014e-01
-1.688334449999999987e-01
-1.657361230000000130e-01
-1.626371650000000002e-01
-1.595366019999999996e-01
-1.564344649999999948e-01
-1.533307839999999977e-01
-1.502255889999999927e-01
-1.471189119999999906e-01
-1.440107830000000033e-01
-1.409012319999999874e-01
-1.377902910000000092e-01
-1.346779889999999980e-01
-1.315643589999999918e-01
-1.284494300000000033e-01
-1.253332339999999878e-01
-1.222157999999999994e-01
-1.190971599999999936e-01
-1.159773449999999956e-01
-1.128563850000000035e-01
-1.097343110000000010e-01
-1.066111539999999996e-01
-1.034869449999999969e-01
-1.003617150000000041e-01
-9.723549400000000564e-02
-9.410831299999999899e-02
-9.098020399999999508e-02
-8.785119700000000587e-02
-8.472132200000000168e-02
-8.159061200000000680e-02
-7.845909600000000594e-02
-7.532680599999999616e-02
-7.219377200000000327e-02
-6.906002599999999658e-02
-6.592559800000000192e-02
-6.279052000000000244e-02
-5.965482099999999677e-02
-5.651853400000000222e-02
-5.338169000000000247e-02
-5.024431800000000309e-02
-4.710645100000000057e-02
-4.396811800000000048e-02
-4.082935199999999931e-02
-3.769018300000000210e-02
-3.455064099999999999e-02
-3.141075900000000337e-02
-2.827056699999999992e-02
-2.513009500000000160e-02
-2.198937600000000145e-02
-1.884844000000000103e-02
-1.570731699999999842e-02
-1.256604000000000054e-02
-9.424638000000000806e-03
-6.283144000000000055e-03
-3.141586999999999939e-03
-2.450300000000000097e-16
